Log file open, 04/09/19 23:32:52
LogWindows: Failed to load 'aqProf.dll' (GetLastError=126)
LogWindows: File 'aqProf.dll' does not exist
LogWindows: Failed to load 'VSPerf140.dll' (GetLastError=126)
LogWindows: File 'VSPerf140.dll' does not exist
LogWindows: Failed to load 'VtuneApi.dll' (GetLastError=126)
LogWindows: File 'VtuneApi.dll' does not exist
LogWindows: Failed to load 'VtuneApi32e.dll' (GetLastError=126)
LogWindows: File 'VtuneApi32e.dll' does not exist
LogInit: Display: Running engine for game: In_The_Maze
LogPlatformFile: Not using cached read wrapper
LogTaskGraph: Started task graph with 5 named threads and 23 total threads with 3 sets of task threads.
LogStats: Stats thread started at 0.291439
LogD3D11RHI: Loaded GFSDK_Aftermath_Lib.x64.dll
LogICUInternationalization: Display: ICU TimeZone Detection - Raw Offset: -5:00, Platform Override: ''
LogPluginManager: Mounting plugin Paper2D
LogPluginManager: Mounting plugin AISupport
LogPluginManager: Mounting plugin LightPropagationVolume
LogPluginManager: Mounting plugin CLionSourceCodeAccess
LogPluginManager: Mounting plugin CodeLiteSourceCodeAccess
LogPluginManager: Mounting plugin GitSourceControl
LogPluginManager: Mounting plugin KDevelopSourceCodeAccess
LogPluginManager: Mounting plugin NullSourceCodeAccess
LogPluginManager: Mounting plugin PerforceSourceControl
LogPluginManager: Mounting plugin SubversionSourceControl
LogPluginManager: Mounting plugin UObjectPlugin
LogPluginManager: Mounting plugin VisualStudioCodeSourceCodeAccess
LogPluginManager: Mounting plugin VisualStudioSourceCodeAccess
LogPluginManager: Mounting plugin XCodeSourceCodeAccess
LogPluginManager: Mounting plugin AssetManagerEditor
LogPluginManager: Mounting plugin CryptoKeys
LogPluginManager: Mounting plugin DataValidation
LogPluginManager: Mounting plugin FacialAnimation
LogPluginManager: Mounting plugin GameplayTagsEditor
LogPluginManager: Mounting plugin MacGraphicsSwitching
LogPluginManager: Mounting plugin MeshEditor
LogPluginManager: Mounting plugin MobileLauncherProfileWizard
LogPluginManager: Mounting plugin PluginBrowser
LogPluginManager: Mounting plugin SpeedTreeImporter
LogPluginManager: Mounting plugin DatasmithContent
LogPluginManager: Mounting plugin AlembicImporter
LogPluginManager: Mounting plugin AppleImageUtils
LogPluginManager: Mounting plugin AppleVision
LogPluginManager: Mounting plugin BackChannel
LogPluginManager: Mounting plugin CharacterAI
LogPluginManager: Mounting plugin GeometryCache
LogPluginManager: Mounting plugin HTML5Networking
LogPluginManager: Mounting plugin ProxyLODPlugin
LogPluginManager: Mounting plugin MagicLeap
LogPluginManager: Mounting plugin MagicLeapEmulator
LogPluginManager: Mounting plugin MagicLeapMedia
LogPluginManager: Mounting plugin AndroidMedia
LogPluginManager: Mounting plugin AvfMedia
LogPluginManager: Mounting plugin ImgMedia
LogPluginManager: Mounting plugin LinearTimecode
LogPluginManager: Mounting plugin MediaCompositing
LogPluginManager: Mounting plugin MediaPlayerEditor
LogPluginManager: Mounting plugin WmfMedia
LogPluginManager: Mounting plugin TcpMessaging
LogPluginManager: Mounting plugin UdpMessaging
LogPluginManager: Mounting plugin ActorSequence
LogPluginManager: Mounting plugin LevelSequenceEditor
LogPluginManager: Mounting plugin MatineeToLevelSequence
LogPluginManager: Mounting plugin NetcodeUnitTest
LogPluginManager: Mounting plugin NUTUnrealEngine4
LogPluginManager: Mounting plugin OnlineSubsystemGooglePlay
LogPluginManager: Mounting plugin OnlineSubsystemIOS
LogPluginManager: Mounting plugin OnlineSubsystem
LogPluginManager: Mounting plugin OnlineSubsystemNull
LogPluginManager: Mounting plugin OnlineSubsystemUtils
LogPluginManager: Mounting plugin LauncherChunkInstaller
LogPluginManager: Mounting plugin AndroidDeviceProfileSelector
LogPluginManager: Mounting plugin AndroidMoviePlayer
LogPluginManager: Mounting plugin AndroidPermission
LogPluginManager: Mounting plugin AppleMoviePlayer
LogPluginManager: Mounting plugin ArchVisCharacter
LogPluginManager: Mounting plugin AudioCapture
LogPluginManager: Mounting plugin CableComponent
LogPluginManager: Mounting plugin CustomMeshComponent
LogPluginManager: Mounting plugin EditableMesh
LogPluginManager: Mounting plugin ExampleDeviceProfileSelector
LogPluginManager: Mounting plugin GoogleCloudMessaging
LogPluginManager: Mounting plugin ImmediatePhysics
LogPluginManager: Mounting plugin IOSDeviceProfileSelector
LogPluginManager: Mounting plugin LinuxDeviceProfileSelector
LogPluginManager: Mounting plugin LocationServicesBPLibrary
LogPluginManager: Mounting plugin MobilePatchingUtils
LogPluginManager: Mounting plugin OculusVR
LogPluginManager: Plugin shader directory ../../../Engine/Plugins/Runtime/Oculus/OculusVR/Shaders found
LogPluginManager: Mapping shader source directory ../../../Engine/Plugins/Runtime/Oculus/OculusVR/Shaders to virtual directory /Plugin/OculusVR
LogPluginManager: Mounting plugin PhysXVehicles
LogPluginManager: Mounting plugin ProceduralMeshComponent
LogPluginManager: Mounting plugin RuntimePhysXCooking
LogPluginManager: Mounting plugin SteamVR
LogPluginManager: Mounting plugin WindowsMoviePlayer
LogStreaming: Display: Took  0.164s to configure plugins.
LogInit: Using libcurl 7.55.1-DEV
LogInit:  - built for x86_64-pc-win32
LogInit:  - supports SSL with OpenSSL/1.0.2h
LogInit:  - supports HTTP deflate (compression) using libz 1.2.8
LogInit:  - other features:
LogInit:      CURL_VERSION_SSL
LogInit:      CURL_VERSION_LIBZ
LogInit:      CURL_VERSION_IPV6
LogInit:      CURL_VERSION_ASYNCHDNS
LogInit:      CURL_VERSION_LARGEFILE
LogInit:      CURL_VERSION_IDN
LogInit:  CurlRequestOptions (configurable via config and command line):
LogInit:  - bVerifyPeer = false  - Libcurl will NOT verify peer certificate
LogInit:  - bUseHttpProxy = false  - Libcurl will NOT use HTTP proxy
LogInit:  - bDontReuseConnections = false  - Libcurl will reuse connections
LogInit:  - CertBundlePath = nullptr  - Libcurl will use whatever was configured at build time.
LogInit:  - MaxHostConnections = 16  - Libcurl will limit the number of connections to a host
LogInit:  - LocalHostAddr = Default
LogInit:  - BufferSize = 65536
LogInit: WinSock: version 1.1 (2.2), MaxSocks=32767, MaxUdp=65467
LogInit: Build: ++UE4+Release-4.20-CL-4233996
LogInit: Engine Version: 4.20.1-4233996+++UE4+Release-4.20
LogInit: Compatible Engine Version: 4.20.0-4212847+++UE4+Release-4.20
LogInit: Net CL: 4212847
LogInit: OS: Windows 10 (), CPU: Intel(R) Core(TM) i7-4790 CPU @ 3.60GHz, GPU: NVIDIA GeForce GTX 745
LogInit: Compiled (64-bit): Jul 26 2018 10:07:30
LogInit: Compiled with Visual C++: 19.13.26129.00
LogInit: Build Configuration: Development
LogInit: Branch Name: ++UE4+Release-4.20
LogInit: Command Line:  
LogInit: Base Directory: C:/Program Files/Epic Games/UE_4.20/Engine/Binaries/Win64/
LogInit: Installed Engine Build: 1
LogDevObjectVersion: Number of dev versions registered: 20
LogDevObjectVersion:   Dev-Blueprints (B0D832E4-1F89-4F0D-ACCF-7EB736FD4AA2): 10
LogDevObjectVersion:   Dev-Build (E1C64328-A22C-4D53-A36C-8E866417BD8C): 0
LogDevObjectVersion:   Dev-Core (375EC13C-06E4-48FB-B500-84F0262A717E): 2
LogDevObjectVersion:   Dev-Editor (E4B068ED-F494-42E9-A231-DA0B2E46BB41): 24
LogDevObjectVersion:   Dev-Framework (CFFC743F-43B0-4480-9391-14DF171D2073): 34
LogDevObjectVersion:   Dev-Mobile (B02B49B5-BB20-44E9-A304-32B752E40360): 2
LogDevObjectVersion:   Dev-Networking (A4E4105C-59A1-49B5-A7C5-40C4547EDFEE): 0
LogDevObjectVersion:   Dev-Online (39C831C9-5AE6-47DC-9A44-9C173E1C8E7C): 0
LogDevObjectVersion:   Dev-Physics (78F01B33-EBEA-4F98-B9B4-84EACCB95AA2): 0
LogDevObjectVersion:   Dev-Platform (6631380F-2D4D-43E0-8009-CF276956A95A): 0
LogDevObjectVersion:   Dev-Rendering (12F88B9F-8875-4AFC-A67C-D90C383ABD29): 26
LogDevObjectVersion:   Dev-Sequencer (7B5AE74C-D270-4C10-A958-57980B212A5A): 9
LogDevObjectVersion:   Dev-VR (D7296918-1DD6-4BDD-9DE2-64A83CC13884): 2
LogDevObjectVersion:   Dev-LoadTimes (C2A15278-BFE7-4AFE-6C17-90FF531DF755): 1
LogDevObjectVersion:   Private-Geometry (6EACA3D4-40EC-4CC1-B786-8BED09428FC5): 3
LogDevObjectVersion:   Dev-AnimPhys (29E575DD-E0A3-4627-9D10-D276232CDCEA): 17
LogDevObjectVersion:   Dev-ReflectionCapture (6B266CEC-1EC7-4B8F-A30B-E4D90942FC07): 1
LogDevObjectVersion:   Dev-Automation (0DF73D61-A23F-47EA-B727-89E90C41499A): 1
LogDevObjectVersion:   FortniteMain (601D1886-AC64-4F84-AA16-D3DE0DEAC7D6): 12
LogDevObjectVersion:   Dev-Enterprise (9DFFBCD6-494F-0158-E221-12823C92A888): 1
LogStreaming: Display: Took  0.003s to delete old logs.
LogInit: Presizing for max 8388607 objects, including 0 objects not considered by GC, pre-allocating 0 bytes for permanent pool.
LogInit: Object subsystem initialized
[2019.04.10-03.32.53:321][  0]LogInit: Selected Device Profile: [Windows]
[2019.04.10-03.32.53:321][  0]LogInit: Applying CVar settings loaded from the selected device profile: [Windows]
[2019.04.10-03.32.53:330][  0]LogHAL: Display: Platform has ~ 32 GB [34299015168 / 34359738368 / 32], which maps to Largest [LargestMinGB=32, LargerMinGB=12, DefaultMinGB=8, SmallerMinGB=6, SmallestMinGB=0)
[2019.04.10-03.32.53:330][  0]LogInit: Setting Device Profile CVar: [[r.Vulkan.UseRealUBs:1]]
[2019.04.10-03.32.53:330][  0]LogInit: Going up to parent DeviceProfile []
[2019.04.10-03.32.53:331][  0]LogInit: Computer: COSWAEC1104-13
[2019.04.10-03.32.53:331][  0]LogInit: User: petin
[2019.04.10-03.32.53:331][  0]LogInit: CPU Page size=4096, Cores=4
[2019.04.10-03.32.53:331][  0]LogInit: High frequency timer resolution =3.507517 MHz
[2019.04.10-03.32.53:331][  0]LogMemory: Memory total: Physical=31.9GB (32GB approx)
[2019.04.10-03.32.53:331][  0]LogMemory: Platform Memory Stats for Windows
[2019.04.10-03.32.53:331][  0]LogMemory: Process Physical Memory: 100.82 MB used, 100.82 MB peak
[2019.04.10-03.32.53:331][  0]LogMemory: Process Virtual Memory: 91.34 MB used, 91.34 MB peak
[2019.04.10-03.32.53:331][  0]LogMemory: Physical Memory: 7023.20 MB used,  25686.89 MB free, 32710.09 MB total
[2019.04.10-03.32.53:331][  0]LogMemory: Virtual Memory: 4640.97 MB used,  25686.89 MB free, 134217728.00 MB total
[2019.04.10-03.32.53:345][  0]LogInit: Using OS detected language (en-US).
[2019.04.10-03.32.53:345][  0]LogInit: Using OS detected locale (en-US).
[2019.04.10-03.32.53:346][  0]LogTextLocalizationManager: No specific localization for 'en-US' exists, so the 'en' localization will be used.
[2019.04.10-03.32.53:681][  0]LogStreaming: Display: Took  0.336s to InitEngineTextLocalization.
[2019.04.10-03.32.53:681][  0]LogInit: Setting process to per monitor DPI aware
[2019.04.10-03.32.53:716][  0]LogSlate: New Slate User Created.  User Index 0, Is Virtual User: 0
[2019.04.10-03.32.53:716][  0]LogSlate: Slate User Registered.  User Index 0, Is Virtual User: 0
[2019.04.10-03.32.53:905][  0]LogHMD: Failed to initialize OpenVR with code 110
[2019.04.10-03.32.53:905][  0]LogD3D11RHI: D3D11 adapters:
[2019.04.10-03.32.53:945][  0]LogD3D11RHI:    0. 'NVIDIA GeForce GTX 745' (Feature Level 11_0)
[2019.04.10-03.32.53:945][  0]LogD3D11RHI:       4063/0/16355 MB DedicatedVideo/DedicatedSystem/SharedSystem, Outputs:1, VendorId:0x10de
[2019.04.10-03.32.53:947][  0]LogD3D11RHI:    1. 'Microsoft Basic Render Driver' (Feature Level 11_0)
[2019.04.10-03.32.53:947][  0]LogD3D11RHI:       0/0/16355 MB DedicatedVideo/DedicatedSystem/SharedSystem, Outputs:0, VendorId:0x1414
[2019.04.10-03.32.53:947][  0]LogD3D11RHI: Chosen D3D11 Adapter: 0
[2019.04.10-03.32.53:952][  0]LogD3D11RHI: Creating new Direct3DDevice
[2019.04.10-03.32.53:952][  0]LogD3D11RHI:     GPU DeviceId: 0x1382 (for the marketing name, search the web for "GPU Device Id")
[2019.04.10-03.32.53:952][  0]LogWindows: EnumDisplayDevices:
[2019.04.10-03.32.53:952][  0]LogWindows:    0. 'NVIDIA GeForce GTX 745' (P:1 D:1)
[2019.04.10-03.32.53:952][  0]LogWindows:    1. 'NVIDIA GeForce GTX 745' (P:0 D:0)
[2019.04.10-03.32.53:952][  0]LogWindows:    2. 'NVIDIA GeForce GTX 745' (P:0 D:0)
[2019.04.10-03.32.53:953][  0]LogWindows: DebugString: FoundDriverCount:3 
[2019.04.10-03.32.53:953][  0]LogD3D11RHI:     Adapter Name: NVIDIA GeForce GTX 745
[2019.04.10-03.32.53:953][  0]LogD3D11RHI:   Driver Version: 388.13 (internal:23.21.13.8813, unified:388.13)
[2019.04.10-03.32.53:953][  0]LogD3D11RHI:      Driver Date: 10-27-2017
[2019.04.10-03.32.53:953][  0]LogRHI: Texture pool is 2844 MB (70% of 4063 MB)
[2019.04.10-03.32.53:977][  0]LogD3D11RHI: Async texture creation enabled
[2019.04.10-03.32.53:988][  0]LogD3D11RHI: GPU Timing Frequency: 1000.000000 (Debug: 2 1)
[2019.04.10-03.32.53:989][  0]LogShaderCompilers: Guid format shader working directory is -25 characters bigger than the processId version (../../../../../../Users/petin/Documents/GitHub/In-The-Maze/In_The_Maze/Intermediate/Shaders/WorkingDirectory/11464/).
[2019.04.10-03.32.53:990][  0]LogShaderCompilers: Cleaned the shader compiler working directory 'C:/Users/petin/AppData/Local/Temp/UnrealShaderWorkingDir/A59381F94D5F3946518DD59946127794/'.
[2019.04.10-03.32.54:252][  0]LogTemp: Display: Loaded TP AllDesktopTargetPlatform
[2019.04.10-03.32.54:265][  0]LogTemp: Display: Loaded TP MacClientTargetPlatform
[2019.04.10-03.32.54:279][  0]LogTemp: Display: Loaded TP MacNoEditorTargetPlatform
[2019.04.10-03.32.54:292][  0]LogTemp: Display: Loaded TP MacServerTargetPlatform
[2019.04.10-03.32.54:305][  0]LogTemp: Display: Loaded TP MacTargetPlatform
[2019.04.10-03.32.54:319][  0]LogTemp: Display: Loaded TP WindowsClientTargetPlatform
[2019.04.10-03.32.54:331][  0]LogTemp: Display: Loaded TP WindowsNoEditorTargetPlatform
[2019.04.10-03.32.54:345][  0]LogTemp: Display: Loaded TP WindowsServerTargetPlatform
[2019.04.10-03.32.54:352][  0]LogTemp: Display: Loaded TP WindowsTargetPlatform
[2019.04.10-03.32.54:421][  0]LogTemp: Display: Loaded TP AndroidTargetPlatform
[2019.04.10-03.32.54:421][  0]LogTemp: Display: Loaded TP AndroidTargetPlatform
[2019.04.10-03.32.54:421][  0]LogTemp: Display: Loaded TP AndroidTargetPlatform
[2019.04.10-03.32.54:421][  0]LogTemp: Display: Loaded TP AndroidTargetPlatform
[2019.04.10-03.32.54:421][  0]LogTemp: Display: Loaded TP AndroidTargetPlatform
[2019.04.10-03.32.54:421][  0]LogTemp: Display: Loaded TP AndroidTargetPlatform
[2019.04.10-03.32.54:421][  0]LogTemp: Display: Loaded TP AndroidTargetPlatform
[2019.04.10-03.32.54:421][  0]LogTemp: Display: Loaded TP AndroidTargetPlatform
[2019.04.10-03.32.54:422][  0]LogTemp: Display: Loaded TP AndroidTargetPlatform
[2019.04.10-03.32.54:422][  0]LogTemp: Display: Loaded TP AndroidTargetPlatform
[2019.04.10-03.32.54:422][  0]LogTemp: Display: Loaded TP AndroidTargetPlatform
[2019.04.10-03.32.54:422][  0]LogTemp: Display: Loaded TP AndroidTargetPlatform
[2019.04.10-03.32.54:422][  0]LogTemp: Display: Loaded TP AndroidTargetPlatform
[2019.04.10-03.32.54:422][  0]LogTemp: Display: Loaded TP AndroidTargetPlatform
[2019.04.10-03.32.54:422][  0]LogTemp: Display: Loaded TP AndroidTargetPlatform
[2019.04.10-03.32.54:422][  0]LogTemp: Display: Loaded TP AndroidTargetPlatform
[2019.04.10-03.32.54:422][  0]LogTemp: Display: Loaded TP AndroidTargetPlatform
[2019.04.10-03.32.54:422][  0]LogTemp: Display: Loaded TP AndroidTargetPlatform
[2019.04.10-03.32.54:423][  0]LogTemp: Display: Loaded TP HTML5TargetPlatform
[2019.04.10-03.32.54:489][  0]LogTemp: Display: Loaded TP IOSTargetPlatform
[2019.04.10-03.32.54:489][  0]LogTemp: Display: Loaded TP IOSTargetPlatform
[2019.04.10-03.32.54:530][  0]LogTemp: Display: Loaded TP TVOSTargetPlatform
[2019.04.10-03.32.54:530][  0]LogTemp: Display: Loaded TP TVOSTargetPlatform
[2019.04.10-03.32.54:542][  0]LogTemp: Display: Loaded TP LinuxClientTargetPlatform
[2019.04.10-03.32.54:553][  0]LogTemp: Display: Loaded TP LinuxNoEditorTargetPlatform
[2019.04.10-03.32.54:564][  0]LogTemp: Display: Loaded TP LinuxServerTargetPlatform
[2019.04.10-03.32.54:576][  0]LogTemp: Display: Loaded TP LinuxTargetPlatform
[2019.04.10-03.32.54:584][  0]LogTemp: Display: Loaded TP LuminTargetPlatform
[2019.04.10-03.32.54:584][  0]LogTargetPlatformManager: Display: Building Assets For Windows
[2019.04.10-03.32.54:645][  0]LogXGEController: Cannot use XGE Controller as Incredibuild is not installed on this machine.
[2019.04.10-03.32.54:645][  0]LogShaderCompilers: Cannot use XGE Shader Compiler as Incredibuild is not installed on this machine.
[2019.04.10-03.32.54:645][  0]LogShaderCompilers: Display: Using Local Shader Compiler.
[2019.04.10-03.32.55:329][  0]LogDerivedDataCache: Display: Max Cache Size: 512 MB
[2019.04.10-03.32.55:377][  0]LogDerivedDataCache: Loaded boot cache 0.05s 71MB C:/Users/petin/AppData/Local/UnrealEngine/4.20/DerivedDataCache/Boot.ddc.
[2019.04.10-03.32.55:377][  0]LogDerivedDataCache: Display: Loaded Boot cache: C:/Users/petin/AppData/Local/UnrealEngine/4.20/DerivedDataCache/Boot.ddc
[2019.04.10-03.32.55:377][  0]LogDerivedDataCache: FDerivedDataBackendGraph:  Pak pak cache file ../../../../../../Users/petin/Documents/GitHub/In-The-Maze/In_The_Maze/DerivedDataCache/DDC.ddp not found, will not use a pak cache.
[2019.04.10-03.32.55:377][  0]LogDerivedDataCache: Unable to find inner node Pak for hierarchical cache Hierarchy.
[2019.04.10-03.32.55:377][  0]LogDerivedDataCache: FDerivedDataBackendGraph:  CompressedPak pak cache file ../../../../../../Users/petin/Documents/GitHub/In-The-Maze/In_The_Maze/DerivedDataCache/Compressed.ddp not found, will not use a pak cache.
[2019.04.10-03.32.55:377][  0]LogDerivedDataCache: Unable to find inner node CompressedPak for hierarchical cache Hierarchy.
[2019.04.10-03.32.55:391][  0]LogDerivedDataCache: Display: Pak cache opened for reading ../../../Engine/DerivedDataCache/Compressed.ddp.
[2019.04.10-03.32.55:406][  0]LogDerivedDataCache: Using Local data cache path C:/Users/petin/AppData/Local/UnrealEngine/Common/DerivedDataCache: Writable
[2019.04.10-03.32.55:406][  0]LogDerivedDataCache: Shared data cache path not found in *engine.ini, will not use an Shared cache.
[2019.04.10-03.32.55:406][  0]LogDerivedDataCache: Unable to find inner node Shared for hierarchical cache Hierarchy.
[2019.04.10-03.32.55:424][  0]LogMaterial: Verifying Global Shaders for PCD3D_SM5
[2019.04.10-03.32.55:425][  0]LogSlate: Using FreeType 2.6.0
[2019.04.10-03.32.55:425][  0]LogSlate: SlateFontServices - WITH_FREETYPE: 1, WITH_HARFBUZZ: 1
[2019.04.10-03.32.55:499][  0]LogAssetRegistry: FAssetRegistry took 0.0262 seconds to start up
[2019.04.10-03.32.55:795][  0]LogInit: Selected Device Profile: [Windows]
[2019.04.10-03.32.55:916][  0]LogSimplygon: Simplygon DLL not present - disabling.
[2019.04.10-03.32.55:919][  0]LogMeshReduction: Using SimplygonSwarm for distributed automatic mesh merging
[2019.04.10-03.32.55:919][  0]LogMeshReduction: Using ProxyLODMeshReduction for automatic mesh merging
[2019.04.10-03.32.55:919][  0]LogMeshReduction: Using QuadricMeshReduction for automatic static mesh reduction
[2019.04.10-03.32.55:919][  0]LogMeshReduction: No automatic skeletal mesh reduction module available
[2019.04.10-03.32.55:932][  0]LogNetVersion: In_The_Maze 1.0.0, NetCL: 4212847, EngineNetVer: 5, GameNetVer: 0 (Checksum: 1726018356)
[2019.04.10-03.32.56:406][  0]LogPackageLocalizationCache: Processed 11 localized package path(s) for 2 prioritized culture(s) in 0.119806 seconds
[2019.04.10-03.32.56:411][  0]LogUObjectArray: 38425 objects as part of root set at end of initial load.
[2019.04.10-03.32.56:411][  0]LogUObjectAllocator: 6690864 out of 0 bytes used by permanent object pool.
[2019.04.10-03.32.56:411][  0]LogUObjectArray: CloseDisregardForGC: 0/0 objects in disregard for GC pool
[2019.04.10-03.32.57:250][  0]LogTcpMessaging: Initializing TcpMessaging bridge
[2019.04.10-03.32.57:262][  0]LogUdpMessaging: Initializing bridge on interface 0.0.0.0:0 to multicast group 230.0.0.1:6666.
[2019.04.10-03.32.57:435][  0]SourceControl: Source control is disabled
[2019.04.10-03.32.58:045][  0]LogAndroidPermission: UAndroidPermissionCallbackProxy::GetInstance
[2019.04.10-03.32.58:089][  0]LogOcInput: OculusInput pre-init called
[2019.04.10-03.32.58:148][  0]LogEngine: Initializing Engine...
[2019.04.10-03.32.58:149][  0]LogHMD: Failed to initialize OpenVR with code 110
[2019.04.10-03.32.58:150][  0]LogStats: UGameplayTagsManager::ConstructGameplayTagTree: ImportINI prefixes -  0.000 s
[2019.04.10-03.32.58:150][  0]LogStats: UGameplayTagsManager::ConstructGameplayTagTree: Construct from data asset -  0.000 s
[2019.04.10-03.32.58:150][  0]LogStats: UGameplayTagsManager::ConstructGameplayTagTree: ImportINI -  0.000 s
[2019.04.10-03.32.58:150][  0]LogStats: UGameplayTagsManager::ConstructGameplayTagTree: GameplayTagTreeChangedEvent.Broadcast -  0.000 s
[2019.04.10-03.32.58:330][  0]LogInit: Initializing FReadOnlyCVARCache
[2019.04.10-03.32.58:346][  0]LogAIModule: Creating AISystem for world Untitled
[2019.04.10-03.32.58:354][  0]LogInit: XAudio2 using 'Speakers / Headphones (Realtek High Definition Audio)' : 2 channels at 48 kHz using 32 bits per sample (channel mask 0x3)
[2019.04.10-03.32.58:530][  0]LogInit: FAudioDevice initialized.
[2019.04.10-03.32.58:530][  0]LogNetVersion: Set ProjectVersion to 1.0.0.0. Version Checksum will be recalculated on next use.
[2019.04.10-03.32.58:698][  0]LogDerivedDataCache: Saved boot cache 0.17s 71MB C:/Users/petin/AppData/Local/UnrealEngine/4.20/DerivedDataCache/Boot.ddc.
[2019.04.10-03.32.58:706][  0]LogInit: Texture streaming: Enabled
[2019.04.10-03.32.58:728][  0]LogEngineSessionManager: EngineSessionManager initialized
[2019.04.10-03.32.58:741][  0]LogInit: Transaction tracking system initialized
[2019.04.10-03.32.58:768][  0]BlueprintLog: New page: Editor Load
[2019.04.10-03.32.58:854][  0]LocalizationService: Localization service is disabled
[2019.04.10-03.32.59:091][  0]LogCook: Display: Max memory allowance for cook 16384mb min free memory 0mb
[2019.04.10-03.32.59:091][  0]LogCook: Display: Mobile HDR setting 1
[2019.04.10-03.32.59:091][  0]LogGameplayTags: Display: UGameplayTagsManager::DoneAddingNativeTags. DelegateIsBound: 0
[2019.04.10-03.32.59:091][  0]LogStats: UGameplayTagsManager::ConstructGameplayTagTree: ImportINI prefixes -  0.000 s
[2019.04.10-03.32.59:091][  0]LogStats: UGameplayTagsManager::ConstructGameplayTagTree: Construct from data asset -  0.000 s
[2019.04.10-03.32.59:091][  0]LogStats: UGameplayTagsManager::ConstructGameplayTagTree: ImportINI -  0.000 s
[2019.04.10-03.32.59:091][  0]LogStats: UGameplayTagsManager::ConstructGameplayTagTree: GameplayTagTreeChangedEvent.Broadcast -  0.000 s
[2019.04.10-03.32.59:220][  0]LogFileCache: Scanning file cache for directory 'C:/Users/petin/Documents/GitHub/In-The-Maze/In_The_Maze/Content/' took 0.02s
[2019.04.10-03.32.59:220][  0]Cmd: MAP LOAD FILE="../../../../../../Users/petin/Documents/GitHub/In-The-Maze/In_The_Maze/Content/FirstPersonBP/Maps/FirstPersonExampleMap.umap" TEMPLATE=0 SHOWPROGRESS=1 FEATURELEVEL=3
[2019.04.10-03.32.59:221][  0]LightingResults: New page: Lighting Build
[2019.04.10-03.32.59:224][  0]MapCheck: New page: Map Check
[2019.04.10-03.32.59:224][  0]LightingResults: New page: Lighting Build
[2019.04.10-03.32.59:519][  0]LogAIModule: Creating AISystem for world FirstPersonExampleMap
[2019.04.10-03.32.59:524][  0]LogMaterial: Warning: Material /Game/Props/Import/phong1.phong1 needed to have new flag set bUsedWithStaticLighting !
[2019.04.10-03.32.59:527][  0]LogMaterial: Display: Missing cached shader map for material phong1, compiling. 
[2019.04.10-03.32.59:585][  0]LogShaderCompilers: Display: Shaders left to compile 31
[2019.04.10-03.32.59:585][  0]LogShaderCompilers: Display: Shaders left to compile 21
[2019.04.10-03.32.59:585][  0]LogShaderCompilers: Display: Shaders left to compile 11
[2019.04.10-03.32.59:585][  0]LogShaderCompilers: Display: Shaders left to compile 1
[2019.04.10-03.32.59:585][  0]MapCheck: Warning: phong1 Material /Game/Props/Import/phong1.phong1 was missing the usage flag bUsedWithStaticLighting. If the material asset is not re-saved, it may not render correctly when run outside the editor. Fix
[2019.04.10-03.32.59:589][  0]LogEditorServer: Finished looking for orphan Actors (0.000 secs)
[2019.04.10-03.32.59:612][  0]Cmd: MAP CHECKDEP NOCLEARLOG
[2019.04.10-03.32.59:703][  0]MapCheck: Map check complete: 0 Error(s), 1 Warning(s), took 90.552ms to complete.
[2019.04.10-03.32.59:708][  0]LogFileHelpers: Loading map 'FirstPersonExampleMap' took 0.488
[2019.04.10-03.32.59:793][  0]LogSlate: Updating window title bar state: overlay mode, drag disabled, window buttons hidden, title bar hidden
[2019.04.10-03.32.59:802][  0]LogSlate: Updating window title bar state: overlay mode, drag disabled, window buttons hidden, title bar hidden
[2019.04.10-03.32.59:810][  0]LogSlate: Updating window title bar state: overlay mode, drag disabled, window buttons hidden, title bar hidden
[2019.04.10-03.32.59:817][  0]LogSlate: Updating window title bar state: overlay mode, drag disabled, window buttons hidden, title bar hidden
[2019.04.10-03.32.59:827][  0]LogCollectionManager: Loaded 0 collections in 0.003607 seconds
[2019.04.10-03.32.59:877][  0]LogFileCache: Scanning file cache for directory 'C:/Users/petin/Documents/GitHub/In-The-Maze/In_The_Maze/Saved/Collections/' took 0.01s
[2019.04.10-03.32.59:877][  0]LogFileCache: Scanning file cache for directory 'C:/Users/petin/Documents/GitHub/In-The-Maze/In_The_Maze/Content/Developers/petin/Collections/' took 0.01s
[2019.04.10-03.32.59:877][  0]LogFileCache: Scanning file cache for directory 'C:/Users/petin/Documents/GitHub/In-The-Maze/In_The_Maze/Content/Collections/' took 0.01s
[2019.04.10-03.32.59:877][  0]LogCollectionManager: Rebuilt the GUID cache for 0 collections in 0.000000 seconds
[2019.04.10-03.32.59:890][  0]LogContentBrowser: Native class hierarchy populated in 0.0129 seconds. Added 2572 classes and 603 folders.
[2019.04.10-03.32.59:901][  0]LogContentBrowser: Native class hierarchy updated for 'WidgetCarousel' in 0.0005 seconds. Added 0 classes and 0 folders.
[2019.04.10-03.32.59:969][  0]LogContentBrowser: Native class hierarchy updated for 'AddContentDialog' in 0.0004 seconds. Added 0 classes and 0 folders.
[2019.04.10-03.32.59:978][  0]LogContentBrowser: Native class hierarchy updated for 'SceneOutliner' in 0.0004 seconds. Added 1 classes and 2 folders.
[2019.04.10-03.33.00:077][  0]LogSlate: Took 0.000216 seconds to synchronously load lazily loaded font '../../../Engine/Content/Slate/Fonts/Roboto-Regular.ttf' (155K)
[2019.04.10-03.33.00:079][  0]LogSlate: Took 0.000191 seconds to synchronously load lazily loaded font '../../../Engine/Content/Slate/Fonts/Roboto-Bold.ttf' (160K)
[2019.04.10-03.33.00:086][  0]LogSlate: Took 0.000345 seconds to synchronously load lazily loaded font '../../../Engine/Content/Editor/Slate/Fonts/FontAwesome.ttf' (139K)
[2019.04.10-03.33.00:202][  0]LogRenderer: Reallocating scene render targets to support 1208x652 Format 10 NumSamples 1 (Frame:1).
[2019.04.10-03.33.00:420][  0]LogContentBrowser: Native class hierarchy updated for 'HierarchicalLODOutliner' in 0.0004 seconds. Added 0 classes and 0 folders.
[2019.04.10-03.33.00:420][  0]LogLoad: (Engine Initialization) Total time: 8.98 seconds
[2019.04.10-03.33.00:420][  0]LogLoad: (Engine Initialization) Total Blueprint compile time: 0.00 seconds
[2019.04.10-03.33.00:431][  0]LogWindowsTextInputMethodSystem: Display: IME system now deactivated.
[2019.04.10-03.33.00:466][  0]LogContentStreaming: Texture pool size now 3000 MB
[2019.04.10-03.33.00:503][  1]LogFileCache: Retrieving MD5 hashes for directory 'C:/Users/petin/Documents/GitHub/In-The-Maze/In_The_Maze/Content/' took 0.06s
[2019.04.10-03.33.00:521][  1]LogAssetRegistry: Asset discovery search completed in 5.0446 seconds
[2019.04.10-03.33.00:524][  1]LogCollectionManager: Rebuilt the object cache for 0 collections in 0.000001 seconds (found 0 objects)
[2019.04.10-03.33.00:524][  1]LogCollectionManager: Fixed up redirectors for 0 collections in 0.000086 seconds (updated 0 objects)
[2019.04.10-03.33.01:793][ 84]LogSlate: FSceneViewport::OnFocusLost() reason 0
[2019.04.10-03.33.04:494][297]LogSlate: Took 0.000224 seconds to synchronously load lazily loaded font '../../../Engine/Content/Slate/Fonts/Roboto-Light.ttf' (167K)
[2019.04.10-03.33.06:258][423]LogSlate: FSceneViewport::OnFocusLost() reason 0
[2019.04.10-03.33.06:410][438]LogSlate: Took 0.000190 seconds to synchronously load lazily loaded font '../../../Engine/Content/Slate/Fonts/Roboto-Light.ttf' (167K)
[2019.04.10-03.33.06:446][438]LogAIModule: Creating AISystem for world Archie
[2019.04.10-03.33.06:450][438]LogAssetEditorManager: Opening Asset editor for World /Game/Maps/Archie.Archie
[2019.04.10-03.33.06:470][438]Cmd: MAP LOAD FILE="../../../../../../Users/petin/Documents/GitHub/In-The-Maze/In_The_Maze/Content/Maps/Archie.umap" TEMPLATE=0 SHOWPROGRESS=1 FEATURELEVEL=3
[2019.04.10-03.33.06:470][438]LightingResults: New page: Lighting Build
[2019.04.10-03.33.06:470][438]LoadErrors: New page: Loading map: Archie.umap
[2019.04.10-03.33.06:471][438]MapCheck: New page: Map Check
[2019.04.10-03.33.06:471][438]LightingResults: New page: Lighting Build
[2019.04.10-03.33.06:545][438]LogEditorServer: Finished looking for orphan Actors (0.000 secs)
[2019.04.10-03.33.06:586][438]Cmd: MAP CHECKDEP NOCLEARLOG
[2019.04.10-03.33.06:652][438]MapCheck: Map check complete: 0 Error(s), 0 Warning(s), took 66.029ms to complete.
[2019.04.10-03.33.06:654][438]LogFileHelpers: Loading map 'Archie' took 0.185
[2019.04.10-03.33.14:944][984]LogAssetEditorManager: Opening Asset editor for Blueprint /Game/Blueprints/EnemyCharacter_BP.EnemyCharacter_BP
[2019.04.10-03.33.15:364][984]LogContentBrowser: Native class hierarchy updated for 'BlueprintGraph' in 0.0006 seconds. Added 116 classes and 0 folders.
[2019.04.10-03.33.16:123][984]LogSlate: Took 0.000262 seconds to synchronously load lazily loaded font '../../../Engine/Content/Slate/Fonts/Roboto-BoldCondensed.ttf' (158K)
[2019.04.10-03.33.16:211][985]LogSlate: Took 0.000265 seconds to synchronously load lazily loaded font '../../../Engine/Content/Slate/Fonts/Roboto-Italic.ttf' (157K)
[2019.04.10-03.33.39:056][455]BlueprintLog: New page: Compile EnemyCharacter_BP
[2019.04.10-03.33.41:500][594]LogTemp: Repeating last play command: Selected Viewport
[2019.04.10-03.33.41:524][594]LogPlayLevel: PlayLevel: No blueprints needed recompiling
[2019.04.10-03.33.41:537][594]PIE: New page: PIE session: Archie (Apr 9, 2019, 7:33:41 PM)
[2019.04.10-03.33.41:537][594]LogPlayLevel: Creating play world package: /Game/Maps/UEDPIE_0_Archie
[2019.04.10-03.33.41:541][594]LogPlayLevel: PIE: StaticDuplicateObject took: (0.003503s)
[2019.04.10-03.33.41:541][594]LogAIModule: Creating AISystem for world Archie
[2019.04.10-03.33.41:541][594]LogPlayLevel: PIE: World Init took: (0.000581s)
[2019.04.10-03.33.41:541][594]LogPlayLevel: PIE: Created PIE world by copying editor world from /Game/Maps/Archie.Archie to /Game/Maps/UEDPIE_0_Archie.Archie (0.004198s)
[2019.04.10-03.33.41:565][594]LogInit: XAudio2 using 'Speakers / Headphones (Realtek High Definition Audio)' : 2 channels at 48 kHz using 32 bits per sample (channel mask 0x3)
[2019.04.10-03.33.41:585][594]LogInit: FAudioDevice initialized.
[2019.04.10-03.33.41:626][594]LogLoad: Game class is 'FirstPersonGameMode_C'
[2019.04.10-03.33.41:628][594]LogWorld: Bringing World /Game/Maps/UEDPIE_0_Archie.Archie up for play (max tick rate 0) at 2019.04.09-23.33.41
[2019.04.10-03.33.41:629][594]LogWorld: Bringing up level for play took: 0.001971
[2019.04.10-03.33.41:647][594]LogContentBrowser: Native class hierarchy updated for 'MovieSceneCapture' in 0.0003 seconds. Added 10 classes and 0 folders.
[2019.04.10-03.33.41:649][594]PIE: Play in editor start time for /Game/Maps/UEDPIE_0_Archie 0.418
[2019.04.10-03.34.14:734][957]LogSlate: Updating window title bar state: overlay mode, drag disabled, window buttons hidden, title bar hidden
[2019.04.10-03.34.14:789][957]LogPlayLevel: Display: Shutting down PIE online subsystems
[2019.04.10-03.34.14:854][957]LogSlate: Updating window title bar state: overlay mode, drag disabled, window buttons hidden, title bar hidden
[2019.04.10-03.34.14:889][958]LogPlayLevel: Display: Destroying online subsystem :Context_4
[2019.04.10-03.34.31:011][946]LogSlate: FSceneViewport::OnFocusLost() reason 0
[2019.04.10-03.35.13:856][298]Cmd: OBJ SAVEPACKAGE PACKAGE="/Game/Maps/Archie" FILE="../../../../../../Users/petin/Documents/GitHub/In-The-Maze/In_The_Maze/Content/Maps/Archie.umap" SILENT=true AUTOSAVING=false KEEPDIRTY=false
[2019.04.10-03.35.13:946][298]LogSavePackage: Moving '../../../../../../Users/petin/Documents/GitHub/In-The-Maze/In_The_Maze/Saved/ArchieA748A0D841D0E30EE5F185AB2A23F5EA.tmp' to '../../../../../../Users/petin/Documents/GitHub/In-The-Maze/In_The_Maze/Content/Maps/Archie.umap'
[2019.04.10-03.35.13:977][298]LogFileHelpers: Saving map 'Archie' took 0.197
[2019.04.10-03.35.14:026][298]Cmd: OBJ SAVEPACKAGE PACKAGE="/Game/Blueprints/EnemyCharacter_BP" FILE="../../../../../../Users/petin/Documents/GitHub/In-The-Maze/In_The_Maze/Content/Blueprints/EnemyCharacter_BP.uasset" SILENT=true
[2019.04.10-03.35.14:061][298]LogSavePackage: Moving '../../../../../../Users/petin/Documents/GitHub/In-The-Maze/In_The_Maze/Saved/EnemyCharacter_BP75E0EE194F921D9DD0BE1EB526AF54DD.tmp' to '../../../../../../Users/petin/Documents/GitHub/In-The-Maze/In_The_Maze/Content/Blueprints/EnemyCharacter_BP.uasset'
[2019.04.10-03.35.15:079][349]BlueprintLog: New page: Compile EnemyCharacter_BP
[2019.04.10-03.35.15:949][378]Cmd: OBJ SAVEPACKAGE PACKAGE="/Game/Blueprints/EnemyCharacter_BP" FILE="../../../../../../Users/petin/Documents/GitHub/In-The-Maze/In_The_Maze/Content/Blueprints/EnemyCharacter_BP.uasset" SILENT=true
[2019.04.10-03.35.15:984][378]LogSavePackage: Moving '../../../../../../Users/petin/Documents/GitHub/In-The-Maze/In_The_Maze/Saved/EnemyCharacter_BP2C8D85C346F69038EA896B8B2D48C9FF.tmp' to '../../../../../../Users/petin/Documents/GitHub/In-The-Maze/In_The_Maze/Content/Blueprints/EnemyCharacter_BP.uasset'
[2019.04.10-03.35.17:911][493]LogTemp: Repeating last play command: Selected Viewport
[2019.04.10-03.35.17:933][493]LogPlayLevel: PlayLevel: No blueprints needed recompiling
[2019.04.10-03.35.17:933][493]PIE: New page: PIE session: Archie (Apr 9, 2019, 7:35:17 PM)
[2019.04.10-03.35.17:933][493]LogPlayLevel: Creating play world package: /Game/Maps/UEDPIE_0_Archie
[2019.04.10-03.35.17:936][493]LogPlayLevel: PIE: StaticDuplicateObject took: (0.003451s)
[2019.04.10-03.35.17:937][493]LogAIModule: Creating AISystem for world Archie
[2019.04.10-03.35.17:937][493]LogPlayLevel: PIE: World Init took: (0.000655s)
[2019.04.10-03.35.17:937][493]LogPlayLevel: PIE: Created PIE world by copying editor world from /Game/Maps/Archie.Archie to /Game/Maps/UEDPIE_0_Archie.Archie (0.004205s)
[2019.04.10-03.35.17:965][493]LogInit: XAudio2 using 'Speakers / Headphones (Realtek High Definition Audio)' : 2 channels at 48 kHz using 32 bits per sample (channel mask 0x3)
[2019.04.10-03.35.17:983][493]LogInit: FAudioDevice initialized.
[2019.04.10-03.35.18:013][493]LogLoad: Game class is 'FirstPersonGameMode_C'
[2019.04.10-03.35.18:015][493]LogWorld: Bringing World /Game/Maps/UEDPIE_0_Archie.Archie up for play (max tick rate 0) at 2019.04.09-23.35.18
[2019.04.10-03.35.18:015][493]LogWorld: Bringing up level for play took: 0.001573
[2019.04.10-03.35.18:030][493]PIE: Play in editor start time for /Game/Maps/UEDPIE_0_Archie 0.799
[2019.04.10-03.35.32:026][472]LogSlate: Updating window title bar state: overlay mode, drag disabled, window buttons hidden, title bar hidden
[2019.04.10-03.35.32:073][472]LogPlayLevel: Display: Shutting down PIE online subsystems
[2019.04.10-03.35.32:112][472]LogSlate: Updating window title bar state: overlay mode, drag disabled, window buttons hidden, title bar hidden
[2019.04.10-03.35.32:145][473]LogPlayLevel: Display: Destroying online subsystem :Context_5
[2019.04.10-03.35.36:174][642]LogSlate: FSceneViewport::OnFocusLost() reason 0
[2019.04.10-03.35.54:043][604]Cmd: OBJ SAVEPACKAGE PACKAGE="/Game/Maps/Archie" FILE="../../../../../../Users/petin/Documents/GitHub/In-The-Maze/In_The_Maze/Content/Maps/Archie.umap" SILENT=true AUTOSAVING=false KEEPDIRTY=false
[2019.04.10-03.35.54:126][604]LogSavePackage: Moving '../../../../../../Users/petin/Documents/GitHub/In-The-Maze/In_The_Maze/Saved/Archie6DF30889476C060B6A866D921D91BE1E.tmp' to '../../../../../../Users/petin/Documents/GitHub/In-The-Maze/In_The_Maze/Content/Maps/Archie.umap'
[2019.04.10-03.35.54:157][604]LogFileHelpers: Saving map 'Archie' took 0.192
[2019.04.10-03.35.54:210][604]Cmd: OBJ SAVEPACKAGE PACKAGE="/Game/Blueprints/EnemyCharacter_BP" FILE="../../../../../../Users/petin/Documents/GitHub/In-The-Maze/In_The_Maze/Content/Blueprints/EnemyCharacter_BP.uasset" SILENT=true
[2019.04.10-03.35.54:290][604]LogSavePackage: Moving '../../../../../../Users/petin/Documents/GitHub/In-The-Maze/In_The_Maze/Saved/EnemyCharacter_BPEA8355054E051C77EB9CD596C313D108.tmp' to '../../../../../../Users/petin/Documents/GitHub/In-The-Maze/In_The_Maze/Content/Blueprints/EnemyCharacter_BP.uasset'
[2019.04.10-03.35.55:162][651]BlueprintLog: New page: Compile EnemyCharacter_BP
[2019.04.10-03.35.55:784][666]Cmd: OBJ SAVEPACKAGE PACKAGE="/Game/Blueprints/EnemyCharacter_BP" FILE="../../../../../../Users/petin/Documents/GitHub/In-The-Maze/In_The_Maze/Content/Blueprints/EnemyCharacter_BP.uasset" SILENT=true
[2019.04.10-03.35.55:818][666]LogSavePackage: Moving '../../../../../../Users/petin/Documents/GitHub/In-The-Maze/In_The_Maze/Saved/EnemyCharacter_BP2CFF54AA4825EE9938EF59B15AB2005D.tmp' to '../../../../../../Users/petin/Documents/GitHub/In-The-Maze/In_The_Maze/Content/Blueprints/EnemyCharacter_BP.uasset'
[2019.04.10-03.35.58:423][817]LogTemp: Repeating last play command: Selected Viewport
[2019.04.10-03.35.58:445][817]LogPlayLevel: PlayLevel: No blueprints needed recompiling
[2019.04.10-03.35.58:445][817]PIE: New page: PIE session: Archie (Apr 9, 2019, 7:35:58 PM)
[2019.04.10-03.35.58:445][817]LogPlayLevel: Creating play world package: /Game/Maps/UEDPIE_0_Archie
[2019.04.10-03.35.58:449][817]LogPlayLevel: PIE: StaticDuplicateObject took: (0.003591s)
[2019.04.10-03.35.58:449][817]LogAIModule: Creating AISystem for world Archie
[2019.04.10-03.35.58:449][817]LogPlayLevel: PIE: World Init took: (0.000658s)
[2019.04.10-03.35.58:449][817]LogPlayLevel: PIE: Created PIE world by copying editor world from /Game/Maps/Archie.Archie to /Game/Maps/UEDPIE_0_Archie.Archie (0.004354s)
[2019.04.10-03.35.58:475][817]LogInit: XAudio2 using 'Speakers / Headphones (Realtek High Definition Audio)' : 2 channels at 48 kHz using 32 bits per sample (channel mask 0x3)
[2019.04.10-03.35.58:494][817]LogInit: FAudioDevice initialized.
[2019.04.10-03.35.58:526][817]LogLoad: Game class is 'FirstPersonGameMode_C'
[2019.04.10-03.35.58:528][817]LogWorld: Bringing World /Game/Maps/UEDPIE_0_Archie.Archie up for play (max tick rate 0) at 2019.04.09-23.35.58
[2019.04.10-03.35.58:528][817]LogWorld: Bringing up level for play took: 0.001868
[2019.04.10-03.35.58:541][817]PIE: Play in editor start time for /Game/Maps/UEDPIE_0_Archie -0.691
[2019.04.10-03.36.27:662][905]LogSlate: Updating window title bar state: overlay mode, drag disabled, window buttons hidden, title bar hidden
[2019.04.10-03.36.27:716][905]LogPlayLevel: Display: Shutting down PIE online subsystems
[2019.04.10-03.36.27:775][905]LogSlate: Updating window title bar state: overlay mode, drag disabled, window buttons hidden, title bar hidden
[2019.04.10-03.36.27:805][906]LogPlayLevel: Display: Destroying online subsystem :Context_6
[2019.04.10-03.37.37:148][345]LogSlate: FSceneViewport::OnFocusLost() reason 2
[2019.04.10-03.37.59:886][560]BlueprintLog: New page: Compile EnemyCharacter_BP
[2019.04.10-03.38.02:782][713]LogSlate: FSceneViewport::OnFocusLost() reason 0
[2019.04.10-03.38.02:876][719]LogTemp: Repeating last play command: Selected Viewport
[2019.04.10-03.38.02:899][719]LogPlayLevel: PlayLevel: No blueprints needed recompiling
[2019.04.10-03.38.02:900][719]PIE: New page: PIE session: Archie (Apr 9, 2019, 7:38:02 PM)
[2019.04.10-03.38.02:900][719]LogPlayLevel: Creating play world package: /Game/Maps/UEDPIE_0_Archie
[2019.04.10-03.38.02:903][719]LogPlayLevel: PIE: StaticDuplicateObject took: (0.003374s)
[2019.04.10-03.38.02:904][719]LogAIModule: Creating AISystem for world Archie
[2019.04.10-03.38.02:904][719]LogPlayLevel: PIE: World Init took: (0.000628s)
[2019.04.10-03.38.02:904][719]LogPlayLevel: PIE: Created PIE world by copying editor world from /Game/Maps/Archie.Archie to /Game/Maps/UEDPIE_0_Archie.Archie (0.004103s)
[2019.04.10-03.38.02:930][719]LogInit: XAudio2 using 'Speakers / Headphones (Realtek High Definition Audio)' : 2 channels at 48 kHz using 32 bits per sample (channel mask 0x3)
[2019.04.10-03.38.02:952][719]LogInit: FAudioDevice initialized.
[2019.04.10-03.38.02:984][719]LogLoad: Game class is 'FirstPersonGameMode_C'
[2019.04.10-03.38.02:986][719]LogWorld: Bringing World /Game/Maps/UEDPIE_0_Archie.Archie up for play (max tick rate 0) at 2019.04.09-23.38.02
[2019.04.10-03.38.02:986][719]LogWorld: Bringing up level for play took: 0.001824
[2019.04.10-03.38.03:000][719]PIE: Play in editor start time for /Game/Maps/UEDPIE_0_Archie -0.233
[2019.04.10-03.38.24:646][213]LogSlate: Updating window title bar state: overlay mode, drag disabled, window buttons hidden, title bar hidden
[2019.04.10-03.38.24:697][213]LogPlayLevel: Display: Shutting down PIE online subsystems
[2019.04.10-03.38.24:736][213]LogSlate: Updating window title bar state: overlay mode, drag disabled, window buttons hidden, title bar hidden
[2019.04.10-03.38.24:753][214]LogPlayLevel: Display: Destroying online subsystem :Context_7
[2019.04.10-03.41.01:932][736]LogSlate: FSceneViewport::OnFocusLost() reason 0
[2019.04.10-03.41.03:931][856]LogEditorViewport: Clicking on Actor (LMB): EnemyCharacter_BP_C (EnemyCharacter_BP)
[2019.04.10-03.41.06:069][991]LogSlate: FSceneViewport::OnFocusLost() reason 0
[2019.04.10-03.41.25:027][512]LogSlate: Window 'EnemyCharacter_BP*' being destroyed
[2019.04.10-03.41.25:049][512]LogSlate: Window 'EnemyCharacter_BP*' being destroyed
[2019.04.10-03.42.15:739][250]Cmd: TRANSACTION UNDO
[2019.04.10-03.42.15:739][250]LogEditorTransaction: Undo Reset to Default
[2019.04.10-03.42.16:227][271]Cmd: TRANSACTION UNDO
[2019.04.10-03.42.16:227][271]LogEditorTransaction: Undo Clicking on Component (tree view)
[2019.04.10-03.42.18:224][393]Cmd: TRANSACTION UNDO
[2019.04.10-03.42.18:224][393]LogEditorTransaction: Undo Clicking on Actors
[2019.04.10-03.42.19:537][478]Cmd: TRANSACTION REDO
[2019.04.10-03.42.19:537][478]LogEditorTransaction: Redo Clicking on Actors
[2019.04.10-03.43.49:967][554]Cmd: OBJ SAVEPACKAGE PACKAGE="/Game/Maps/Archie" FILE="../../../../../../Users/petin/Documents/GitHub/In-The-Maze/In_The_Maze/Content/Maps/Archie.umap" SILENT=true AUTOSAVING=false KEEPDIRTY=false
[2019.04.10-03.43.50:072][554]LogSavePackage: Moving '../../../../../../Users/petin/Documents/GitHub/In-The-Maze/In_The_Maze/Saved/ArchieEF417E0346016EB79E2A1BA80450427D.tmp' to '../../../../../../Users/petin/Documents/GitHub/In-The-Maze/In_The_Maze/Content/Maps/Archie.umap'
[2019.04.10-03.43.50:136][554]LogFileHelpers: Saving map 'Archie' took 0.250
[2019.04.10-03.43.50:167][554]Cmd: OBJ SAVEPACKAGE PACKAGE="/Game/Blueprints/EnemyCharacter_BP" FILE="../../../../../../Users/petin/Documents/GitHub/In-The-Maze/In_The_Maze/Content/Blueprints/EnemyCharacter_BP.uasset" SILENT=true
[2019.04.10-03.43.50:219][554]LogSavePackage: Moving '../../../../../../Users/petin/Documents/GitHub/In-The-Maze/In_The_Maze/Saved/EnemyCharacter_BPE70C4211464D3E1ABDB9CB88D7A96D5F.tmp' to '../../../../../../Users/petin/Documents/GitHub/In-The-Maze/In_The_Maze/Content/Blueprints/EnemyCharacter_BP.uasset'
[2019.04.10-03.43.51:401][630]LogTemp: Repeating last play command: Selected Viewport
[2019.04.10-03.43.51:416][630]LogPlayLevel: PlayLevel: No blueprints needed recompiling
[2019.04.10-03.43.51:416][630]PIE: New page: PIE session: Archie (Apr 9, 2019, 7:43:51 PM)
[2019.04.10-03.43.51:416][630]LogPlayLevel: Creating play world package: /Game/Maps/UEDPIE_0_Archie
[2019.04.10-03.43.51:420][630]LogPlayLevel: PIE: StaticDuplicateObject took: (0.003630s)
[2019.04.10-03.43.51:420][630]LogAIModule: Creating AISystem for world Archie
[2019.04.10-03.43.51:421][630]LogPlayLevel: PIE: World Init took: (0.000693s)
[2019.04.10-03.43.51:421][630]LogPlayLevel: PIE: Created PIE world by copying editor world from /Game/Maps/Archie.Archie to /Game/Maps/UEDPIE_0_Archie.Archie (0.004444s)
[2019.04.10-03.43.51:444][630]LogInit: XAudio2 using 'Speakers / Headphones (Realtek High Definition Audio)' : 2 channels at 48 kHz using 32 bits per sample (channel mask 0x3)
[2019.04.10-03.43.51:465][630]LogInit: FAudioDevice initialized.
[2019.04.10-03.43.51:493][630]LogLoad: Game class is 'FirstPersonGameMode_C'
[2019.04.10-03.43.51:496][630]LogWorld: Bringing World /Game/Maps/UEDPIE_0_Archie.Archie up for play (max tick rate 0) at 2019.04.09-23.43.51
[2019.04.10-03.43.51:496][630]LogWorld: Bringing up level for play took: 0.001787
[2019.04.10-03.43.51:509][630]PIE: Play in editor start time for /Game/Maps/UEDPIE_0_Archie 0.263
[2019.04.10-03.44.01:361][317]LogSlate: Updating window title bar state: overlay mode, drag disabled, window buttons hidden, title bar hidden
[2019.04.10-03.44.01:413][317]LogPlayLevel: Display: Shutting down PIE online subsystems
[2019.04.10-03.44.01:469][317]LogSlate: Updating window title bar state: overlay mode, drag disabled, window buttons hidden, title bar hidden
[2019.04.10-03.44.01:499][318]LogPlayLevel: Display: Destroying online subsystem :Context_8
[2019.04.10-03.44.04:103][449]LogSlate: FSceneViewport::OnFocusLost() reason 0
[2019.04.10-03.44.04:234][452]LogAssetEditorManager: Opening Asset editor for Blueprint /Game/Blueprints/EnemyCharacter_BP.EnemyCharacter_BP
[2019.04.10-03.44.27:785][453]Cmd: OBJ SAVEPACKAGE PACKAGE="/Game/Blueprints/EnemyCharacter_BP" FILE="../../../../../../Users/petin/Documents/GitHub/In-The-Maze/In_The_Maze/Content/Blueprints/EnemyCharacter_BP.uasset" SILENT=true
[2019.04.10-03.44.27:830][453]LogSavePackage: Moving '../../../../../../Users/petin/Documents/GitHub/In-The-Maze/In_The_Maze/Saved/EnemyCharacter_BP4FD4DF0B441B7157277024B4C01FE6E3.tmp' to '../../../../../../Users/petin/Documents/GitHub/In-The-Maze/In_The_Maze/Content/Blueprints/EnemyCharacter_BP.uasset'
[2019.04.10-03.44.41:852][793]LogSlate: Window 'EnemyCharacter_BP' being destroyed
[2019.04.10-03.44.41:873][793]LogSlate: Window 'EnemyCharacter_BP' being destroyed
[2019.04.10-03.44.44:334][911]LogSlate: Window 'In_The_Maze - Unreal Editor' being destroyed
[2019.04.10-03.44.44:522][912]Cmd: QUIT_EDITOR
[2019.04.10-03.44.44:807][912]LogWindowsTextInputMethodSystem: Display: IME system now deactivated.
[2019.04.10-03.44.44:842][912]LogExit: Preparing to exit.
[2019.04.10-03.44.45:757][912]LogExit: Editor shut down
[2019.04.10-03.44.45:758][912]LogExit: Transaction tracking system shut down
[2019.04.10-03.44.46:275][912]LogExit: Object subsystem successfully closed.
[2019.04.10-03.44.46:311][912]LogShaderCompilers: Display: Shaders left to compile 0
[2019.04.10-03.44.46:321][912]LogD3D11RHI: Shutdown
[2019.04.10-03.44.46:321][912]LogD3D11RHI: CleanupD3DDevice
[2019.04.10-03.44.46:326][912]LogD3D11RHI: ~FD3D11DynamicRHI
[2019.04.10-03.44.46:399][912]LogModuleManager: Shutting down and abandoning module MovieSceneCapture (616)
[2019.04.10-03.44.46:399][912]LogModuleManager: Shutting down and abandoning module Voice (614)
[2019.04.10-03.44.46:400][912]LogModuleManager: Shutting down and abandoning module BlueprintGraph (612)
[2019.04.10-03.44.46:400][912]LogModuleManager: Shutting down and abandoning module HierarchicalLODOutliner (610)
[2019.04.10-03.44.46:400][912]LogModuleManager: Shutting down and abandoning module SceneOutliner (608)
[2019.04.10-03.44.46:400][912]LogModuleManager: Shutting down and abandoning module AddContentDialog (606)
[2019.04.10-03.44.46:400][912]LogModuleManager: Shutting down and abandoning module WidgetCarousel (605)
[2019.04.10-03.44.46:400][912]LogModuleManager: Shutting down and abandoning module EditorWidgets (602)
[2019.04.10-03.44.46:400][912]LogModuleManager: Shutting down and abandoning module CollectionManager (600)
[2019.04.10-03.44.46:401][912]LogModuleManager: Shutting down and abandoning module StatsViewer (598)
[2019.04.10-03.44.46:401][912]LogModuleManager: Shutting down and abandoning module FoliageEdit (596)
[2019.04.10-03.44.46:401][912]LogModuleManager: Shutting down and abandoning module LandscapeEditor (594)
[2019.04.10-03.44.46:401][912]LogModuleManager: Shutting down and abandoning module MeshPaintMode (592)
[2019.04.10-03.44.46:401][912]LogModuleManager: Shutting down and abandoning module SceneDepthPickerMode (590)
[2019.04.10-03.44.46:401][912]LogModuleManager: Shutting down and abandoning module ActorPickerMode (588)
[2019.04.10-03.44.46:401][912]LogModuleManager: Shutting down and abandoning module GeometryMode (586)
[2019.04.10-03.44.46:401][912]LogModuleManager: Shutting down and abandoning module TextureAlignMode (584)
[2019.04.10-03.44.46:401][912]LogModuleManager: Shutting down and abandoning module BspMode (582)
[2019.04.10-03.44.46:401][912]LogModuleManager: Shutting down and abandoning module PIEPreviewDeviceProfileSelector (580)
[2019.04.10-03.44.46:401][912]LogModuleManager: Shutting down and abandoning module SequenceRecorderSections (578)
[2019.04.10-03.44.46:401][912]LogModuleManager: Shutting down and abandoning module AutomationWorker (576)
[2019.04.10-03.44.46:401][912]LogModuleManager: Shutting down and abandoning module AudioCaptureEditor (574)
[2019.04.10-03.44.46:401][912]LogModuleManager: Shutting down and abandoning module SequenceRecorder (573)
[2019.04.10-03.44.46:401][912]LogModuleManager: Shutting down and abandoning module MatineeToLevelSequence (570)
[2019.04.10-03.44.46:401][912]LogModuleManager: Shutting down and abandoning module LevelSequenceEditor (568)
[2019.04.10-03.44.46:402][912]LogModuleManager: Shutting down and abandoning module PlacementMode (567)
[2019.04.10-03.44.46:402][912]LogModuleManager: Shutting down and abandoning module MaterialEditor (566)
[2019.04.10-03.44.46:402][912]LogModuleManager: Shutting down and abandoning module WmfMediaFactory (562)
[2019.04.10-03.44.46:402][912]LogModuleManager: Shutting down and abandoning module WmfMediaEditor (560)
[2019.04.10-03.44.46:402][912]LogModuleManager: Shutting down and abandoning module MediaPlayerEditor (558)
[2019.04.10-03.44.46:402][912]LogModuleManager: Shutting down and abandoning module OpenExrWrapper (556)
[2019.04.10-03.44.46:402][912]LogModuleManager: Shutting down and abandoning module ImgMediaFactory (554)
[2019.04.10-03.44.46:402][912]LogModuleManager: Shutting down and abandoning module ImgMediaEditor (552)
[2019.04.10-03.44.46:402][912]LogModuleManager: Shutting down and abandoning module AvfMediaFactory (550)
[2019.04.10-03.44.46:402][912]LogModuleManager: Shutting down and abandoning module AvfMediaEditor (548)
[2019.04.10-03.44.46:402][912]LogModuleManager: Shutting down and abandoning module AndroidMediaFactory (546)
[2019.04.10-03.44.46:402][912]LogModuleManager: Shutting down and abandoning module AndroidMediaEditor (544)
[2019.04.10-03.44.46:402][912]LogModuleManager: Shutting down and abandoning module MagicLeapCameraPreviewFactory (542)
[2019.04.10-03.44.46:402][912]LogModuleManager: Shutting down and abandoning module MagicLeapMediaFactory (540)
[2019.04.10-03.44.46:402][912]LogModuleManager: Shutting down and abandoning module MagicLeapMediaEditor (538)
[2019.04.10-03.44.46:402][912]LogModuleManager: Shutting down and abandoning module CharacterAI (536)
[2019.04.10-03.44.46:402][912]LogModuleManager: Shutting down and abandoning module SmartSnapping (534)
[2019.04.10-03.44.46:402][912]LogModuleManager: Shutting down and abandoning module SessionServices (532)
[2019.04.10-03.44.46:402][912]LogModuleManager: Shutting down and abandoning module ViewportSnapping (530)
[2019.04.10-03.44.46:402][912]LogModuleManager: Shutting down and abandoning module ViewportInteraction (528)
[2019.04.10-03.44.46:402][912]LogModuleManager: Shutting down and abandoning module ClothPainter (526)
[2019.04.10-03.44.46:402][912]LogModuleManager: Shutting down and abandoning module SkeletalMeshEditor (525)
[2019.04.10-03.44.46:402][912]LogModuleManager: Shutting down and abandoning module LogVisualizer (522)
[2019.04.10-03.44.46:402][912]LogModuleManager: Shutting down and abandoning module IntroTutorials (520)
[2019.04.10-03.44.46:403][912]LogModuleManager: Shutting down and abandoning module GameProjectGeneration (519)
[2019.04.10-03.44.46:403][912]LogModuleManager: Shutting down and abandoning module LuminPlatformEditor (516)
[2019.04.10-03.44.46:403][912]LogModuleManager: Shutting down and abandoning module IOSPlatformEditor (514)
[2019.04.10-03.44.46:403][912]LogModuleManager: Shutting down and abandoning module HTML5PlatformEditor (512)
[2019.04.10-03.44.46:403][912]LogModuleManager: Shutting down and abandoning module AndroidPlatformEditor (510)
[2019.04.10-03.44.46:403][912]LogModuleManager: Shutting down and abandoning module AndroidDeviceDetection (509)
[2019.04.10-03.44.47:280][912]LogModuleManager: Shutting down and abandoning module WindowsPlatformEditor (506)
[2019.04.10-03.44.47:281][912]LogModuleManager: Shutting down and abandoning module LuminRuntimeSettings (504)
[2019.04.10-03.44.47:281][912]LogModuleManager: Shutting down and abandoning module IOSRuntimeSettings (502)
[2019.04.10-03.44.47:281][912]LogModuleManager: Shutting down and abandoning module AndroidRuntimeSettings (500)
[2019.04.10-03.44.47:281][912]LogModuleManager: Shutting down and abandoning module InputBindingEditor (498)
[2019.04.10-03.44.47:281][912]LogModuleManager: Shutting down and abandoning module MergeActors (496)
[2019.04.10-03.44.47:281][912]LogModuleManager: Shutting down and abandoning module LocalizationDashboard (494)
[2019.04.10-03.44.47:281][912]LogModuleManager: Shutting down and abandoning module LocalizationService (493)
[2019.04.10-03.44.47:281][912]LogModuleManager: Shutting down and abandoning module HardwareTargeting (490)
[2019.04.10-03.44.47:281][912]LogModuleManager: Shutting down and abandoning module DeviceProfileEditor (488)
[2019.04.10-03.44.47:281][912]LogModuleManager: Shutting down and abandoning module UndoHistory (486)
[2019.04.10-03.44.47:281][912]LogModuleManager: Shutting down and abandoning module XmlParser (484)
[2019.04.10-03.44.47:281][912]LogModuleManager: Shutting down and abandoning module Blutility (482)
[2019.04.10-03.44.47:282][912]LogModuleManager: Shutting down and abandoning module ProjectSettingsViewer (480)
[2019.04.10-03.44.47:282][912]LogModuleManager: Shutting down and abandoning module ProjectTargetPlatformEditor (479)
[2019.04.10-03.44.47:282][912]LogModuleManager: Shutting down and abandoning module EditorSettingsViewer (476)
[2019.04.10-03.44.47:282][912]LogModuleManager: Shutting down and abandoning module SettingsEditor (474)
[2019.04.10-03.44.47:282][912]LogModuleManager: Shutting down and abandoning module ProjectLauncher (472)
[2019.04.10-03.44.47:282][912]LogModuleManager: Shutting down and abandoning module SessionFrontend (470)
[2019.04.10-03.44.47:282][912]LogModuleManager: Shutting down and abandoning module ProfilerClient (468)
[2019.04.10-03.44.47:283][912]LogModuleManager: Shutting down and abandoning module DeviceManager (466)
[2019.04.10-03.44.47:283][912]LogModuleManager: Shutting down and abandoning module TargetDeviceServices (465)
[2019.04.10-03.44.47:346][912]LogModuleManager: Shutting down and abandoning module AutomationController (462)
[2019.04.10-03.44.47:346][912]LogModuleManager: Shutting down and abandoning module AutomationWindow (460)
[2019.04.10-03.44.47:346][912]LogModuleManager: Shutting down and abandoning module Layers (458)
[2019.04.10-03.44.47:346][912]LogModuleManager: Shutting down and abandoning module ComponentVisualizers (456)
[2019.04.10-03.44.47:346][912]LogModuleManager: Shutting down and abandoning module DetailCustomizations (454)
[2019.04.10-03.44.47:346][912]LogModuleManager: Shutting down and abandoning module PackagesDialog (452)
[2019.04.10-03.44.47:347][912]LogModuleManager: Shutting down and abandoning module Persona (450)
[2019.04.10-03.44.47:347][912]LogModuleManager: Shutting down and abandoning module AdvancedPreviewScene (449)
[2019.04.10-03.44.47:347][912]LogModuleManager: Shutting down and abandoning module AnimGraph (447)
[2019.04.10-03.44.47:347][912]LogModuleManager: Shutting down and abandoning module Kismet (444)
[2019.04.10-03.44.47:361][912]LogModuleManager: Shutting down and abandoning module GraphEditor (442)
[2019.04.10-03.44.47:361][912]LogModuleManager: Shutting down and abandoning module ClassViewer (440)
[2019.04.10-03.44.47:361][912]LogModuleManager: Shutting down and abandoning module Toolbox (438)
[2019.04.10-03.44.47:361][912]LogModuleManager: Shutting down and abandoning module ModuleUI (436)
[2019.04.10-03.44.47:361][912]LogModuleManager: Shutting down and abandoning module MovieSceneTools (434)
[2019.04.10-03.44.47:362][912]LogModuleManager: Shutting down and abandoning module OutputLog (432)
[2019.04.10-03.44.47:362][912]LogModuleManager: Shutting down and abandoning module GammaUI (430)
[2019.04.10-03.44.47:362][912]LogModuleManager: Shutting down and abandoning module Documentation (428)
[2019.04.10-03.44.47:362][912]LogModuleManager: Shutting down and abandoning module MovieSceneTracks (426)
[2019.04.10-03.44.47:362][912]LogModuleManager: Shutting down and abandoning module MovieScene (424)
[2019.04.10-03.44.47:362][912]LogModuleManager: Shutting down and abandoning module StreamingPauseRendering (422)
[2019.04.10-03.44.47:362][912]LogModuleManager: Shutting down and abandoning module LauncherPlatform (420)
[2019.04.10-03.44.47:362][912]LogModuleManager: Shutting down and abandoning module AnalyticsET (418)
[2019.04.10-03.44.47:362][912]LogModuleManager: Shutting down and abandoning module PortalServices (416)
[2019.04.10-03.44.47:362][912]LogModuleManager: Shutting down and abandoning module PortalRpc (414)
[2019.04.10-03.44.47:362][912]LogModuleManager: Shutting down and abandoning module MessagingRpc (412)
[2019.04.10-03.44.47:363][912]LogModuleManager: Shutting down and abandoning module AIModule (410)
[2019.04.10-03.44.47:363][912]LogModuleManager: Shutting down and abandoning module GameplayDebugger (409)
[2019.04.10-03.44.47:363][912]LogModuleManager: Shutting down and abandoning module AITestSuite (407)
[2019.04.10-03.44.47:363][912]LogModuleManager: Shutting down and abandoning module NavigationSystem (405)
[2019.04.10-03.44.47:363][912]LogModuleManager: Shutting down and abandoning module DesktopPlatform (402)
[2019.04.10-03.44.47:363][912]LogModuleManager: Shutting down and abandoning module ProfilerService (400)
[2019.04.10-03.44.47:395][912]LogModuleManager: Shutting down and abandoning module TaskGraph (398)
[2019.04.10-03.44.47:396][912]LogModuleManager: Shutting down and abandoning module SteamVRController (396)
[2019.04.10-03.44.47:396][912]LogModuleManager: Shutting down and abandoning module ProceduralMeshComponentEditor (394)
[2019.04.10-03.44.47:396][912]LogModuleManager: Shutting down and abandoning module ProceduralMeshComponent (392)
[2019.04.10-03.44.47:396][912]LogModuleManager: Shutting down and abandoning module OculusInput (390)
[2019.04.10-03.44.47:396][912]LogModuleManager: Shutting down and abandoning module MobilePatchingUtils (388)
[2019.04.10-03.44.47:396][912]LogModuleManager: Shutting down and abandoning module EditableMesh (386)
[2019.04.10-03.44.47:396][912]LogModuleManager: Shutting down and abandoning module CustomMeshComponent (384)
[2019.04.10-03.44.47:396][912]LogModuleManager: Shutting down and abandoning module CableComponent (382)
[2019.04.10-03.44.47:396][912]LogModuleManager: Shutting down and abandoning module AudioCapture (380)
[2019.04.10-03.44.47:396][912]LogModuleManager: Shutting down and abandoning module ArchVisCharacter (378)
[2019.04.10-03.44.47:396][912]LogModuleManager: Shutting down and abandoning module AndroidPermission (376)
[2019.04.10-03.44.47:396][912]LogModuleManager: Shutting down and abandoning module NUTUnrealEngine4 (374)
[2019.04.10-03.44.47:396][912]LogModuleManager: Shutting down and abandoning module NetcodeUnitTest (372)
[2019.04.10-03.44.47:396][912]LogModuleManager: Shutting down and abandoning module MediaCompositingEditor (370)
[2019.04.10-03.44.47:397][912]LogModuleManager: Shutting down and abandoning module MediaCompositing (368)
[2019.04.10-03.44.47:397][912]LogModuleManager: Shutting down and abandoning module LinearTimecode (366)
[2019.04.10-03.44.47:397][912]LogModuleManager: Shutting down and abandoning module ImgMedia (364)
[2019.04.10-03.44.47:408][912]LogModuleManager: Shutting down and abandoning module HTML5Networking (362)
[2019.04.10-03.44.47:408][912]LogModuleManager: Shutting down and abandoning module GeometryCacheTracks (360)
[2019.04.10-03.44.47:408][912]LogModuleManager: Shutting down and abandoning module GeometryCacheSequencer (358)
[2019.04.10-03.44.47:408][912]LogModuleManager: Shutting down and abandoning module BackChannel (356)
[2019.04.10-03.44.47:408][912]LogModuleManager: Shutting down and abandoning module AppleVision (354)
[2019.04.10-03.44.47:408][912]LogModuleManager: Shutting down and abandoning module AppleImageUtils (352)
[2019.04.10-03.44.47:408][912]LogModuleManager: Shutting down and abandoning module AlembicImporter (350)
[2019.04.10-03.44.47:408][912]LogModuleManager: Shutting down and abandoning module AlembicLibrary (349)
[2019.04.10-03.44.47:408][912]LogModuleManager: Shutting down and abandoning module GeometryCache (348)
[2019.04.10-03.44.47:408][912]LogModuleManager: Shutting down and abandoning module GeometryCacheEd (347)
[2019.04.10-03.44.47:408][912]LogModuleManager: Shutting down and abandoning module DatasmithContentEditor (342)
[2019.04.10-03.44.47:409][912]LogModuleManager: Shutting down and abandoning module DatasmithContent (340)
[2019.04.10-03.44.47:410][912]LogModuleManager: Shutting down and abandoning module SpeedTreeImporter (338)
[2019.04.10-03.44.47:410][912]LogModuleManager: Shutting down and abandoning module PluginBrowser (336)
[2019.04.10-03.44.47:411][912]LogModuleManager: Shutting down and abandoning module MobileLauncherProfileWizard (334)
[2019.04.10-03.44.47:411][912]LogModuleManager: Shutting down and abandoning module PolygonModeling (332)
[2019.04.10-03.44.47:411][912]LogModuleManager: Shutting down and abandoning module MeshEditor (330)
[2019.04.10-03.44.47:411][912]LogModuleManager: Shutting down and abandoning module CryptoKeysOpenSSL (328)
[2019.04.10-03.44.47:411][912]LogModuleManager: Shutting down and abandoning module CryptoKeys (326)
[2019.04.10-03.44.47:411][912]LogModuleManager: Shutting down and abandoning module VisualStudioSourceCodeAccess (324)
[2019.04.10-03.44.47:411][912]LogModuleManager: Shutting down and abandoning module VisualStudioCodeSourceCodeAccess (322)
[2019.04.10-03.44.47:411][912]LogModuleManager: Shutting down and abandoning module UObjectPlugin (320)
[2019.04.10-03.44.47:411][912]LogModuleManager: Shutting down and abandoning module SubversionSourceControl (318)
[2019.04.10-03.44.47:411][912]LogModuleManager: Shutting down and abandoning module PerforceSourceControl (316)
[2019.04.10-03.44.47:412][912]LogModuleManager: Shutting down and abandoning module GitSourceControl (314)
[2019.04.10-03.44.47:412][912]LogModuleManager: Shutting down and abandoning module SourceControl (313)
[2019.04.10-03.44.47:412][912]LogModuleManager: Shutting down and abandoning module CLionSourceCodeAccess (310)
[2019.04.10-03.44.47:412][912]LogModuleManager: Shutting down and abandoning module LightPropagationVolumeEditor (308)
[2019.04.10-03.44.47:412][912]LogModuleManager: Shutting down and abandoning module PaperTiledImporter (306)
[2019.04.10-03.44.47:412][912]LogModuleManager: Shutting down and abandoning module PaperSpriteSheetImporter (304)
[2019.04.10-03.44.47:412][912]LogModuleManager: Shutting down and abandoning module Paper2DEditor (302)
[2019.04.10-03.44.47:413][912]LogModuleManager: Shutting down and abandoning module MeshPaint (301)
[2019.04.10-03.44.47:413][912]LogModuleManager: Shutting down and abandoning module RuntimePhysXCooking (298)
[2019.04.10-03.44.47:413][912]LogModuleManager: Shutting down and abandoning module PhysXVehiclesEditor (296)
[2019.04.10-03.44.47:413][912]LogModuleManager: Shutting down and abandoning module PhysXVehicles (294)
[2019.04.10-03.44.47:413][912]LogModuleManager: Shutting down and abandoning module OculusEditor (292)
[2019.04.10-03.44.47:413][912]LogModuleManager: Shutting down and abandoning module LocationServicesBPLibrary (290)
[2019.04.10-03.44.47:413][912]LogModuleManager: Shutting down and abandoning module ImmediatePhysicsEditor (288)
[2019.04.10-03.44.47:414][912]LogModuleManager: Shutting down and abandoning module ImmediatePhysics (286)
[2019.04.10-03.44.47:414][912]LogModuleManager: Shutting down and abandoning module ActorSequence (284)
[2019.04.10-03.44.47:414][912]LogModuleManager: Shutting down and abandoning module UdpMessaging (282)
[2019.04.10-03.44.47:515][912]LogModuleManager: Shutting down and abandoning module TcpMessaging (280)
[2019.04.10-03.44.47:615][912]LogModuleManager: Shutting down and abandoning module MagicLeapAudio (278)
[2019.04.10-03.44.47:615][912]LogModuleManager: Shutting down and abandoning module GameplayTagsEditor (276)
[2019.04.10-03.44.47:615][912]LogModuleManager: Shutting down and abandoning module FacialAnimationEditor (274)
[2019.04.10-03.44.47:615][912]LogModuleManager: Shutting down and abandoning module FacialAnimation (272)
[2019.04.10-03.44.47:615][912]LogModuleManager: Shutting down and abandoning module DataValidation (270)
[2019.04.10-03.44.47:615][912]LogModuleManager: Shutting down and abandoning module AssetManagerEditor (268)
[2019.04.10-03.44.47:615][912]LogModuleManager: Shutting down and abandoning module LevelEditor (267)
[2019.04.10-03.44.47:618][912]LogModuleManager: Shutting down and abandoning module PixelInspectorModule (266)
[2019.04.10-03.44.47:618][912]LogModuleManager: Shutting down and abandoning module CommonMenuExtensions (264)
[2019.04.10-03.44.47:618][912]LogModuleManager: Shutting down and abandoning module MainFrame (262)
[2019.04.10-03.44.47:618][912]LogModuleManager: Shutting down and abandoning module HotReload (261)
[2019.04.10-03.44.47:625][912]LogModuleManager: Shutting down and abandoning module ContentBrowser (257)
[2019.04.10-03.44.47:627][912]LogModuleManager: Shutting down and abandoning module TreeMap (255)
[2019.04.10-03.44.47:627][912]LogModuleManager: Shutting down and abandoning module LightPropagationVolumeRuntime (252)
[2019.04.10-03.44.47:628][912]LogModuleManager: Shutting down and abandoning module AISupportModule (250)
[2019.04.10-03.44.47:628][912]LogModuleManager: Shutting down and abandoning module Paper2D (248)
[2019.04.10-03.44.47:628][912]LogModuleManager: Shutting down and abandoning module WindowsMoviePlayer (246)
[2019.04.10-03.44.47:628][912]LogModuleManager: Shutting down and abandoning module WmfMedia (244)
[2019.04.10-03.44.47:631][912]LogModuleManager: Shutting down and abandoning module Media (243)
[2019.04.10-03.44.47:639][912]LogModuleManager: Shutting down and abandoning module PacketHandler (240)
[2019.04.10-03.44.47:639][912]LogModuleManager: Shutting down and abandoning module ClothingSystemEditor (238)
[2019.04.10-03.44.47:639][912]LogModuleManager: Shutting down and abandoning module ClothingSystemRuntime (236)
[2019.04.10-03.44.47:639][912]LogModuleManager: Shutting down and abandoning module MediaAssets (234)
[2019.04.10-03.44.47:639][912]LogModuleManager: Shutting down and abandoning module Overlay (232)
[2019.04.10-03.44.47:639][912]LogModuleManager: Shutting down and abandoning module OverlayEditor (231)
[2019.04.10-03.44.47:639][912]LogModuleManager: Shutting down and abandoning module VREditor (228)
[2019.04.10-03.44.47:639][912]LogModuleManager: Shutting down and abandoning module StringTableEditor (226)
[2019.04.10-03.44.47:639][912]LogModuleManager: Shutting down and abandoning module GameplayTasksEditor (224)
[2019.04.10-03.44.47:639][912]LogModuleManager: Shutting down and abandoning module BehaviorTreeEditor (222)
[2019.04.10-03.44.47:639][912]LogModuleManager: Shutting down and abandoning module FunctionalTesting (220)
[2019.04.10-03.44.47:640][912]LogModuleManager: Shutting down and abandoning module CollisionAnalyzer (218)
[2019.04.10-03.44.47:640][912]LogModuleManager: Shutting down and abandoning module WorkspaceMenuStructure (217)
[2019.04.10-03.44.47:640][912]LogModuleManager: Shutting down and abandoning module UMG (214)
[2019.04.10-03.44.47:640][912]LogModuleManager: Shutting down and abandoning module UMGEditor (213)
[2019.04.10-03.44.47:640][912]LogModuleManager: Shutting down and abandoning module Sequencer (212)
[2019.04.10-03.44.47:640][912]LogModuleManager: Shutting down and abandoning module MessageLog (209)
[2019.04.10-03.44.47:640][912]LogModuleManager: Shutting down and abandoning module SlateReflector (204)
[2019.04.10-03.44.47:641][912]LogModuleManager: Shutting down and abandoning module Slate (202)
[2019.04.10-03.44.47:641][912]LogModuleManager: Shutting down and abandoning module EditorStyle (200)
[2019.04.10-03.44.47:646][912]LogModuleManager: Shutting down and abandoning module MRMesh (198)
[2019.04.10-03.44.47:647][912]LogModuleManager: Shutting down and abandoning module SourceCodeAccess (196)
[2019.04.10-03.44.47:647][912]LogModuleManager: Shutting down and abandoning module HeadMountedDisplay (194)
[2019.04.10-03.44.47:647][912]LogModuleManager: Shutting down and abandoning module XAudio2 (192)
[2019.04.10-03.44.47:647][912]LogModuleManager: Shutting down and abandoning module Networking (190)
[2019.04.10-03.44.47:647][912]LogModuleManager: Shutting down and abandoning module Core (188)
[2019.04.10-03.44.47:647][912]LogModuleManager: Shutting down and abandoning module LevelSequence (186)
[2019.04.10-03.44.47:647][912]LogModuleManager: Shutting down and abandoning module KismetCompiler (184)
[2019.04.10-03.44.47:647][912]LogModuleManager: Shutting down and abandoning module MeshUtilities (182)
[2019.04.10-03.44.47:647][912]LogModuleManager: Shutting down and abandoning module MeshMergeUtilities (181)
[2019.04.10-03.44.47:647][912]LogModuleManager: Shutting down and abandoning module MeshReductionInterface (180)
[2019.04.10-03.44.47:647][912]LogModuleManager: Shutting down and abandoning module SimplygonSwarm (179)
[2019.04.10-03.44.47:647][912]LogModuleManager: Shutting down and abandoning module ProxyLODMeshReduction (177)
[2019.04.10-03.44.47:647][912]LogModuleManager: Shutting down and abandoning module SimplygonMeshReduction (175)
[2019.04.10-03.44.47:648][912]LogModuleManager: Shutting down and abandoning module QuadricMeshReduction (173)
[2019.04.10-03.44.47:648][912]LogModuleManager: Shutting down and abandoning module MaterialBaking (169)
[2019.04.10-03.44.47:648][912]LogModuleManager: Shutting down and abandoning module DirectoryWatcher (165)
[2019.04.10-03.44.47:648][912]LogModuleManager: Shutting down and abandoning module DerivedDataCache (162)
[2019.04.10-03.44.47:694][912]LogDerivedDataCache: Shutdown
[2019.04.10-03.44.47:695][912]LogModuleManager: Shutting down and abandoning module XGEController (160)
[2019.04.10-03.44.47:695][912]LogModuleManager: Shutting down and abandoning module TargetPlatform (158)
[2019.04.10-03.44.47:695][912]LogModuleManager: Shutting down and abandoning module VulkanShaderFormat (157)
[2019.04.10-03.44.47:695][912]LogModuleManager: Shutting down and abandoning module ShaderFormatVectorVM (155)
[2019.04.10-03.44.47:695][912]LogModuleManager: Shutting down and abandoning module ShaderFormatOpenGL (153)
[2019.04.10-03.44.47:695][912]LogModuleManager: Shutting down and abandoning module ShaderFormatD3D (151)
[2019.04.10-03.44.47:695][912]LogModuleManager: Shutting down and abandoning module MetalShaderFormat (149)
[2019.04.10-03.44.47:695][912]LogModuleManager: Shutting down and abandoning module TextureFormatUncompressed (147)
[2019.04.10-03.44.47:695][912]LogModuleManager: Shutting down and abandoning module TextureFormatPVR (145)
[2019.04.10-03.44.47:695][912]LogModuleManager: Shutting down and abandoning module TextureFormatDXT (143)
[2019.04.10-03.44.47:695][912]LogModuleManager: Shutting down and abandoning module TextureFormatIntelISPCTexComp (141)
[2019.04.10-03.44.47:696][912]LogModuleManager: Shutting down and abandoning module TextureFormatASTC (139)
[2019.04.10-03.44.47:696][912]LogModuleManager: Shutting down and abandoning module ImageWrapper (138)
[2019.04.10-03.44.47:696][912]LogModuleManager: Shutting down and abandoning module TextureFormatAndroid (135)
[2019.04.10-03.44.47:696][912]LogModuleManager: Shutting down and abandoning module AudioFormatOpus (133)
[2019.04.10-03.44.47:696][912]LogModuleManager: Shutting down and abandoning module AudioFormatOgg (131)
[2019.04.10-03.44.47:696][912]LogModuleManager: Shutting down and abandoning module AudioFormatADPCM (129)
[2019.04.10-03.44.47:696][912]LogModuleManager: Shutting down and abandoning module LuminTargetPlatform (127)
[2019.04.10-03.44.47:696][912]LogModuleManager: Shutting down and abandoning module LinuxTargetPlatform (125)
[2019.04.10-03.44.47:696][912]LogModuleManager: Shutting down and abandoning module LinuxServerTargetPlatform (123)
[2019.04.10-03.44.47:696][912]LogModuleManager: Shutting down and abandoning module LinuxNoEditorTargetPlatform (121)
[2019.04.10-03.44.47:696][912]LogModuleManager: Shutting down and abandoning module LinuxClientTargetPlatform (119)
[2019.04.10-03.44.47:696][912]LogModuleManager: Shutting down and abandoning module TVOSTargetPlatform (117)
[2019.04.10-03.44.47:699][912]LogModuleManager: Shutting down and abandoning module Messaging (115)
[2019.04.10-03.44.47:699][912]LogModuleManager: Shutting down and abandoning module IOSTargetPlatform (113)
[2019.04.10-03.44.47:701][912]LogModuleManager: Shutting down and abandoning module HTML5TargetPlatform (111)
[2019.04.10-03.44.47:702][912]LogModuleManager: Shutting down and abandoning module AndroidTargetPlatform (109)
[2019.04.10-03.44.47:721][912]LogModuleManager: Shutting down and abandoning module WindowsTargetPlatform (107)
[2019.04.10-03.44.47:721][912]LogModuleManager: Shutting down and abandoning module WindowsServerTargetPlatform (105)
[2019.04.10-03.44.47:721][912]LogModuleManager: Shutting down and abandoning module WindowsNoEditorTargetPlatform (103)
[2019.04.10-03.44.47:721][912]LogModuleManager: Shutting down and abandoning module WindowsClientTargetPlatform (101)
[2019.04.10-03.44.47:721][912]LogModuleManager: Shutting down and abandoning module MacTargetPlatform (99)
[2019.04.10-03.44.47:721][912]LogModuleManager: Shutting down and abandoning module MacServerTargetPlatform (97)
[2019.04.10-03.44.47:721][912]LogModuleManager: Shutting down and abandoning module MacNoEditorTargetPlatform (95)
[2019.04.10-03.44.47:721][912]LogModuleManager: Shutting down and abandoning module MacClientTargetPlatform (93)
[2019.04.10-03.44.47:722][912]LogModuleManager: Shutting down and abandoning module AllDesktopTargetPlatform (91)
[2019.04.10-03.44.47:722][912]LogModuleManager: Shutting down and abandoning module InputCore (88)
[2019.04.10-03.44.47:722][912]LogModuleManager: Shutting down and abandoning module Settings (86)
[2019.04.10-03.44.47:722][912]LogModuleManager: Shutting down and abandoning module PhysXCooking (84)
[2019.04.10-03.44.47:722][912]LogModuleManager: Shutting down and abandoning module SteamVR (82)
[2019.04.10-03.44.47:722][912]LogModuleManager: Shutting down and abandoning module OculusHMD (80)
[2019.04.10-03.44.47:722][912]LogModuleManager: Shutting down and abandoning module ExampleDeviceProfileSelector (78)
[2019.04.10-03.44.47:722][912]LogModuleManager: Shutting down and abandoning module LauncherChunkInstaller (76)
[2019.04.10-03.44.47:722][912]LogModuleManager: Shutting down and abandoning module OnlineBlueprintSupport (74)
[2019.04.10-03.44.47:722][912]LogModuleManager: Shutting down and abandoning module OnlineSubsystem (70)
[2019.04.10-03.44.47:724][912]LogModuleManager: Shutting down and abandoning module XMPP (65)
[2019.04.10-03.44.47:724][912]LogModuleManager: Shutting down and abandoning module WebSockets (64)
[2019.04.10-03.44.47:748][912]LogModuleManager: Shutting down and abandoning module HTTP (61)
[2019.04.10-03.44.47:748][912]LogHttp: Display: Http module shutting down, but needs to wait on 1 outstanding Http requests:
[2019.04.10-03.44.47:748][912]LogHttp: Display: 	verb=[POST] url=[https://datarouter.ol.epicgames.com/datarouter/api/v1/public/data?SessionID=%7B16EF1B88-4C8E-B19B-68B7-AFBF25E4B4CA%7D&AppID=UEEditor.Rocket.Release&AppVersion=4.20.1-4233996%2B%2B%2BUE4%2BRelease-4.20&UserID=1a5182fc4ec3d6095e12aba4e85eab08%7C%7Ccc1dff13-541f-4052-b5a5-93f95ea44460&AppEnvironment=datacollector-binary&UploadType=eteventstream] status=Processing
[2019.04.10-03.44.47:781][912]LogModuleManager: Shutting down and abandoning module SSL (60)
[2019.04.10-03.44.47:784][912]LogModuleManager: Shutting down and abandoning module MagicLeapEmulator (56)
[2019.04.10-03.44.47:784][912]LogModuleManager: Shutting down and abandoning module MagicLeapPrivileges (54)
[2019.04.10-03.44.47:785][912]LogModuleManager: Shutting down and abandoning module MagicLeapIdentity (52)
[2019.04.10-03.44.47:785][912]LogModuleManager: Shutting down and abandoning module MagicLeapHelperVulkan (50)
[2019.04.10-03.44.47:785][912]LogModuleManager: Shutting down and abandoning module MagicLeapHelperOpenGL (48)
[2019.04.10-03.44.47:785][912]LogModuleManager: Shutting down and abandoning module MagicLeapSecureStorage (46)
[2019.04.10-03.44.47:785][912]LogModuleManager: Shutting down and abandoning module MagicLeapGestures (44)
[2019.04.10-03.44.47:785][912]LogModuleManager: Shutting down and abandoning module MagicLeapEyeTracker (42)
[2019.04.10-03.44.47:785][912]LogModuleManager: Shutting down and abandoning module MagicLeapController (40)
[2019.04.10-03.44.47:785][912]LogSlate: Slate User Destroyed.  User Index 0, Is Virtual User: 0
[2019.04.10-03.44.47:785][912]LogModuleManager: Shutting down and abandoning module MagicLeap (38)
[2019.04.10-03.44.47:786][912]LogModuleManager: Shutting down and abandoning module AnimationModifiers (36)
[2019.04.10-03.44.47:786][912]LogModuleManager: Shutting down and abandoning module PropertyEditor (35)
[2019.04.10-03.44.47:786][912]LogModuleManager: Shutting down and abandoning module AudioEditor (32)
[2019.04.10-03.44.47:786][912]LogModuleManager: Shutting down and abandoning module TextureCompressor (30)
[2019.04.10-03.44.47:787][912]LogModuleManager: Shutting down and abandoning module ShaderCore (28)
[2019.04.10-03.44.47:787][912]LogModuleManager: Shutting down and abandoning module Landscape (26)
[2019.04.10-03.44.47:787][912]LogModuleManager: Shutting down and abandoning module SlateRHIRenderer (24)
[2019.04.10-03.44.47:788][912]LogModuleManager: Shutting down and abandoning module OpenGLDrv (22)
[2019.04.10-03.44.47:789][912]LogModuleManager: Shutting down and abandoning module D3D11RHI (20)
[2019.04.10-03.44.47:789][912]LogModuleManager: Shutting down and abandoning module AnimGraphRuntime (18)
[2019.04.10-03.44.47:789][912]LogModuleManager: Shutting down and abandoning module Renderer (16)
[2019.04.10-03.44.47:789][912]LogModuleManager: Shutting down and abandoning module Engine (14)
[2019.04.10-03.44.47:789][912]LogModuleManager: Shutting down and abandoning module CoreUObject (12)
[2019.04.10-03.44.47:789][912]LogModuleManager: Shutting down and abandoning module NetworkFile (10)
[2019.04.10-03.44.47:789][912]LogModuleManager: Shutting down and abandoning module CookedIterativeFile (8)
[2019.04.10-03.44.47:789][912]LogModuleManager: Shutting down and abandoning module StreamingFile (6)
[2019.04.10-03.44.47:789][912]LogModuleManager: Shutting down and abandoning module SandboxFile (4)
[2019.04.10-03.44.47:789][912]LogModuleManager: Shutting down and abandoning module PakFile (2)
[2019.04.10-03.44.47:809][912]LogExit: Exiting.
[2019.04.10-03.44.47:814][912]Log file closed, 04/09/19 23:44:47
