Log file open, 04/05/19 02:09:17
LogWindows: Failed to load 'aqProf.dll' (GetLastError=126)
LogWindows: File 'aqProf.dll' does not exist
LogWindows: Failed to load 'VSPerf140.dll' (GetLastError=126)
LogWindows: File 'VSPerf140.dll' does not exist
LogWindows: Failed to load 'VtuneApi.dll' (GetLastError=126)
LogWindows: File 'VtuneApi.dll' does not exist
LogWindows: Failed to load 'VtuneApi32e.dll' (GetLastError=126)
LogWindows: File 'VtuneApi32e.dll' does not exist
LogInit: Display: Running engine for game: In_The_Maze
LogPlatformFile: Not using cached read wrapper
LogTaskGraph: Started task graph with 5 named threads and 23 total threads with 3 sets of task threads.
LogStats: Stats thread started at 0.384712
LogD3D11RHI: Loaded GFSDK_Aftermath_Lib.x64.dll
LogICUInternationalization: Display: ICU TimeZone Detection - Raw Offset: -5:00, Platform Override: ''
LogPluginManager: Mounting plugin Paper2D
LogPluginManager: Mounting plugin AISupport
LogPluginManager: Mounting plugin LightPropagationVolume
LogPluginManager: Mounting plugin CLionSourceCodeAccess
LogPluginManager: Mounting plugin CodeLiteSourceCodeAccess
LogPluginManager: Mounting plugin GitSourceControl
LogPluginManager: Mounting plugin KDevelopSourceCodeAccess
LogPluginManager: Mounting plugin NullSourceCodeAccess
LogPluginManager: Mounting plugin PerforceSourceControl
LogPluginManager: Mounting plugin SubversionSourceControl
LogPluginManager: Mounting plugin UObjectPlugin
LogPluginManager: Mounting plugin VisualStudioCodeSourceCodeAccess
LogPluginManager: Mounting plugin VisualStudioSourceCodeAccess
LogPluginManager: Mounting plugin XCodeSourceCodeAccess
LogPluginManager: Mounting plugin AssetManagerEditor
LogPluginManager: Mounting plugin CryptoKeys
LogPluginManager: Mounting plugin DataValidation
LogPluginManager: Mounting plugin FacialAnimation
LogPluginManager: Mounting plugin GameplayTagsEditor
LogPluginManager: Mounting plugin MacGraphicsSwitching
LogPluginManager: Mounting plugin MeshEditor
LogPluginManager: Mounting plugin MobileLauncherProfileWizard
LogPluginManager: Mounting plugin PluginBrowser
LogPluginManager: Mounting plugin SpeedTreeImporter
LogPluginManager: Mounting plugin DatasmithContent
LogPluginManager: Mounting plugin AlembicImporter
LogPluginManager: Mounting plugin AppleImageUtils
LogPluginManager: Mounting plugin AppleVision
LogPluginManager: Mounting plugin BackChannel
LogPluginManager: Mounting plugin CharacterAI
LogPluginManager: Mounting plugin GeometryCache
LogPluginManager: Mounting plugin HTML5Networking
LogPluginManager: Mounting plugin ProxyLODPlugin
LogPluginManager: Mounting plugin MagicLeap
LogPluginManager: Mounting plugin MagicLeapEmulator
LogPluginManager: Mounting plugin MagicLeapMedia
LogPluginManager: Mounting plugin AndroidMedia
LogPluginManager: Mounting plugin AvfMedia
LogPluginManager: Mounting plugin ImgMedia
LogPluginManager: Mounting plugin LinearTimecode
LogPluginManager: Mounting plugin MediaCompositing
LogPluginManager: Mounting plugin MediaPlayerEditor
LogPluginManager: Mounting plugin WmfMedia
LogPluginManager: Mounting plugin TcpMessaging
LogPluginManager: Mounting plugin UdpMessaging
LogPluginManager: Mounting plugin ActorSequence
LogPluginManager: Mounting plugin LevelSequenceEditor
LogPluginManager: Mounting plugin MatineeToLevelSequence
LogPluginManager: Mounting plugin NetcodeUnitTest
LogPluginManager: Mounting plugin NUTUnrealEngine4
LogPluginManager: Mounting plugin OnlineSubsystemGooglePlay
LogPluginManager: Mounting plugin OnlineSubsystemIOS
LogPluginManager: Mounting plugin OnlineSubsystem
LogPluginManager: Mounting plugin OnlineSubsystemNull
LogPluginManager: Mounting plugin OnlineSubsystemUtils
LogPluginManager: Mounting plugin LauncherChunkInstaller
LogPluginManager: Mounting plugin AndroidDeviceProfileSelector
LogPluginManager: Mounting plugin AndroidMoviePlayer
LogPluginManager: Mounting plugin AndroidPermission
LogPluginManager: Mounting plugin AppleMoviePlayer
LogPluginManager: Mounting plugin ArchVisCharacter
LogPluginManager: Mounting plugin AudioCapture
LogPluginManager: Mounting plugin CableComponent
LogPluginManager: Mounting plugin CustomMeshComponent
LogPluginManager: Mounting plugin EditableMesh
LogPluginManager: Mounting plugin ExampleDeviceProfileSelector
LogPluginManager: Mounting plugin GoogleCloudMessaging
LogPluginManager: Mounting plugin ImmediatePhysics
LogPluginManager: Mounting plugin IOSDeviceProfileSelector
LogPluginManager: Mounting plugin LinuxDeviceProfileSelector
LogPluginManager: Mounting plugin LocationServicesBPLibrary
LogPluginManager: Mounting plugin MobilePatchingUtils
LogPluginManager: Mounting plugin OculusVR
LogPluginManager: Plugin shader directory ../../../Engine/Plugins/Runtime/Oculus/OculusVR/Shaders found
LogPluginManager: Mapping shader source directory ../../../Engine/Plugins/Runtime/Oculus/OculusVR/Shaders to virtual directory /Plugin/OculusVR
LogPluginManager: Mounting plugin PhysXVehicles
LogPluginManager: Mounting plugin ProceduralMeshComponent
LogPluginManager: Mounting plugin RuntimePhysXCooking
LogPluginManager: Mounting plugin SteamVR
LogPluginManager: Mounting plugin WindowsMoviePlayer
LogStreaming: Display: Took  0.485s to configure plugins.
LogInit: Using libcurl 7.55.1-DEV
LogInit:  - built for x86_64-pc-win32
LogInit:  - supports SSL with OpenSSL/1.0.2h
LogInit:  - supports HTTP deflate (compression) using libz 1.2.8
LogInit:  - other features:
LogInit:      CURL_VERSION_SSL
LogInit:      CURL_VERSION_LIBZ
LogInit:      CURL_VERSION_IPV6
LogInit:      CURL_VERSION_ASYNCHDNS
LogInit:      CURL_VERSION_LARGEFILE
LogInit:      CURL_VERSION_IDN
LogInit:  CurlRequestOptions (configurable via config and command line):
LogInit:  - bVerifyPeer = false  - Libcurl will NOT verify peer certificate
LogInit:  - bUseHttpProxy = false  - Libcurl will NOT use HTTP proxy
LogInit:  - bDontReuseConnections = false  - Libcurl will reuse connections
LogInit:  - CertBundlePath = nullptr  - Libcurl will use whatever was configured at build time.
LogInit:  - MaxHostConnections = 16  - Libcurl will limit the number of connections to a host
LogInit:  - LocalHostAddr = Default
LogInit:  - BufferSize = 65536
LogInit: WinSock: version 1.1 (2.2), MaxSocks=32767, MaxUdp=65467
LogInit: Build: ++UE4+Release-4.20-CL-4233996
LogInit: Engine Version: 4.20.1-4233996+++UE4+Release-4.20
LogInit: Compatible Engine Version: 4.20.0-4212847+++UE4+Release-4.20
LogInit: Net CL: 4212847
LogInit: OS: Windows 10 (), CPU: Intel(R) Core(TM) i7-4790 CPU @ 3.60GHz, GPU: NVIDIA GeForce GTX 745
LogInit: Compiled (64-bit): Jul 26 2018 10:07:30
LogInit: Compiled with Visual C++: 19.13.26129.00
LogInit: Build Configuration: Development
LogInit: Branch Name: ++UE4+Release-4.20
LogInit: Command Line:  
LogInit: Base Directory: C:/Program Files/Epic Games/UE_4.20/Engine/Binaries/Win64/
LogInit: Installed Engine Build: 1
LogDevObjectVersion: Number of dev versions registered: 20
LogDevObjectVersion:   Dev-Blueprints (B0D832E4-1F89-4F0D-ACCF-7EB736FD4AA2): 10
LogDevObjectVersion:   Dev-Build (E1C64328-A22C-4D53-A36C-8E866417BD8C): 0
LogDevObjectVersion:   Dev-Core (375EC13C-06E4-48FB-B500-84F0262A717E): 2
LogDevObjectVersion:   Dev-Editor (E4B068ED-F494-42E9-A231-DA0B2E46BB41): 24
LogDevObjectVersion:   Dev-Framework (CFFC743F-43B0-4480-9391-14DF171D2073): 34
LogDevObjectVersion:   Dev-Mobile (B02B49B5-BB20-44E9-A304-32B752E40360): 2
LogDevObjectVersion:   Dev-Networking (A4E4105C-59A1-49B5-A7C5-40C4547EDFEE): 0
LogDevObjectVersion:   Dev-Online (39C831C9-5AE6-47DC-9A44-9C173E1C8E7C): 0
LogDevObjectVersion:   Dev-Physics (78F01B33-EBEA-4F98-B9B4-84EACCB95AA2): 0
LogDevObjectVersion:   Dev-Platform (6631380F-2D4D-43E0-8009-CF276956A95A): 0
LogDevObjectVersion:   Dev-Rendering (12F88B9F-8875-4AFC-A67C-D90C383ABD29): 26
LogDevObjectVersion:   Dev-Sequencer (7B5AE74C-D270-4C10-A958-57980B212A5A): 9
LogDevObjectVersion:   Dev-VR (D7296918-1DD6-4BDD-9DE2-64A83CC13884): 2
LogDevObjectVersion:   Dev-LoadTimes (C2A15278-BFE7-4AFE-6C17-90FF531DF755): 1
LogDevObjectVersion:   Private-Geometry (6EACA3D4-40EC-4CC1-B786-8BED09428FC5): 3
LogDevObjectVersion:   Dev-AnimPhys (29E575DD-E0A3-4627-9D10-D276232CDCEA): 17
LogDevObjectVersion:   Dev-ReflectionCapture (6B266CEC-1EC7-4B8F-A30B-E4D90942FC07): 1
LogDevObjectVersion:   Dev-Automation (0DF73D61-A23F-47EA-B727-89E90C41499A): 1
LogDevObjectVersion:   FortniteMain (601D1886-AC64-4F84-AA16-D3DE0DEAC7D6): 12
LogDevObjectVersion:   Dev-Enterprise (9DFFBCD6-494F-0158-E221-12823C92A888): 1
LogStreaming: Display: Took  0.009s to delete old logs.
LogInit: Presizing for max 8388607 objects, including 0 objects not considered by GC, pre-allocating 0 bytes for permanent pool.
LogInit: Object subsystem initialized
[2019.04.05-06.09.18:270][  0]LogInit: Selected Device Profile: [Windows]
[2019.04.05-06.09.18:270][  0]LogInit: Applying CVar settings loaded from the selected device profile: [Windows]
[2019.04.05-06.09.18:286][  0]LogHAL: Display: Platform has ~ 32 GB [34299015168 / 34359738368 / 32], which maps to Largest [LargestMinGB=32, LargerMinGB=12, DefaultMinGB=8, SmallerMinGB=6, SmallestMinGB=0)
[2019.04.05-06.09.18:286][  0]LogInit: Setting Device Profile CVar: [[r.Vulkan.UseRealUBs:1]]
[2019.04.05-06.09.18:286][  0]LogInit: Going up to parent DeviceProfile []
[2019.04.05-06.09.18:287][  0]LogInit: Computer: COSWAEC1104-19
[2019.04.05-06.09.18:287][  0]LogInit: User: meador28
[2019.04.05-06.09.18:287][  0]LogInit: CPU Page size=4096, Cores=4
[2019.04.05-06.09.18:287][  0]LogInit: High frequency timer resolution =3.507518 MHz
[2019.04.05-06.09.18:287][  0]LogMemory: Memory total: Physical=31.9GB (32GB approx)
[2019.04.05-06.09.18:287][  0]LogMemory: Platform Memory Stats for Windows
[2019.04.05-06.09.18:287][  0]LogMemory: Process Physical Memory: 100.32 MB used, 100.32 MB peak
[2019.04.05-06.09.18:287][  0]LogMemory: Process Virtual Memory: 90.96 MB used, 90.96 MB peak
[2019.04.05-06.09.18:287][  0]LogMemory: Physical Memory: 9922.47 MB used,  22787.62 MB free, 32710.09 MB total
[2019.04.05-06.09.18:287][  0]LogMemory: Virtual Memory: 4640.97 MB used,  22787.62 MB free, 134217728.00 MB total
[2019.04.05-06.09.18:322][  0]LogInit: Using OS detected language (en-US).
[2019.04.05-06.09.18:322][  0]LogInit: Using OS detected locale (en-US).
[2019.04.05-06.09.18:326][  0]LogTextLocalizationManager: No specific localization for 'en-US' exists, so the 'en' localization will be used.
[2019.04.05-06.09.18:698][  0]LogStreaming: Display: Took  0.377s to InitEngineTextLocalization.
[2019.04.05-06.09.18:699][  0]LogInit: Setting process to per monitor DPI aware
[2019.04.05-06.09.18:754][  0]LogSlate: New Slate User Created.  User Index 0, Is Virtual User: 0
[2019.04.05-06.09.18:754][  0]LogSlate: Slate User Registered.  User Index 0, Is Virtual User: 0
[2019.04.05-06.09.19:344][  0]LogHMD: Failed to initialize OpenVR with code 110
[2019.04.05-06.09.19:344][  0]LogD3D11RHI: D3D11 adapters:
[2019.04.05-06.09.19:412][  0]LogD3D11RHI:    0. 'NVIDIA GeForce GTX 745' (Feature Level 11_0)
[2019.04.05-06.09.19:412][  0]LogD3D11RHI:       4063/0/16355 MB DedicatedVideo/DedicatedSystem/SharedSystem, Outputs:1, VendorId:0x10de
[2019.04.05-06.09.19:418][  0]LogD3D11RHI:    1. 'Microsoft Basic Render Driver' (Feature Level 11_0)
[2019.04.05-06.09.19:418][  0]LogD3D11RHI:       0/0/16355 MB DedicatedVideo/DedicatedSystem/SharedSystem, Outputs:0, VendorId:0x1414
[2019.04.05-06.09.19:418][  0]LogD3D11RHI: Chosen D3D11 Adapter: 0
[2019.04.05-06.09.19:439][  0]LogD3D11RHI: Creating new Direct3DDevice
[2019.04.05-06.09.19:439][  0]LogD3D11RHI:     GPU DeviceId: 0x1382 (for the marketing name, search the web for "GPU Device Id")
[2019.04.05-06.09.19:439][  0]LogWindows: EnumDisplayDevices:
[2019.04.05-06.09.19:440][  0]LogWindows:    0. 'NVIDIA GeForce GTX 745' (P:1 D:1)
[2019.04.05-06.09.19:440][  0]LogWindows:    1. 'NVIDIA GeForce GTX 745' (P:0 D:0)
[2019.04.05-06.09.19:440][  0]LogWindows:    2. 'NVIDIA GeForce GTX 745' (P:0 D:0)
[2019.04.05-06.09.19:441][  0]LogWindows: DebugString: FoundDriverCount:3 
[2019.04.05-06.09.19:441][  0]LogD3D11RHI:     Adapter Name: NVIDIA GeForce GTX 745
[2019.04.05-06.09.19:441][  0]LogD3D11RHI:   Driver Version: 388.13 (internal:23.21.13.8813, unified:388.13)
[2019.04.05-06.09.19:441][  0]LogD3D11RHI:      Driver Date: 10-27-2017
[2019.04.05-06.09.19:441][  0]LogRHI: Texture pool is 2844 MB (70% of 4063 MB)
[2019.04.05-06.09.19:481][  0]LogD3D11RHI: Async texture creation enabled
[2019.04.05-06.09.19:495][  0]LogD3D11RHI: GPU Timing Frequency: 1000.000000 (Debug: 2 1)
[2019.04.05-06.09.19:498][  0]LogShaderCompilers: Guid format shader working directory is -24 characters bigger than the processId version (../../../../../../Users/meador28/Documents/GitHub/In-The-Maze/In_The_Maze/Intermediate/Shaders/WorkingDirectory/6416/).
[2019.04.05-06.09.19:500][  0]LogShaderCompilers: Cleaned the shader compiler working directory 'C:/Users/meador28/AppData/Local/Temp/UnrealShaderWorkingDir/4D30D6084B17AF68696466A2C9AD9D25/'.
[2019.04.05-06.09.19:863][  0]LogTemp: Display: Loaded TP AllDesktopTargetPlatform
[2019.04.05-06.09.19:881][  0]LogTemp: Display: Loaded TP MacClientTargetPlatform
[2019.04.05-06.09.19:899][  0]LogTemp: Display: Loaded TP MacNoEditorTargetPlatform
[2019.04.05-06.09.19:917][  0]LogTemp: Display: Loaded TP MacServerTargetPlatform
[2019.04.05-06.09.19:937][  0]LogTemp: Display: Loaded TP MacTargetPlatform
[2019.04.05-06.09.19:957][  0]LogTemp: Display: Loaded TP WindowsClientTargetPlatform
[2019.04.05-06.09.19:975][  0]LogTemp: Display: Loaded TP WindowsNoEditorTargetPlatform
[2019.04.05-06.09.19:993][  0]LogTemp: Display: Loaded TP WindowsServerTargetPlatform
[2019.04.05-06.09.20:004][  0]LogTemp: Display: Loaded TP WindowsTargetPlatform
[2019.04.05-06.09.20:083][  0]LogTemp: Display: Loaded TP AndroidTargetPlatform
[2019.04.05-06.09.20:083][  0]LogTemp: Display: Loaded TP AndroidTargetPlatform
[2019.04.05-06.09.20:083][  0]LogTemp: Display: Loaded TP AndroidTargetPlatform
[2019.04.05-06.09.20:083][  0]LogTemp: Display: Loaded TP AndroidTargetPlatform
[2019.04.05-06.09.20:083][  0]LogTemp: Display: Loaded TP AndroidTargetPlatform
[2019.04.05-06.09.20:083][  0]LogTemp: Display: Loaded TP AndroidTargetPlatform
[2019.04.05-06.09.20:083][  0]LogTemp: Display: Loaded TP AndroidTargetPlatform
[2019.04.05-06.09.20:083][  0]LogTemp: Display: Loaded TP AndroidTargetPlatform
[2019.04.05-06.09.20:083][  0]LogTemp: Display: Loaded TP AndroidTargetPlatform
[2019.04.05-06.09.20:083][  0]LogTemp: Display: Loaded TP AndroidTargetPlatform
[2019.04.05-06.09.20:083][  0]LogTemp: Display: Loaded TP AndroidTargetPlatform
[2019.04.05-06.09.20:083][  0]LogTemp: Display: Loaded TP AndroidTargetPlatform
[2019.04.05-06.09.20:083][  0]LogTemp: Display: Loaded TP AndroidTargetPlatform
[2019.04.05-06.09.20:083][  0]LogTemp: Display: Loaded TP AndroidTargetPlatform
[2019.04.05-06.09.20:083][  0]LogTemp: Display: Loaded TP AndroidTargetPlatform
[2019.04.05-06.09.20:083][  0]LogTemp: Display: Loaded TP AndroidTargetPlatform
[2019.04.05-06.09.20:083][  0]LogTemp: Display: Loaded TP AndroidTargetPlatform
[2019.04.05-06.09.20:083][  0]LogTemp: Display: Loaded TP AndroidTargetPlatform
[2019.04.05-06.09.20:086][  0]LogTemp: Display: Loaded TP HTML5TargetPlatform
[2019.04.05-06.09.20:153][  0]LogTemp: Display: Loaded TP IOSTargetPlatform
[2019.04.05-06.09.20:153][  0]LogTemp: Display: Loaded TP IOSTargetPlatform
[2019.04.05-06.09.20:208][  0]LogTemp: Display: Loaded TP TVOSTargetPlatform
[2019.04.05-06.09.20:208][  0]LogTemp: Display: Loaded TP TVOSTargetPlatform
[2019.04.05-06.09.20:228][  0]LogTemp: Display: Loaded TP LinuxClientTargetPlatform
[2019.04.05-06.09.20:246][  0]LogTemp: Display: Loaded TP LinuxNoEditorTargetPlatform
[2019.04.05-06.09.20:260][  0]LogTemp: Display: Loaded TP LinuxServerTargetPlatform
[2019.04.05-06.09.20:275][  0]LogTemp: Display: Loaded TP LinuxTargetPlatform
[2019.04.05-06.09.20:285][  0]LogTemp: Display: Loaded TP LuminTargetPlatform
[2019.04.05-06.09.20:285][  0]LogTargetPlatformManager: Display: Building Assets For Windows
[2019.04.05-06.09.20:426][  0]LogXGEController: Cannot use XGE Controller as Incredibuild is not installed on this machine.
[2019.04.05-06.09.20:426][  0]LogShaderCompilers: Cannot use XGE Shader Compiler as Incredibuild is not installed on this machine.
[2019.04.05-06.09.20:426][  0]LogShaderCompilers: Display: Using Local Shader Compiler.
[2019.04.05-06.09.21:362][  0]LogDerivedDataCache: Display: Max Cache Size: 512 MB
[2019.04.05-06.09.21:455][  0]LogDerivedDataCache: Loaded boot cache 0.09s 71MB C:/Users/meador28/AppData/Local/UnrealEngine/4.20/DerivedDataCache/Boot.ddc.
[2019.04.05-06.09.21:456][  0]LogDerivedDataCache: Display: Loaded Boot cache: C:/Users/meador28/AppData/Local/UnrealEngine/4.20/DerivedDataCache/Boot.ddc
[2019.04.05-06.09.21:456][  0]LogDerivedDataCache: FDerivedDataBackendGraph:  Pak pak cache file ../../../../../../Users/meador28/Documents/GitHub/In-The-Maze/In_The_Maze/DerivedDataCache/DDC.ddp not found, will not use a pak cache.
[2019.04.05-06.09.21:456][  0]LogDerivedDataCache: Unable to find inner node Pak for hierarchical cache Hierarchy.
[2019.04.05-06.09.21:456][  0]LogDerivedDataCache: FDerivedDataBackendGraph:  CompressedPak pak cache file ../../../../../../Users/meador28/Documents/GitHub/In-The-Maze/In_The_Maze/DerivedDataCache/Compressed.ddp not found, will not use a pak cache.
[2019.04.05-06.09.21:456][  0]LogDerivedDataCache: Unable to find inner node CompressedPak for hierarchical cache Hierarchy.
[2019.04.05-06.09.21:471][  0]LogDerivedDataCache: Display: Pak cache opened for reading ../../../Engine/DerivedDataCache/Compressed.ddp.
[2019.04.05-06.09.21:490][  0]LogDerivedDataCache: Using Local data cache path C:/Users/meador28/AppData/Local/UnrealEngine/Common/DerivedDataCache: Writable
[2019.04.05-06.09.21:490][  0]LogDerivedDataCache: Shared data cache path not found in *engine.ini, will not use an Shared cache.
[2019.04.05-06.09.21:490][  0]LogDerivedDataCache: Unable to find inner node Shared for hierarchical cache Hierarchy.
[2019.04.05-06.09.21:509][  0]LogMaterial: Verifying Global Shaders for PCD3D_SM5
[2019.04.05-06.09.21:510][  0]LogSlate: Using FreeType 2.6.0
[2019.04.05-06.09.21:512][  0]LogSlate: SlateFontServices - WITH_FREETYPE: 1, WITH_HARFBUZZ: 1
[2019.04.05-06.09.21:626][  0]LogAssetRegistry: FAssetRegistry took 0.0265 seconds to start up
[2019.04.05-06.09.21:995][  0]LogInit: Selected Device Profile: [Windows]
[2019.04.05-06.09.22:165][  0]LogSimplygon: Simplygon DLL not present - disabling.
[2019.04.05-06.09.22:174][  0]LogMeshReduction: Using SimplygonSwarm for distributed automatic mesh merging
[2019.04.05-06.09.22:174][  0]LogMeshReduction: Using ProxyLODMeshReduction for automatic mesh merging
[2019.04.05-06.09.22:174][  0]LogMeshReduction: Using QuadricMeshReduction for automatic static mesh reduction
[2019.04.05-06.09.22:174][  0]LogMeshReduction: No automatic skeletal mesh reduction module available
[2019.04.05-06.09.22:191][  0]LogNetVersion: In_The_Maze 1.0.0, NetCL: 4212847, EngineNetVer: 5, GameNetVer: 0 (Checksum: 1726018356)
[2019.04.05-06.09.22:941][  0]LogPackageLocalizationCache: Processed 11 localized package path(s) for 2 prioritized culture(s) in 0.266516 seconds
[2019.04.05-06.09.22:947][  0]LogUObjectArray: 38425 objects as part of root set at end of initial load.
[2019.04.05-06.09.22:947][  0]LogUObjectAllocator: 6690864 out of 0 bytes used by permanent object pool.
[2019.04.05-06.09.22:947][  0]LogUObjectArray: CloseDisregardForGC: 0/0 objects in disregard for GC pool
[2019.04.05-06.09.24:447][  0]LogTcpMessaging: Initializing TcpMessaging bridge
[2019.04.05-06.09.24:461][  0]LogUdpMessaging: Initializing bridge on interface 0.0.0.0:0 to multicast group 230.0.0.1:6666.
[2019.04.05-06.09.24:671][  0]SourceControl: Source control is disabled
[2019.04.05-06.09.24:671][  0]SourceControl: Source control is disabled
[2019.04.05-06.09.24:674][  0]SourceControl: Source control is disabled
[2019.04.05-06.09.24:676][  0]SourceControl: Source control is disabled
[2019.04.05-06.09.24:934][  0]LogAndroidPermission: UAndroidPermissionCallbackProxy::GetInstance
[2019.04.05-06.09.24:999][  0]LogOcInput: OculusInput pre-init called
[2019.04.05-06.09.25:077][  0]LogEngine: Initializing Engine...
[2019.04.05-06.09.25:079][  0]LogHMD: Failed to initialize OpenVR with code 110
[2019.04.05-06.09.25:080][  0]LogStats: UGameplayTagsManager::ConstructGameplayTagTree: ImportINI prefixes -  0.000 s
[2019.04.05-06.09.25:080][  0]LogStats: UGameplayTagsManager::ConstructGameplayTagTree: Construct from data asset -  0.000 s
[2019.04.05-06.09.25:081][  0]LogStats: UGameplayTagsManager::ConstructGameplayTagTree: ImportINI -  0.000 s
[2019.04.05-06.09.25:081][  0]LogStats: UGameplayTagsManager::ConstructGameplayTagTree: GameplayTagTreeChangedEvent.Broadcast -  0.000 s
[2019.04.05-06.09.25:308][  0]LogInit: Initializing FReadOnlyCVARCache
[2019.04.05-06.09.25:340][  0]LogAIModule: Creating AISystem for world Untitled
[2019.04.05-06.09.25:354][  0]LogInit: XAudio2 using 'Speakers / Headphones (Realtek High Definition Audio)' : 2 channels at 48 kHz using 32 bits per sample (channel mask 0x3)
[2019.04.05-06.09.25:396][  0]LogInit: FAudioDevice initialized.
[2019.04.05-06.09.25:397][  0]LogNetVersion: Set ProjectVersion to 1.0.0.0. Version Checksum will be recalculated on next use.
[2019.04.05-06.09.25:567][  0]LogDerivedDataCache: Saved boot cache 0.17s 71MB C:/Users/meador28/AppData/Local/UnrealEngine/4.20/DerivedDataCache/Boot.ddc.
[2019.04.05-06.09.25:584][  0]LogInit: Texture streaming: Enabled
[2019.04.05-06.09.25:627][  0]LogEngineSessionManager: EngineSessionManager initialized
[2019.04.05-06.09.25:655][  0]LogInit: Transaction tracking system initialized
[2019.04.05-06.09.25:715][  0]BlueprintLog: New page: Editor Load
[2019.04.05-06.09.25:921][  0]LocalizationService: Localization service is disabled
[2019.04.05-06.09.26:293][  0]LogCook: Display: Max memory allowance for cook 16384mb min free memory 0mb
[2019.04.05-06.09.26:293][  0]LogCook: Display: Mobile HDR setting 1
[2019.04.05-06.09.26:294][  0]LogGameplayTags: Display: UGameplayTagsManager::DoneAddingNativeTags. DelegateIsBound: 0
[2019.04.05-06.09.26:294][  0]LogStats: UGameplayTagsManager::ConstructGameplayTagTree: ImportINI prefixes -  0.000 s
[2019.04.05-06.09.26:294][  0]LogStats: UGameplayTagsManager::ConstructGameplayTagTree: Construct from data asset -  0.000 s
[2019.04.05-06.09.26:294][  0]LogStats: UGameplayTagsManager::ConstructGameplayTagTree: ImportINI -  0.001 s
[2019.04.05-06.09.26:294][  0]LogStats: UGameplayTagsManager::ConstructGameplayTagTree: GameplayTagTreeChangedEvent.Broadcast -  0.000 s
[2019.04.05-06.09.26:514][  0]LogFileCache: Scanning file cache for directory 'C:/Users/meador28/Documents/GitHub/In-The-Maze/In_The_Maze/Content/' took 0.03s
[2019.04.05-06.09.26:514][  0]SourceControl: Source control is disabled
[2019.04.05-06.09.26:514][  0]Cmd: MAP LOAD FILE="../../../../../../Users/meador28/Documents/GitHub/In-The-Maze/In_The_Maze/Content/FirstPersonBP/Maps/FirstPersonExampleMap.umap" TEMPLATE=0 SHOWPROGRESS=1 FEATURELEVEL=3
[2019.04.05-06.09.26:514][  0]LightingResults: New page: Lighting Build
[2019.04.05-06.09.26:524][  0]MapCheck: New page: Map Check
[2019.04.05-06.09.26:524][  0]LightingResults: New page: Lighting Build
[2019.04.05-06.09.26:806][  0]LogAIModule: Creating AISystem for world FirstPersonExampleMap
[2019.04.05-06.09.26:830][  0]LogEditorServer: Finished looking for orphan Actors (0.000 secs)
[2019.04.05-06.09.26:853][  0]Cmd: MAP CHECKDEP NOCLEARLOG
[2019.04.05-06.09.27:021][  0]MapCheck: Map check complete: 0 Error(s), 0 Warning(s), took 168.386ms to complete.
[2019.04.05-06.09.27:021][  0]LogFileHelpers: Loading map 'FirstPersonExampleMap' took 0.507
[2019.04.05-06.09.27:149][  0]LogSlate: Updating window title bar state: overlay mode, drag disabled, window buttons hidden, title bar hidden
[2019.04.05-06.09.27:162][  0]LogSlate: Updating window title bar state: overlay mode, drag disabled, window buttons hidden, title bar hidden
[2019.04.05-06.09.27:170][  0]LogSlate: Updating window title bar state: overlay mode, drag disabled, window buttons hidden, title bar hidden
[2019.04.05-06.09.27:183][  0]LogSlate: Updating window title bar state: overlay mode, drag disabled, window buttons hidden, title bar hidden
[2019.04.05-06.09.27:200][  0]LogCollectionManager: Loaded 0 collections in 0.006017 seconds
[2019.04.05-06.09.27:267][  0]LogFileCache: Scanning file cache for directory 'C:/Users/meador28/Documents/GitHub/In-The-Maze/In_The_Maze/Saved/Collections/' took 0.01s
[2019.04.05-06.09.27:267][  0]LogFileCache: Scanning file cache for directory 'C:/Users/meador28/Documents/GitHub/In-The-Maze/In_The_Maze/Content/Developers/meador28/Collections/' took 0.01s
[2019.04.05-06.09.27:267][  0]LogFileCache: Scanning file cache for directory 'C:/Users/meador28/Documents/GitHub/In-The-Maze/In_The_Maze/Content/Collections/' took 0.01s
[2019.04.05-06.09.27:267][  0]LogCollectionManager: Rebuilt the GUID cache for 0 collections in 0.000000 seconds
[2019.04.05-06.09.27:276][  0]LogContentBrowser: Native class hierarchy populated in 0.0089 seconds. Added 2572 classes and 603 folders.
[2019.04.05-06.09.27:292][  0]LogContentBrowser: Native class hierarchy updated for 'WidgetCarousel' in 0.0004 seconds. Added 0 classes and 0 folders.
[2019.04.05-06.09.27:478][  0]LogContentBrowser: Native class hierarchy updated for 'AddContentDialog' in 0.0004 seconds. Added 0 classes and 0 folders.
[2019.04.05-06.09.27:488][  0]LogContentBrowser: Native class hierarchy updated for 'SceneOutliner' in 0.0004 seconds. Added 1 classes and 2 folders.
[2019.04.05-06.09.27:562][  0]LogSlate: Took 0.000503 seconds to synchronously load lazily loaded font '../../../Engine/Content/Slate/Fonts/Roboto-Regular.ttf' (155K)
[2019.04.05-06.09.27:565][  0]LogSlate: Took 0.000356 seconds to synchronously load lazily loaded font '../../../Engine/Content/Slate/Fonts/Roboto-Bold.ttf' (160K)
[2019.04.05-06.09.27:570][  0]LogSlate: Took 0.000467 seconds to synchronously load lazily loaded font '../../../Engine/Content/Editor/Slate/Fonts/FontAwesome.ttf' (139K)
[2019.04.05-06.09.27:654][  0]LogRenderer: Reallocating scene render targets to support 792x772 Format 10 NumSamples 1 (Frame:1).
[2019.04.05-06.09.27:891][  0]LogContentBrowser: Native class hierarchy updated for 'HierarchicalLODOutliner' in 0.0010 seconds. Added 0 classes and 0 folders.
[2019.04.05-06.09.27:891][  0]LogLoad: (Engine Initialization) Total time: 15.57 seconds
[2019.04.05-06.09.27:891][  0]LogLoad: (Engine Initialization) Total Blueprint compile time: 0.00 seconds
[2019.04.05-06.09.27:903][  0]LogWindowsTextInputMethodSystem: Display: IME system now deactivated.
[2019.04.05-06.09.27:936][  0]LogContentStreaming: Texture pool size now 3000 MB
[2019.04.05-06.09.27:971][  0]LogSlate: Took 0.000876 seconds to synchronously load lazily loaded font '../../../Engine/Content/Slate/Fonts/Roboto-Light.ttf' (167K)
[2019.04.05-06.09.27:978][  1]LogFileCache: Retrieving MD5 hashes for directory 'C:/Users/meador28/Documents/GitHub/In-The-Maze/In_The_Maze/Content/' took 0.06s
[2019.04.05-06.09.27:996][  1]LogAssetRegistry: Asset discovery search completed in 6.3931 seconds
[2019.04.05-06.09.27:999][  1]LogCollectionManager: Rebuilt the object cache for 0 collections in 0.000000 seconds (found 0 objects)
[2019.04.05-06.09.27:999][  1]LogCollectionManager: Fixed up redirectors for 0 collections in 0.000060 seconds (updated 0 objects)
[2019.04.05-06.09.30:927][215]LogSlate: Took 0.000495 seconds to synchronously load lazily loaded font '../../../Engine/Content/Slate/Fonts/Roboto-Light.ttf' (167K)
[2019.04.05-06.09.36:383][635]LogSlate: FSceneViewport::OnFocusLost() reason 0
[2019.04.05-06.09.40:041][926]AssetReimport: New page: Outstanding source content changes 10:09:40 PM
[2019.04.05-06.09.40:043][926]LogFactory: FactoryCreateFile: StaticMesh with FbxFactory (0 0 C:/Users/meador28/Documents/GitHub/In-The-Maze/In_The_Maze/Content/Import/statues.fbx)
[2019.04.05-06.09.40:056][926]LogFbx: Loading FBX Scene from C:/Users/meador28/Documents/GitHub/In-The-Maze/In_The_Maze/Content/Import/statues.fbx
[2019.04.05-06.09.40:077][926]LogFbx: FBX Scene Loaded Succesfully
[2019.04.05-06.09.41:915][926]LogSlate: Window 'FBX Import Options' being destroyed
[2019.04.05-06.09.41:973][926]LogFbx: =================================================
[2019.04.05-06.09.41:973][926]LogFbx: Dumping Node START [pCube2] 
[2019.04.05-06.09.41:973][926]LogFbx: 	Total Deformer Count 766856064.
[2019.04.05-06.09.41:973][926]LogFbx: 	Attribute () Type (4).
[2019.04.05-06.09.41:973][926]LogFbx: 		[Node Attribute Child 1] pCube2 (Type Mesh).
[2019.04.05-06.09.41:973][926]LogFbx: Dumping Node END [pCube2]
[2019.04.05-06.09.41:973][926]LogFbx: =================================================
[2019.04.05-06.09.41:973][926]LogFbx: Dumping Node START [pCube4] 
[2019.04.05-06.09.41:973][926]LogFbx: 	Total Deformer Count 766856064.
[2019.04.05-06.09.41:973][926]LogFbx: 	Attribute () Type (4).
[2019.04.05-06.09.41:973][926]LogFbx: 		[Node Attribute Child 1] pCube4 (Type Mesh).
[2019.04.05-06.09.41:973][926]LogFbx: Dumping Node END [pCube4]
[2019.04.05-06.09.41:973][926]LogFbx: =================================================
[2019.04.05-06.09.41:973][926]LogFbx: Dumping Node START [pCylinder11] 
[2019.04.05-06.09.41:973][926]LogFbx: 	Total Deformer Count 1101557632.
[2019.04.05-06.09.41:973][926]LogFbx: 	Attribute () Type (4).
[2019.04.05-06.09.41:973][926]LogFbx: 		[Node Attribute Child 1] pCylinder11 (Type Mesh).
[2019.04.05-06.09.41:973][926]LogFbx: Dumping Node END [pCylinder11]
[2019.04.05-06.09.41:974][926]LogFbx: =================================================
[2019.04.05-06.09.41:974][926]LogFbx: Dumping Node START [polySurface4] 
[2019.04.05-06.09.41:974][926]LogFbx: 	Total Deformer Count 776801072.
[2019.04.05-06.09.41:974][926]LogFbx: 	Attribute () Type (4).
[2019.04.05-06.09.41:974][926]LogFbx: 		[Node Attribute Child 1] polySurface4 (Type Mesh).
[2019.04.05-06.09.41:974][926]LogFbx: Dumping Node END [polySurface4]
[2019.04.05-06.09.41:974][926]LogFbx: =================================================
[2019.04.05-06.09.41:974][926]LogFbx: Dumping Node START [pCube7] 
[2019.04.05-06.09.41:974][926]LogFbx: 	Total Deformer Count 766856064.
[2019.04.05-06.09.41:974][926]LogFbx: 	Attribute () Type (4).
[2019.04.05-06.09.41:974][926]LogFbx: 		[Node Attribute Child 1] pCube7 (Type Mesh).
[2019.04.05-06.09.41:974][926]LogFbx: Dumping Node END [pCube7]
[2019.04.05-06.09.41:974][926]LogFbx: =================================================
[2019.04.05-06.09.41:974][926]LogFbx: Dumping Node START [pCube2] 
[2019.04.05-06.09.41:974][926]LogFbx: 	Total Deformer Count 766856176.
[2019.04.05-06.09.41:974][926]LogFbx: 	Attribute () Type (4).
[2019.04.05-06.09.41:974][926]LogFbx: 		[Node Attribute Child 1] pCube2 (Type Mesh).
[2019.04.05-06.09.41:974][926]LogFbx: Dumping Node END [pCube2]
[2019.04.05-06.09.41:974][926]LogFbx: =================================================
[2019.04.05-06.09.41:974][926]LogFbx: Dumping Node START [pCube4] 
[2019.04.05-06.09.41:974][926]LogFbx: 	Total Deformer Count 766856176.
[2019.04.05-06.09.41:974][926]LogFbx: 	Attribute () Type (4).
[2019.04.05-06.09.41:974][926]LogFbx: 		[Node Attribute Child 1] pCube4 (Type Mesh).
[2019.04.05-06.09.41:974][926]LogFbx: Dumping Node END [pCube4]
[2019.04.05-06.09.41:974][926]LogFbx: =================================================
[2019.04.05-06.09.41:974][926]LogFbx: Dumping Node START [pCylinder11] 
[2019.04.05-06.09.41:974][926]LogFbx: 	Total Deformer Count 1101555520.
[2019.04.05-06.09.41:974][926]LogFbx: 	Attribute () Type (4).
[2019.04.05-06.09.41:974][926]LogFbx: 		[Node Attribute Child 1] pCylinder11 (Type Mesh).
[2019.04.05-06.09.41:974][926]LogFbx: Dumping Node END [pCylinder11]
[2019.04.05-06.09.41:974][926]LogFbx: =================================================
[2019.04.05-06.09.41:974][926]LogFbx: Dumping Node START [polySurface4] 
[2019.04.05-06.09.41:974][926]LogFbx: 	Total Deformer Count 776810352.
[2019.04.05-06.09.41:974][926]LogFbx: 	Attribute () Type (4).
[2019.04.05-06.09.41:974][926]LogFbx: 		[Node Attribute Child 1] polySurface4 (Type Mesh).
[2019.04.05-06.09.41:974][926]LogFbx: Dumping Node END [polySurface4]
[2019.04.05-06.09.41:974][926]LogFbx: =================================================
[2019.04.05-06.09.41:974][926]LogFbx: Dumping Node START [pCube7] 
[2019.04.05-06.09.41:974][926]LogFbx: 	Total Deformer Count 766856176.
[2019.04.05-06.09.41:974][926]LogFbx: 	Attribute () Type (4).
[2019.04.05-06.09.41:974][926]LogFbx: 		[Node Attribute Child 1] pCube7 (Type Mesh).
[2019.04.05-06.09.41:974][926]LogFbx: Dumping Node END [pCube7]
[2019.04.05-06.09.42:444][926]LogLinker: Can't find file '/Game/Import/ghoul'
[2019.04.05-06.09.42:444][926]LogLinker: Can't find file '/Game/Import/ghoul'
[2019.04.05-06.09.42:534][926]LogFbx: Triangulating skeletal mesh pCube2
[2019.04.05-06.09.42:689][926]LogSkeletalMesh: Section 0: 511 vertices, 1 active bones
[2019.04.05-06.09.42:690][926]LogSkeletalMesh: Section 0: Material=0, 894 triangles
[2019.04.05-06.09.42:690][926]LogSkeletalMesh: Building Skeletal Mesh statues_pCube2...
[2019.04.05-06.09.42:694][926]LogSkeletalMesh: Built Skeletal Mesh [0.00s] /Game/Import/statues.statues_pCube2
[2019.04.05-06.09.42:695][926]LogLinker: Can't find file '/Game/Import/statues_pCube2_Skeleton'
[2019.04.05-06.09.42:695][926]LogLinker: Can't find file '/Game/Import/statues_pCube2_Skeleton'
[2019.04.05-06.09.42:700][926]LogLinker: Can't find file '/Game/Import/statues_pCube2_PhysicsAsset'
[2019.04.05-06.09.42:701][926]LogLinker: Can't find file '/Game/Import/statues_pCube2_PhysicsAsset'
[2019.04.05-06.09.42:710][926]LogSkeletalMesh: USkeletalMeshComponent::InitArticulated : Could not find root physics body: '/Engine/Transient.World_0:PersistentLevel.SkeletalMeshActor_0.SkeletalMeshComponent0'
[2019.04.05-06.09.42:715][926]LogSkeletalMesh: Building Skeletal Mesh statues_pCube2...
[2019.04.05-06.09.42:716][926]LogSkeletalMesh: Built Skeletal Mesh [0.00s] /Game/Import/statues.statues_pCube2
[2019.04.05-06.09.42:717][926]LogFbx: Triangulating skeletal mesh pCube4
[2019.04.05-06.09.42:820][926]LogSkeletalMesh: Section 0: 508 vertices, 1 active bones
[2019.04.05-06.09.42:820][926]LogSkeletalMesh: Section 0: Material=0, 896 triangles
[2019.04.05-06.09.42:820][926]LogSkeletalMesh: Building Skeletal Mesh statues_pCube4...
[2019.04.05-06.09.42:821][926]LogSkeletalMesh: Built Skeletal Mesh [0.00s] /Game/Import/statues.statues_pCube4
[2019.04.05-06.09.42:822][926]LogLinker: Can't find file '/Game/Import/statues_pCube4_Skeleton'
[2019.04.05-06.09.42:823][926]LogLinker: Can't find file '/Game/Import/statues_pCube4_Skeleton'
[2019.04.05-06.09.42:828][926]LogLinker: Can't find file '/Game/Import/statues_pCube4_PhysicsAsset'
[2019.04.05-06.09.42:828][926]LogLinker: Can't find file '/Game/Import/statues_pCube4_PhysicsAsset'
[2019.04.05-06.09.42:839][926]LogSkeletalMesh: USkeletalMeshComponent::InitArticulated : Could not find root physics body: '/Engine/Transient.World_2:PersistentLevel.SkeletalMeshActor_0.SkeletalMeshComponent0'
[2019.04.05-06.09.42:844][926]LogSkeletalMesh: Building Skeletal Mesh statues_pCube4...
[2019.04.05-06.09.42:845][926]LogSkeletalMesh: Built Skeletal Mesh [0.00s] /Game/Import/statues.statues_pCube4
[2019.04.05-06.09.42:913][926]LogLinker: Can't find file '/Game/Import/marble'
[2019.04.05-06.09.42:913][926]LogLinker: Can't find file '/Game/Import/marble'
[2019.04.05-06.09.43:126][926]LogMaterial: 	(Node TextureSample) TextureSample> Sampler type is Color, should be Linear Color for /Game/Import/marble.marble
[2019.04.05-06.09.43:127][926]LogFbx: Triangulating skeletal mesh pCylinder11
[2019.04.05-06.09.43:261][926]LogSkeletalMesh: Section 0: 522 vertices, 1 active bones
[2019.04.05-06.09.43:261][926]LogSkeletalMesh: Section 0: Material=0, 762 triangles
[2019.04.05-06.09.43:261][926]LogSkeletalMesh: Building Skeletal Mesh statues_pCylinder11...
[2019.04.05-06.09.43:265][926]LogSkeletalMesh: Built Skeletal Mesh [0.00s] /Game/Import/statues.statues_pCylinder11
[2019.04.05-06.09.43:266][926]LogLinker: Can't find file '/Game/Import/statues_pCylinder11_Skeleton'
[2019.04.05-06.09.43:267][926]LogLinker: Can't find file '/Game/Import/statues_pCylinder11_Skeleton'
[2019.04.05-06.09.43:274][926]LogLinker: Can't find file '/Game/Import/statues_pCylinder11_PhysicsAsset'
[2019.04.05-06.09.43:275][926]LogLinker: Can't find file '/Game/Import/statues_pCylinder11_PhysicsAsset'
[2019.04.05-06.09.43:287][926]LogSkeletalMesh: USkeletalMeshComponent::InitArticulated : Could not find root physics body: '/Engine/Transient.World_4:PersistentLevel.SkeletalMeshActor_0.SkeletalMeshComponent0'
[2019.04.05-06.09.43:292][926]LogSkeletalMesh: Building Skeletal Mesh statues_pCylinder11...
[2019.04.05-06.09.43:295][926]LogSkeletalMesh: Built Skeletal Mesh [0.00s] /Game/Import/statues.statues_pCylinder11
[2019.04.05-06.09.43:296][926]LogFbx: Triangulating skeletal mesh polySurface4
[2019.04.05-06.09.43:509][926]LogSkeletalMesh: Section 0: 977 vertices, 1 active bones
[2019.04.05-06.09.43:509][926]LogSkeletalMesh: Section 0: Material=0, 1231 triangles
[2019.04.05-06.09.43:509][926]LogSkeletalMesh: Building Skeletal Mesh statues_polySurface4...
[2019.04.05-06.09.43:529][926]LogSkeletalMesh: Built Skeletal Mesh [0.02s] /Game/Import/statues.statues_polySurface4
[2019.04.05-06.09.43:531][926]LogLinker: Can't find file '/Game/Import/statues_polySurface4_Skeleton'
[2019.04.05-06.09.43:531][926]LogLinker: Can't find file '/Game/Import/statues_polySurface4_Skeleton'
[2019.04.05-06.09.43:539][926]LogLinker: Can't find file '/Game/Import/statues_polySurface4_PhysicsAsset'
[2019.04.05-06.09.43:540][926]LogLinker: Can't find file '/Game/Import/statues_polySurface4_PhysicsAsset'
[2019.04.05-06.09.43:552][926]LogSkeletalMesh: USkeletalMeshComponent::InitArticulated : Could not find root physics body: '/Engine/Transient.World_6:PersistentLevel.SkeletalMeshActor_0.SkeletalMeshComponent0'
[2019.04.05-06.09.43:558][926]LogSkeletalMesh: Building Skeletal Mesh statues_polySurface4...
[2019.04.05-06.09.43:580][926]LogSkeletalMesh: Built Skeletal Mesh [0.02s] /Game/Import/statues.statues_polySurface4
[2019.04.05-06.09.43:582][926]LogFbx: Triangulating skeletal mesh pCube7
[2019.04.05-06.09.43:787][926]LogSkeletalMesh: Section 0: 987 vertices, 1 active bones
[2019.04.05-06.09.43:787][926]LogSkeletalMesh: Section 0: Material=0, 1294 triangles
[2019.04.05-06.09.43:788][926]LogSkeletalMesh: Building Skeletal Mesh statues_pCube7...
[2019.04.05-06.09.43:791][926]LogSkeletalMesh: Built Skeletal Mesh [0.00s] /Game/Import/statues.statues_pCube7
[2019.04.05-06.09.43:793][926]LogLinker: Can't find file '/Game/Import/statues_pCube7_Skeleton'
[2019.04.05-06.09.43:793][926]LogLinker: Can't find file '/Game/Import/statues_pCube7_Skeleton'
[2019.04.05-06.09.43:801][926]LogLinker: Can't find file '/Game/Import/statues_pCube7_PhysicsAsset'
[2019.04.05-06.09.43:801][926]LogLinker: Can't find file '/Game/Import/statues_pCube7_PhysicsAsset'
[2019.04.05-06.09.43:812][926]LogSkeletalMesh: USkeletalMeshComponent::InitArticulated : Could not find root physics body: '/Engine/Transient.World_8:PersistentLevel.SkeletalMeshActor_0.SkeletalMeshComponent0'
[2019.04.05-06.09.43:819][926]LogSkeletalMesh: Building Skeletal Mesh statues_pCube7...
[2019.04.05-06.09.43:823][926]LogSkeletalMesh: Built Skeletal Mesh [0.00s] /Game/Import/statues.statues_pCube7
[2019.04.05-06.09.43:842][926]LogSkeletalMesh: Building Skeletal Mesh statues_pCube7...
[2019.04.05-06.09.43:848][926]LogSkeletalMesh: Built Skeletal Mesh [0.01s] /Game/Import/statues.statues_pCube7
[2019.04.05-06.09.44:127][927]Cmd: OBJ SAVEPACKAGE PACKAGE="/Game/Import/statues" FILE="../../../../../../Users/meador28/Documents/GitHub/In-The-Maze/In_The_Maze/Content/Import/statues.uasset" SILENT=true
[2019.04.05-06.09.44:220][927]LogSavePackage: Moving '../../../../../../Users/meador28/Documents/GitHub/In-The-Maze/In_The_Maze/Saved/statuesEEEAAB72428A02717AB4F5A3255810CC.tmp' to '../../../../../../Users/meador28/Documents/GitHub/In-The-Maze/In_The_Maze/Content/Import/statues.uasset'
[2019.04.05-06.09.45:578][  5]LogShaderCompilers: Display: Shaders left to compile 60
[2019.04.05-06.09.46:109][ 33]LogShaderCompilers: Display: Shaders left to compile 50
[2019.04.05-06.09.46:908][ 62]LogShaderCompilers: Display: Shaders left to compile 40
[2019.04.05-06.09.47:149][ 69]LogShaderCompilers: Display: Shaders left to compile 30
[2019.04.05-06.09.47:286][ 72]AssetReimport: Importing new asset /Game/Import/statues.
[2019.04.05-06.09.47:880][ 88]LogShaderCompilers: Display: Shaders left to compile 20
[2019.04.05-06.09.50:114][145]LogShaderCompilers: Display: Shaders left to compile 10
[2019.04.05-06.09.58:143][449]LogSlate: Window 'Message Log' being destroyed
[2019.04.05-06.09.58:147][449]LogSlate: Window 'Message Log' being destroyed
[2019.04.05-06.10.25:421][396]Cmd: CAMERA ALIGN ACTIVEVIEWPORTONLY
[2019.04.05-06.10.41:864][422]LogSlate: FSceneViewport::OnFocusLost() reason 0
[2019.04.05-06.10.54:814][838]LogSlate: Window 'Delete Assets' being destroyed
[2019.04.05-06.11.05:905][389]LogSlate: Window 'Delete Assets' being destroyed
[2019.04.05-06.11.06:830][389]LogMaterial: Display: Missing cached shader map for material statue, compiling. 
[2019.04.05-06.11.06:830][389]LogMaterial: Warning: /Game/Import/statue.statue (no disk path found): Failed to compile Material for platform PCD3D_SM5, Default Material will be used in game.
[2019.04.05-06.11.06:830][389]LogMaterial: 	(Node TextureSample) Texture Sample> Missing input texture
[2019.04.05-06.11.06:831][389]LogSkeletalMesh: Building Skeletal Mesh statues_polySurface4...
[2019.04.05-06.11.06:845][389]LogSkeletalMesh: Built Skeletal Mesh [0.01s] /Game/Import/statues.statues_polySurface4
[2019.04.05-06.11.06:848][389]LogSkeletalMesh: Building Skeletal Mesh statues_polySurface4...
[2019.04.05-06.11.06:862][389]LogSkeletalMesh: Built Skeletal Mesh [0.01s] /Game/Import/statues.statues_polySurface4
[2019.04.05-06.11.06:863][389]LogSkeletalMesh: Building Skeletal Mesh statues_polySurface4...
[2019.04.05-06.11.06:877][389]LogSkeletalMesh: Built Skeletal Mesh [0.01s] /Game/Import/statues.statues_polySurface4
[2019.04.05-06.11.06:878][389]LogSkeletalMesh: Building Skeletal Mesh statues_pCube7...
[2019.04.05-06.11.06:881][389]LogSkeletalMesh: Built Skeletal Mesh [0.00s] /Game/Import/statues.statues_pCube7
[2019.04.05-06.11.06:883][389]LogSkeletalMesh: Building Skeletal Mesh statues_pCube7...
[2019.04.05-06.11.06:886][389]LogSkeletalMesh: Built Skeletal Mesh [0.00s] /Game/Import/statues.statues_pCube7
[2019.04.05-06.11.06:888][389]LogSkeletalMesh: Building Skeletal Mesh statues_pCube7...
[2019.04.05-06.11.06:890][389]LogSkeletalMesh: Built Skeletal Mesh [0.00s] /Game/Import/statues.statues_pCube7
[2019.04.05-06.11.06:898][389]LogSkeletalMesh: Building Skeletal Mesh statues_pCylinder11...
[2019.04.05-06.11.06:904][389]LogSkeletalMesh: Built Skeletal Mesh [0.01s] /Game/Import/statues.statues_pCylinder11
[2019.04.05-06.11.06:907][389]LogSkeletalMesh: Building Skeletal Mesh statues_pCylinder11...
[2019.04.05-06.11.06:909][389]LogSkeletalMesh: Built Skeletal Mesh [0.00s] /Game/Import/statues.statues_pCylinder11
[2019.04.05-06.11.06:909][389]LogSkeletalMesh: Building Skeletal Mesh statues_pCylinder11...
[2019.04.05-06.11.06:912][389]LogSkeletalMesh: Built Skeletal Mesh [0.00s] /Game/Import/statues.statues_pCylinder11
[2019.04.05-06.11.06:916][389]LogMaterial: Display: Missing cached shader map for material phong1, compiling. 
[2019.04.05-06.11.06:917][389]LogMaterial: Warning: /Game/Import/phong1.phong1 (no disk path found): Failed to compile Material for platform PCD3D_SM5, Default Material will be used in game.
[2019.04.05-06.11.06:917][389]LogMaterial: 	(Node TextureSample) Texture Sample> Missing input texture
[2019.04.05-06.11.06:918][389]LogSkeletalMesh: Building Skeletal Mesh statues_pCube4...
[2019.04.05-06.11.06:919][389]LogSkeletalMesh: Built Skeletal Mesh [0.00s] /Game/Import/statues.statues_pCube4
[2019.04.05-06.11.06:924][389]LogSkeletalMesh: Building Skeletal Mesh statues_pCube4...
[2019.04.05-06.11.06:925][389]LogSkeletalMesh: Built Skeletal Mesh [0.00s] /Game/Import/statues.statues_pCube4
[2019.04.05-06.11.06:926][389]LogSkeletalMesh: Building Skeletal Mesh statues_pCube4...
[2019.04.05-06.11.06:927][389]LogSkeletalMesh: Built Skeletal Mesh [0.00s] /Game/Import/statues.statues_pCube4
[2019.04.05-06.11.06:928][389]LogSkeletalMesh: Building Skeletal Mesh statues_pCube2...
[2019.04.05-06.11.06:929][389]LogSkeletalMesh: Built Skeletal Mesh [0.00s] /Game/Import/statues.statues_pCube2
[2019.04.05-06.11.06:933][389]LogSkeletalMesh: Building Skeletal Mesh statues_pCube2...
[2019.04.05-06.11.06:935][389]LogSkeletalMesh: Built Skeletal Mesh [0.00s] /Game/Import/statues.statues_pCube2
[2019.04.05-06.11.06:935][389]LogSkeletalMesh: Building Skeletal Mesh statues_pCube2...
[2019.04.05-06.11.06:938][389]LogSkeletalMesh: Built Skeletal Mesh [0.00s] /Game/Import/statues.statues_pCube2
[2019.04.05-06.11.52:869][905]Cmd: DELETE
[2019.04.05-06.11.52:869][905]Cmd: ACTOR DELETE
[2019.04.05-06.11.52:872][905]LogEditorActor: Deleted Actor: SkeletalMeshActor
[2019.04.05-06.11.52:890][905]LogEditorActor: Deleted 1 Actors (0.021 secs)
[2019.04.05-06.11.55:180][ 88]LogSlate: FSceneViewport::OnFocusLost() reason 0
[2019.04.05-06.11.56:660][ 96]LogSlate: Window 'Save Content' being destroyed
[2019.04.05-06.11.56:747][ 96]LogSlate: Window 'In_The_Maze - Unreal Editor' being destroyed
[2019.04.05-06.11.56:980][ 97]Cmd: QUIT_EDITOR
[2019.04.05-06.11.57:059][ 97]LogWindowsTextInputMethodSystem: Display: IME system now deactivated.
[2019.04.05-06.11.57:092][ 97]LogExit: Preparing to exit.
[2019.04.05-06.11.57:576][ 97]LogExit: Editor shut down
[2019.04.05-06.11.57:576][ 97]LogExit: Transaction tracking system shut down
[2019.04.05-06.11.57:884][ 97]LogExit: Object subsystem successfully closed.
[2019.04.05-06.11.57:906][ 97]LogShaderCompilers: Display: Shaders left to compile 0
[2019.04.05-06.11.57:909][ 97]LogD3D11RHI: Shutdown
[2019.04.05-06.11.57:909][ 97]LogD3D11RHI: CleanupD3DDevice
[2019.04.05-06.11.57:911][ 97]LogD3D11RHI: ~FD3D11DynamicRHI
[2019.04.05-06.11.57:977][ 97]LogModuleManager: Shutting down and abandoning module HierarchicalLODOutliner (610)
[2019.04.05-06.11.57:977][ 97]LogModuleManager: Shutting down and abandoning module SceneOutliner (608)
[2019.04.05-06.11.57:978][ 97]LogModuleManager: Shutting down and abandoning module AddContentDialog (606)
[2019.04.05-06.11.57:978][ 97]LogModuleManager: Shutting down and abandoning module WidgetCarousel (605)
[2019.04.05-06.11.57:978][ 97]LogModuleManager: Shutting down and abandoning module EditorWidgets (602)
[2019.04.05-06.11.57:978][ 97]LogModuleManager: Shutting down and abandoning module CollectionManager (600)
[2019.04.05-06.11.57:978][ 97]LogModuleManager: Shutting down and abandoning module StatsViewer (598)
[2019.04.05-06.11.57:978][ 97]LogModuleManager: Shutting down and abandoning module FoliageEdit (596)
[2019.04.05-06.11.57:978][ 97]LogModuleManager: Shutting down and abandoning module LandscapeEditor (594)
[2019.04.05-06.11.57:979][ 97]LogModuleManager: Shutting down and abandoning module MeshPaintMode (592)
[2019.04.05-06.11.57:979][ 97]LogModuleManager: Shutting down and abandoning module SceneDepthPickerMode (590)
[2019.04.05-06.11.57:979][ 97]LogModuleManager: Shutting down and abandoning module ActorPickerMode (588)
[2019.04.05-06.11.57:979][ 97]LogModuleManager: Shutting down and abandoning module GeometryMode (586)
[2019.04.05-06.11.57:979][ 97]LogModuleManager: Shutting down and abandoning module TextureAlignMode (584)
[2019.04.05-06.11.57:979][ 97]LogModuleManager: Shutting down and abandoning module BspMode (582)
[2019.04.05-06.11.57:979][ 97]LogModuleManager: Shutting down and abandoning module PIEPreviewDeviceProfileSelector (580)
[2019.04.05-06.11.57:979][ 97]LogModuleManager: Shutting down and abandoning module SequenceRecorderSections (578)
[2019.04.05-06.11.57:979][ 97]LogModuleManager: Shutting down and abandoning module AutomationWorker (576)
[2019.04.05-06.11.57:979][ 97]LogModuleManager: Shutting down and abandoning module AudioCaptureEditor (574)
[2019.04.05-06.11.57:979][ 97]LogModuleManager: Shutting down and abandoning module SequenceRecorder (573)
[2019.04.05-06.11.57:979][ 97]LogModuleManager: Shutting down and abandoning module MatineeToLevelSequence (570)
[2019.04.05-06.11.57:979][ 97]LogModuleManager: Shutting down and abandoning module LevelSequenceEditor (568)
[2019.04.05-06.11.57:979][ 97]LogModuleManager: Shutting down and abandoning module PlacementMode (567)
[2019.04.05-06.11.57:979][ 97]LogModuleManager: Shutting down and abandoning module MaterialEditor (566)
[2019.04.05-06.11.57:979][ 97]LogModuleManager: Shutting down and abandoning module WmfMediaFactory (562)
[2019.04.05-06.11.57:979][ 97]LogModuleManager: Shutting down and abandoning module WmfMediaEditor (560)
[2019.04.05-06.11.57:979][ 97]LogModuleManager: Shutting down and abandoning module MediaPlayerEditor (558)
[2019.04.05-06.11.57:979][ 97]LogModuleManager: Shutting down and abandoning module OpenExrWrapper (556)
[2019.04.05-06.11.57:979][ 97]LogModuleManager: Shutting down and abandoning module ImgMediaFactory (554)
[2019.04.05-06.11.57:979][ 97]LogModuleManager: Shutting down and abandoning module ImgMediaEditor (552)
[2019.04.05-06.11.57:979][ 97]LogModuleManager: Shutting down and abandoning module AvfMediaFactory (550)
[2019.04.05-06.11.57:979][ 97]LogModuleManager: Shutting down and abandoning module AvfMediaEditor (548)
[2019.04.05-06.11.57:979][ 97]LogModuleManager: Shutting down and abandoning module AndroidMediaFactory (546)
[2019.04.05-06.11.57:979][ 97]LogModuleManager: Shutting down and abandoning module AndroidMediaEditor (544)
[2019.04.05-06.11.57:979][ 97]LogModuleManager: Shutting down and abandoning module MagicLeapCameraPreviewFactory (542)
[2019.04.05-06.11.57:979][ 97]LogModuleManager: Shutting down and abandoning module MagicLeapMediaFactory (540)
[2019.04.05-06.11.57:980][ 97]LogModuleManager: Shutting down and abandoning module MagicLeapMediaEditor (538)
[2019.04.05-06.11.57:980][ 97]LogModuleManager: Shutting down and abandoning module CharacterAI (536)
[2019.04.05-06.11.57:980][ 97]LogModuleManager: Shutting down and abandoning module SmartSnapping (534)
[2019.04.05-06.11.57:980][ 97]LogModuleManager: Shutting down and abandoning module SessionServices (532)
[2019.04.05-06.11.57:980][ 97]LogModuleManager: Shutting down and abandoning module ViewportSnapping (530)
[2019.04.05-06.11.57:980][ 97]LogModuleManager: Shutting down and abandoning module ViewportInteraction (528)
[2019.04.05-06.11.57:980][ 97]LogModuleManager: Shutting down and abandoning module ClothPainter (526)
[2019.04.05-06.11.57:980][ 97]LogModuleManager: Shutting down and abandoning module SkeletalMeshEditor (525)
[2019.04.05-06.11.57:980][ 97]LogModuleManager: Shutting down and abandoning module LogVisualizer (522)
[2019.04.05-06.11.57:980][ 97]LogModuleManager: Shutting down and abandoning module IntroTutorials (520)
[2019.04.05-06.11.57:980][ 97]LogModuleManager: Shutting down and abandoning module GameProjectGeneration (519)
[2019.04.05-06.11.57:980][ 97]LogModuleManager: Shutting down and abandoning module LuminPlatformEditor (516)
[2019.04.05-06.11.57:980][ 97]LogModuleManager: Shutting down and abandoning module IOSPlatformEditor (514)
[2019.04.05-06.11.57:980][ 97]LogModuleManager: Shutting down and abandoning module HTML5PlatformEditor (512)
[2019.04.05-06.11.57:980][ 97]LogModuleManager: Shutting down and abandoning module AndroidPlatformEditor (510)
[2019.04.05-06.11.57:980][ 97]LogModuleManager: Shutting down and abandoning module AndroidDeviceDetection (509)
[2019.04.05-06.11.58:067][ 97]LogModuleManager: Shutting down and abandoning module WindowsPlatformEditor (506)
[2019.04.05-06.11.58:068][ 97]LogModuleManager: Shutting down and abandoning module LuminRuntimeSettings (504)
[2019.04.05-06.11.58:068][ 97]LogModuleManager: Shutting down and abandoning module IOSRuntimeSettings (502)
[2019.04.05-06.11.58:068][ 97]LogModuleManager: Shutting down and abandoning module AndroidRuntimeSettings (500)
[2019.04.05-06.11.58:068][ 97]LogModuleManager: Shutting down and abandoning module InputBindingEditor (498)
[2019.04.05-06.11.58:068][ 97]LogModuleManager: Shutting down and abandoning module MergeActors (496)
[2019.04.05-06.11.58:068][ 97]LogModuleManager: Shutting down and abandoning module LocalizationDashboard (494)
[2019.04.05-06.11.58:068][ 97]LogModuleManager: Shutting down and abandoning module LocalizationService (493)
[2019.04.05-06.11.58:068][ 97]LogModuleManager: Shutting down and abandoning module HardwareTargeting (490)
[2019.04.05-06.11.58:068][ 97]LogModuleManager: Shutting down and abandoning module DeviceProfileEditor (488)
[2019.04.05-06.11.58:069][ 97]LogModuleManager: Shutting down and abandoning module UndoHistory (486)
[2019.04.05-06.11.58:069][ 97]LogModuleManager: Shutting down and abandoning module XmlParser (484)
[2019.04.05-06.11.58:069][ 97]LogModuleManager: Shutting down and abandoning module Blutility (482)
[2019.04.05-06.11.58:069][ 97]LogModuleManager: Shutting down and abandoning module ProjectSettingsViewer (480)
[2019.04.05-06.11.58:069][ 97]LogModuleManager: Shutting down and abandoning module ProjectTargetPlatformEditor (479)
[2019.04.05-06.11.58:069][ 97]LogModuleManager: Shutting down and abandoning module EditorSettingsViewer (476)
[2019.04.05-06.11.58:069][ 97]LogModuleManager: Shutting down and abandoning module SettingsEditor (474)
[2019.04.05-06.11.58:070][ 97]LogModuleManager: Shutting down and abandoning module ProjectLauncher (472)
[2019.04.05-06.11.58:070][ 97]LogModuleManager: Shutting down and abandoning module SessionFrontend (470)
[2019.04.05-06.11.58:070][ 97]LogModuleManager: Shutting down and abandoning module ProfilerClient (468)
[2019.04.05-06.11.58:070][ 97]LogModuleManager: Shutting down and abandoning module DeviceManager (466)
[2019.04.05-06.11.58:070][ 97]LogModuleManager: Shutting down and abandoning module TargetDeviceServices (465)
[2019.04.05-06.11.58:135][ 97]LogModuleManager: Shutting down and abandoning module AutomationController (462)
[2019.04.05-06.11.58:135][ 97]LogModuleManager: Shutting down and abandoning module AutomationWindow (460)
[2019.04.05-06.11.58:135][ 97]LogModuleManager: Shutting down and abandoning module Layers (458)
[2019.04.05-06.11.58:135][ 97]LogModuleManager: Shutting down and abandoning module ComponentVisualizers (456)
[2019.04.05-06.11.58:135][ 97]LogModuleManager: Shutting down and abandoning module DetailCustomizations (454)
[2019.04.05-06.11.58:136][ 97]LogModuleManager: Shutting down and abandoning module PackagesDialog (452)
[2019.04.05-06.11.58:136][ 97]LogModuleManager: Shutting down and abandoning module Persona (450)
[2019.04.05-06.11.58:137][ 97]LogModuleManager: Shutting down and abandoning module AdvancedPreviewScene (449)
[2019.04.05-06.11.58:137][ 97]LogModuleManager: Shutting down and abandoning module AnimGraph (447)
[2019.04.05-06.11.58:137][ 97]LogModuleManager: Shutting down and abandoning module Kismet (444)
[2019.04.05-06.11.58:138][ 97]LogModuleManager: Shutting down and abandoning module GraphEditor (442)
[2019.04.05-06.11.58:138][ 97]LogModuleManager: Shutting down and abandoning module ClassViewer (440)
[2019.04.05-06.11.58:138][ 97]LogModuleManager: Shutting down and abandoning module Toolbox (438)
[2019.04.05-06.11.58:138][ 97]LogModuleManager: Shutting down and abandoning module ModuleUI (436)
[2019.04.05-06.11.58:138][ 97]LogModuleManager: Shutting down and abandoning module MovieSceneTools (434)
[2019.04.05-06.11.58:138][ 97]LogModuleManager: Shutting down and abandoning module OutputLog (432)
[2019.04.05-06.11.58:138][ 97]LogModuleManager: Shutting down and abandoning module GammaUI (430)
[2019.04.05-06.11.58:139][ 97]LogModuleManager: Shutting down and abandoning module Documentation (428)
[2019.04.05-06.11.58:139][ 97]LogModuleManager: Shutting down and abandoning module MovieSceneTracks (426)
[2019.04.05-06.11.58:139][ 97]LogModuleManager: Shutting down and abandoning module MovieScene (424)
[2019.04.05-06.11.58:139][ 97]LogModuleManager: Shutting down and abandoning module StreamingPauseRendering (422)
[2019.04.05-06.11.58:139][ 97]LogModuleManager: Shutting down and abandoning module LauncherPlatform (420)
[2019.04.05-06.11.58:139][ 97]LogModuleManager: Shutting down and abandoning module AnalyticsET (418)
[2019.04.05-06.11.58:139][ 97]LogModuleManager: Shutting down and abandoning module PortalServices (416)
[2019.04.05-06.11.58:139][ 97]LogModuleManager: Shutting down and abandoning module PortalRpc (414)
[2019.04.05-06.11.58:139][ 97]LogModuleManager: Shutting down and abandoning module MessagingRpc (412)
[2019.04.05-06.11.58:139][ 97]LogModuleManager: Shutting down and abandoning module AIModule (410)
[2019.04.05-06.11.58:139][ 97]LogModuleManager: Shutting down and abandoning module GameplayDebugger (409)
[2019.04.05-06.11.58:140][ 97]LogModuleManager: Shutting down and abandoning module AITestSuite (407)
[2019.04.05-06.11.58:140][ 97]LogModuleManager: Shutting down and abandoning module NavigationSystem (405)
[2019.04.05-06.11.58:140][ 97]LogModuleManager: Shutting down and abandoning module DesktopPlatform (402)
[2019.04.05-06.11.58:140][ 97]LogModuleManager: Shutting down and abandoning module ProfilerService (400)
[2019.04.05-06.11.58:188][ 97]LogModuleManager: Shutting down and abandoning module TaskGraph (398)
[2019.04.05-06.11.58:189][ 97]LogModuleManager: Shutting down and abandoning module SteamVRController (396)
[2019.04.05-06.11.58:189][ 97]LogModuleManager: Shutting down and abandoning module ProceduralMeshComponentEditor (394)
[2019.04.05-06.11.58:189][ 97]LogModuleManager: Shutting down and abandoning module ProceduralMeshComponent (392)
[2019.04.05-06.11.58:189][ 97]LogModuleManager: Shutting down and abandoning module OculusInput (390)
[2019.04.05-06.11.58:189][ 97]LogModuleManager: Shutting down and abandoning module MobilePatchingUtils (388)
[2019.04.05-06.11.58:189][ 97]LogModuleManager: Shutting down and abandoning module EditableMesh (386)
[2019.04.05-06.11.58:189][ 97]LogModuleManager: Shutting down and abandoning module CustomMeshComponent (384)
[2019.04.05-06.11.58:189][ 97]LogModuleManager: Shutting down and abandoning module CableComponent (382)
[2019.04.05-06.11.58:189][ 97]LogModuleManager: Shutting down and abandoning module AudioCapture (380)
[2019.04.05-06.11.58:189][ 97]LogModuleManager: Shutting down and abandoning module ArchVisCharacter (378)
[2019.04.05-06.11.58:189][ 97]LogModuleManager: Shutting down and abandoning module AndroidPermission (376)
[2019.04.05-06.11.58:190][ 97]LogModuleManager: Shutting down and abandoning module NUTUnrealEngine4 (374)
[2019.04.05-06.11.58:190][ 97]LogModuleManager: Shutting down and abandoning module NetcodeUnitTest (372)
[2019.04.05-06.11.58:190][ 97]LogModuleManager: Shutting down and abandoning module MediaCompositingEditor (370)
[2019.04.05-06.11.58:190][ 97]LogModuleManager: Shutting down and abandoning module MediaCompositing (368)
[2019.04.05-06.11.58:190][ 97]LogModuleManager: Shutting down and abandoning module LinearTimecode (366)
[2019.04.05-06.11.58:190][ 97]LogModuleManager: Shutting down and abandoning module ImgMedia (364)
[2019.04.05-06.11.58:201][ 97]LogModuleManager: Shutting down and abandoning module HTML5Networking (362)
[2019.04.05-06.11.58:201][ 97]LogModuleManager: Shutting down and abandoning module GeometryCacheTracks (360)
[2019.04.05-06.11.58:201][ 97]LogModuleManager: Shutting down and abandoning module GeometryCacheSequencer (358)
[2019.04.05-06.11.58:201][ 97]LogModuleManager: Shutting down and abandoning module BackChannel (356)
[2019.04.05-06.11.58:202][ 97]LogModuleManager: Shutting down and abandoning module AppleVision (354)
[2019.04.05-06.11.58:202][ 97]LogModuleManager: Shutting down and abandoning module AppleImageUtils (352)
[2019.04.05-06.11.58:202][ 97]LogModuleManager: Shutting down and abandoning module AlembicImporter (350)
[2019.04.05-06.11.58:202][ 97]LogModuleManager: Shutting down and abandoning module AlembicLibrary (349)
[2019.04.05-06.11.58:202][ 97]LogModuleManager: Shutting down and abandoning module GeometryCache (348)
[2019.04.05-06.11.58:202][ 97]LogModuleManager: Shutting down and abandoning module GeometryCacheEd (347)
[2019.04.05-06.11.58:202][ 97]LogModuleManager: Shutting down and abandoning module DatasmithContentEditor (342)
[2019.04.05-06.11.58:202][ 97]LogModuleManager: Shutting down and abandoning module DatasmithContent (340)
[2019.04.05-06.11.58:206][ 97]LogModuleManager: Shutting down and abandoning module SpeedTreeImporter (338)
[2019.04.05-06.11.58:206][ 97]LogModuleManager: Shutting down and abandoning module PluginBrowser (336)
[2019.04.05-06.11.58:206][ 97]LogModuleManager: Shutting down and abandoning module MobileLauncherProfileWizard (334)
[2019.04.05-06.11.58:207][ 97]LogModuleManager: Shutting down and abandoning module PolygonModeling (332)
[2019.04.05-06.11.58:207][ 97]LogModuleManager: Shutting down and abandoning module MeshEditor (330)
[2019.04.05-06.11.58:207][ 97]LogModuleManager: Shutting down and abandoning module CryptoKeysOpenSSL (328)
[2019.04.05-06.11.58:207][ 97]LogModuleManager: Shutting down and abandoning module CryptoKeys (326)
[2019.04.05-06.11.58:207][ 97]LogModuleManager: Shutting down and abandoning module VisualStudioSourceCodeAccess (324)
[2019.04.05-06.11.58:207][ 97]LogModuleManager: Shutting down and abandoning module VisualStudioCodeSourceCodeAccess (322)
[2019.04.05-06.11.58:207][ 97]LogModuleManager: Shutting down and abandoning module UObjectPlugin (320)
[2019.04.05-06.11.58:207][ 97]LogModuleManager: Shutting down and abandoning module SubversionSourceControl (318)
[2019.04.05-06.11.58:207][ 97]LogModuleManager: Shutting down and abandoning module PerforceSourceControl (316)
[2019.04.05-06.11.58:208][ 97]LogModuleManager: Shutting down and abandoning module GitSourceControl (314)
[2019.04.05-06.11.58:208][ 97]LogModuleManager: Shutting down and abandoning module SourceControl (313)
[2019.04.05-06.11.58:208][ 97]LogModuleManager: Shutting down and abandoning module CLionSourceCodeAccess (310)
[2019.04.05-06.11.58:208][ 97]LogModuleManager: Shutting down and abandoning module LightPropagationVolumeEditor (308)
[2019.04.05-06.11.58:208][ 97]LogModuleManager: Shutting down and abandoning module PaperTiledImporter (306)
[2019.04.05-06.11.58:208][ 97]LogModuleManager: Shutting down and abandoning module PaperSpriteSheetImporter (304)
[2019.04.05-06.11.58:208][ 97]LogModuleManager: Shutting down and abandoning module Paper2DEditor (302)
[2019.04.05-06.11.58:208][ 97]LogModuleManager: Shutting down and abandoning module MeshPaint (301)
[2019.04.05-06.11.58:209][ 97]LogModuleManager: Shutting down and abandoning module RuntimePhysXCooking (298)
[2019.04.05-06.11.58:209][ 97]LogModuleManager: Shutting down and abandoning module PhysXVehiclesEditor (296)
[2019.04.05-06.11.58:209][ 97]LogModuleManager: Shutting down and abandoning module PhysXVehicles (294)
[2019.04.05-06.11.58:209][ 97]LogModuleManager: Shutting down and abandoning module OculusEditor (292)
[2019.04.05-06.11.58:209][ 97]LogModuleManager: Shutting down and abandoning module LocationServicesBPLibrary (290)
[2019.04.05-06.11.58:209][ 97]LogModuleManager: Shutting down and abandoning module ImmediatePhysicsEditor (288)
[2019.04.05-06.11.58:209][ 97]LogModuleManager: Shutting down and abandoning module ImmediatePhysics (286)
[2019.04.05-06.11.58:209][ 97]LogModuleManager: Shutting down and abandoning module ActorSequence (284)
[2019.04.05-06.11.58:209][ 97]LogModuleManager: Shutting down and abandoning module UdpMessaging (282)
[2019.04.05-06.11.58:311][ 97]LogModuleManager: Shutting down and abandoning module TcpMessaging (280)
[2019.04.05-06.11.58:527][ 97]LogModuleManager: Shutting down and abandoning module MagicLeapAudio (278)
[2019.04.05-06.11.58:527][ 97]LogModuleManager: Shutting down and abandoning module GameplayTagsEditor (276)
[2019.04.05-06.11.58:528][ 97]LogModuleManager: Shutting down and abandoning module FacialAnimationEditor (274)
[2019.04.05-06.11.58:528][ 97]LogModuleManager: Shutting down and abandoning module FacialAnimation (272)
[2019.04.05-06.11.58:528][ 97]LogModuleManager: Shutting down and abandoning module DataValidation (270)
[2019.04.05-06.11.58:528][ 97]LogModuleManager: Shutting down and abandoning module AssetManagerEditor (268)
[2019.04.05-06.11.58:528][ 97]LogModuleManager: Shutting down and abandoning module LevelEditor (267)
[2019.04.05-06.11.58:531][ 97]LogModuleManager: Shutting down and abandoning module PixelInspectorModule (266)
[2019.04.05-06.11.58:531][ 97]LogModuleManager: Shutting down and abandoning module CommonMenuExtensions (264)
[2019.04.05-06.11.58:531][ 97]LogModuleManager: Shutting down and abandoning module MainFrame (262)
[2019.04.05-06.11.58:531][ 97]LogModuleManager: Shutting down and abandoning module HotReload (261)
[2019.04.05-06.11.58:543][ 97]LogModuleManager: Shutting down and abandoning module ContentBrowser (257)
[2019.04.05-06.11.58:546][ 97]LogModuleManager: Shutting down and abandoning module TreeMap (255)
[2019.04.05-06.11.58:546][ 97]LogModuleManager: Shutting down and abandoning module LightPropagationVolumeRuntime (252)
[2019.04.05-06.11.58:546][ 97]LogModuleManager: Shutting down and abandoning module AISupportModule (250)
[2019.04.05-06.11.58:546][ 97]LogModuleManager: Shutting down and abandoning module Paper2D (248)
[2019.04.05-06.11.58:547][ 97]LogModuleManager: Shutting down and abandoning module WindowsMoviePlayer (246)
[2019.04.05-06.11.58:547][ 97]LogModuleManager: Shutting down and abandoning module WmfMedia (244)
[2019.04.05-06.11.58:551][ 97]LogModuleManager: Shutting down and abandoning module Media (243)
[2019.04.05-06.11.58:558][ 97]LogModuleManager: Shutting down and abandoning module PacketHandler (240)
[2019.04.05-06.11.58:558][ 97]LogModuleManager: Shutting down and abandoning module ClothingSystemEditor (238)
[2019.04.05-06.11.58:558][ 97]LogModuleManager: Shutting down and abandoning module ClothingSystemRuntime (236)
[2019.04.05-06.11.58:558][ 97]LogModuleManager: Shutting down and abandoning module MediaAssets (234)
[2019.04.05-06.11.58:558][ 97]LogModuleManager: Shutting down and abandoning module Overlay (232)
[2019.04.05-06.11.58:559][ 97]LogModuleManager: Shutting down and abandoning module OverlayEditor (231)
[2019.04.05-06.11.58:559][ 97]LogModuleManager: Shutting down and abandoning module VREditor (228)
[2019.04.05-06.11.58:559][ 97]LogModuleManager: Shutting down and abandoning module StringTableEditor (226)
[2019.04.05-06.11.58:559][ 97]LogModuleManager: Shutting down and abandoning module GameplayTasksEditor (224)
[2019.04.05-06.11.58:559][ 97]LogModuleManager: Shutting down and abandoning module BehaviorTreeEditor (222)
[2019.04.05-06.11.58:559][ 97]LogModuleManager: Shutting down and abandoning module FunctionalTesting (220)
[2019.04.05-06.11.58:559][ 97]LogModuleManager: Shutting down and abandoning module CollisionAnalyzer (218)
[2019.04.05-06.11.58:559][ 97]LogModuleManager: Shutting down and abandoning module WorkspaceMenuStructure (217)
[2019.04.05-06.11.58:559][ 97]LogModuleManager: Shutting down and abandoning module UMG (214)
[2019.04.05-06.11.58:560][ 97]LogModuleManager: Shutting down and abandoning module UMGEditor (213)
[2019.04.05-06.11.58:560][ 97]LogModuleManager: Shutting down and abandoning module Sequencer (212)
[2019.04.05-06.11.58:560][ 97]LogModuleManager: Shutting down and abandoning module MessageLog (209)
[2019.04.05-06.11.58:560][ 97]LogModuleManager: Shutting down and abandoning module SlateReflector (204)
[2019.04.05-06.11.58:560][ 97]LogModuleManager: Shutting down and abandoning module Slate (202)
[2019.04.05-06.11.58:560][ 97]LogModuleManager: Shutting down and abandoning module EditorStyle (200)
[2019.04.05-06.11.58:570][ 97]LogModuleManager: Shutting down and abandoning module MRMesh (198)
[2019.04.05-06.11.58:570][ 97]LogModuleManager: Shutting down and abandoning module SourceCodeAccess (196)
[2019.04.05-06.11.58:570][ 97]LogModuleManager: Shutting down and abandoning module HeadMountedDisplay (194)
[2019.04.05-06.11.58:570][ 97]LogModuleManager: Shutting down and abandoning module XAudio2 (192)
[2019.04.05-06.11.58:570][ 97]LogModuleManager: Shutting down and abandoning module Networking (190)
[2019.04.05-06.11.58:571][ 97]LogModuleManager: Shutting down and abandoning module Core (188)
[2019.04.05-06.11.58:571][ 97]LogModuleManager: Shutting down and abandoning module LevelSequence (186)
[2019.04.05-06.11.58:571][ 97]LogModuleManager: Shutting down and abandoning module KismetCompiler (184)
[2019.04.05-06.11.58:571][ 97]LogModuleManager: Shutting down and abandoning module MeshUtilities (182)
[2019.04.05-06.11.58:571][ 97]LogModuleManager: Shutting down and abandoning module MeshMergeUtilities (181)
[2019.04.05-06.11.58:571][ 97]LogModuleManager: Shutting down and abandoning module MeshReductionInterface (180)
[2019.04.05-06.11.58:571][ 97]LogModuleManager: Shutting down and abandoning module SimplygonSwarm (179)
[2019.04.05-06.11.58:571][ 97]LogModuleManager: Shutting down and abandoning module ProxyLODMeshReduction (177)
[2019.04.05-06.11.58:571][ 97]LogModuleManager: Shutting down and abandoning module SimplygonMeshReduction (175)
[2019.04.05-06.11.58:571][ 97]LogModuleManager: Shutting down and abandoning module QuadricMeshReduction (173)
[2019.04.05-06.11.58:571][ 97]LogModuleManager: Shutting down and abandoning module MaterialBaking (169)
[2019.04.05-06.11.58:572][ 97]LogModuleManager: Shutting down and abandoning module DirectoryWatcher (165)
[2019.04.05-06.11.58:634][ 97]LogModuleManager: Shutting down and abandoning module DerivedDataCache (162)
[2019.04.05-06.11.58:708][ 97]LogDerivedDataCache: Shutdown
[2019.04.05-06.11.58:708][ 97]LogModuleManager: Shutting down and abandoning module XGEController (160)
[2019.04.05-06.11.58:708][ 97]LogModuleManager: Shutting down and abandoning module TargetPlatform (158)
[2019.04.05-06.11.58:708][ 97]LogModuleManager: Shutting down and abandoning module VulkanShaderFormat (157)
[2019.04.05-06.11.58:708][ 97]LogModuleManager: Shutting down and abandoning module ShaderFormatVectorVM (155)
[2019.04.05-06.11.58:708][ 97]LogModuleManager: Shutting down and abandoning module ShaderFormatOpenGL (153)
[2019.04.05-06.11.58:708][ 97]LogModuleManager: Shutting down and abandoning module ShaderFormatD3D (151)
[2019.04.05-06.11.58:708][ 97]LogModuleManager: Shutting down and abandoning module MetalShaderFormat (149)
[2019.04.05-06.11.58:708][ 97]LogModuleManager: Shutting down and abandoning module TextureFormatUncompressed (147)
[2019.04.05-06.11.58:708][ 97]LogModuleManager: Shutting down and abandoning module TextureFormatPVR (145)
[2019.04.05-06.11.58:709][ 97]LogModuleManager: Shutting down and abandoning module TextureFormatDXT (143)
[2019.04.05-06.11.58:709][ 97]LogModuleManager: Shutting down and abandoning module TextureFormatIntelISPCTexComp (141)
[2019.04.05-06.11.58:709][ 97]LogModuleManager: Shutting down and abandoning module TextureFormatASTC (139)
[2019.04.05-06.11.58:709][ 97]LogModuleManager: Shutting down and abandoning module ImageWrapper (138)
[2019.04.05-06.11.58:709][ 97]LogModuleManager: Shutting down and abandoning module TextureFormatAndroid (135)
[2019.04.05-06.11.58:709][ 97]LogModuleManager: Shutting down and abandoning module AudioFormatOpus (133)
[2019.04.05-06.11.58:709][ 97]LogModuleManager: Shutting down and abandoning module AudioFormatOgg (131)
[2019.04.05-06.11.58:709][ 97]LogModuleManager: Shutting down and abandoning module AudioFormatADPCM (129)
[2019.04.05-06.11.58:709][ 97]LogModuleManager: Shutting down and abandoning module LuminTargetPlatform (127)
[2019.04.05-06.11.58:710][ 97]LogModuleManager: Shutting down and abandoning module LinuxTargetPlatform (125)
[2019.04.05-06.11.58:710][ 97]LogModuleManager: Shutting down and abandoning module LinuxServerTargetPlatform (123)
[2019.04.05-06.11.58:710][ 97]LogModuleManager: Shutting down and abandoning module LinuxNoEditorTargetPlatform (121)
[2019.04.05-06.11.58:710][ 97]LogModuleManager: Shutting down and abandoning module LinuxClientTargetPlatform (119)
[2019.04.05-06.11.58:710][ 97]LogModuleManager: Shutting down and abandoning module TVOSTargetPlatform (117)
[2019.04.05-06.11.58:713][ 97]LogModuleManager: Shutting down and abandoning module Messaging (115)
[2019.04.05-06.11.58:713][ 97]LogModuleManager: Shutting down and abandoning module IOSTargetPlatform (113)
[2019.04.05-06.11.58:715][ 97]LogModuleManager: Shutting down and abandoning module HTML5TargetPlatform (111)
[2019.04.05-06.11.58:715][ 97]LogModuleManager: Shutting down and abandoning module AndroidTargetPlatform (109)
[2019.04.05-06.11.58:735][ 97]LogModuleManager: Shutting down and abandoning module WindowsTargetPlatform (107)
[2019.04.05-06.11.58:735][ 97]LogModuleManager: Shutting down and abandoning module WindowsServerTargetPlatform (105)
[2019.04.05-06.11.58:735][ 97]LogModuleManager: Shutting down and abandoning module WindowsNoEditorTargetPlatform (103)
[2019.04.05-06.11.58:735][ 97]LogModuleManager: Shutting down and abandoning module WindowsClientTargetPlatform (101)
[2019.04.05-06.11.58:735][ 97]LogModuleManager: Shutting down and abandoning module MacTargetPlatform (99)
[2019.04.05-06.11.58:736][ 97]LogModuleManager: Shutting down and abandoning module MacServerTargetPlatform (97)
[2019.04.05-06.11.58:736][ 97]LogModuleManager: Shutting down and abandoning module MacNoEditorTargetPlatform (95)
[2019.04.05-06.11.58:736][ 97]LogModuleManager: Shutting down and abandoning module MacClientTargetPlatform (93)
[2019.04.05-06.11.58:736][ 97]LogModuleManager: Shutting down and abandoning module AllDesktopTargetPlatform (91)
[2019.04.05-06.11.58:736][ 97]LogModuleManager: Shutting down and abandoning module InputCore (88)
[2019.04.05-06.11.58:736][ 97]LogModuleManager: Shutting down and abandoning module Settings (86)
[2019.04.05-06.11.58:736][ 97]LogModuleManager: Shutting down and abandoning module PhysXCooking (84)
[2019.04.05-06.11.58:736][ 97]LogModuleManager: Shutting down and abandoning module SteamVR (82)
[2019.04.05-06.11.58:737][ 97]LogModuleManager: Shutting down and abandoning module OculusHMD (80)
[2019.04.05-06.11.58:737][ 97]LogModuleManager: Shutting down and abandoning module ExampleDeviceProfileSelector (78)
[2019.04.05-06.11.58:737][ 97]LogModuleManager: Shutting down and abandoning module LauncherChunkInstaller (76)
[2019.04.05-06.11.58:737][ 97]LogModuleManager: Shutting down and abandoning module OnlineBlueprintSupport (74)
[2019.04.05-06.11.58:737][ 97]LogModuleManager: Shutting down and abandoning module OnlineSubsystem (70)
[2019.04.05-06.11.58:740][ 97]LogModuleManager: Shutting down and abandoning module XMPP (65)
[2019.04.05-06.11.58:741][ 97]LogModuleManager: Shutting down and abandoning module WebSockets (64)
[2019.04.05-06.11.58:771][ 97]LogModuleManager: Shutting down and abandoning module HTTP (61)
[2019.04.05-06.11.58:771][ 97]LogHttp: Display: Http module shutting down, but needs to wait on 1 outstanding Http requests:
[2019.04.05-06.11.58:771][ 97]LogHttp: Display: 	verb=[POST] url=[https://datarouter.ol.epicgames.com/datarouter/api/v1/public/data?SessionID=%7B2303E72C-4FA8-DBE0-D26E-DE8B56F6D2F1%7D&AppID=UEEditor.Rocket.Release&AppVersion=4.20.1-4233996%2B%2B%2BUE4%2BRelease-4.20&UserID=db855edb4eaf3410f746838948674cd2%7C%7C0aebd312-9f12-4d1d-93a7-13c85dd0d0c2&AppEnvironment=datacollector-binary&UploadType=eteventstream] status=Processing
[2019.04.05-06.11.58:799][ 97]LogModuleManager: Shutting down and abandoning module SSL (60)
[2019.04.05-06.11.58:800][ 97]LogModuleManager: Shutting down and abandoning module MagicLeapEmulator (56)
[2019.04.05-06.11.58:800][ 97]LogModuleManager: Shutting down and abandoning module MagicLeapPrivileges (54)
[2019.04.05-06.11.58:800][ 97]LogModuleManager: Shutting down and abandoning module MagicLeapIdentity (52)
[2019.04.05-06.11.58:800][ 97]LogModuleManager: Shutting down and abandoning module MagicLeapHelperVulkan (50)
[2019.04.05-06.11.58:800][ 97]LogModuleManager: Shutting down and abandoning module MagicLeapHelperOpenGL (48)
[2019.04.05-06.11.58:800][ 97]LogModuleManager: Shutting down and abandoning module MagicLeapSecureStorage (46)
[2019.04.05-06.11.58:800][ 97]LogModuleManager: Shutting down and abandoning module MagicLeapGestures (44)
[2019.04.05-06.11.58:800][ 97]LogModuleManager: Shutting down and abandoning module MagicLeapEyeTracker (42)
[2019.04.05-06.11.58:800][ 97]LogModuleManager: Shutting down and abandoning module MagicLeapController (40)
[2019.04.05-06.11.58:800][ 97]LogSlate: Slate User Destroyed.  User Index 0, Is Virtual User: 0
[2019.04.05-06.11.58:800][ 97]LogModuleManager: Shutting down and abandoning module MagicLeap (38)
[2019.04.05-06.11.58:801][ 97]LogModuleManager: Shutting down and abandoning module AnimationModifiers (36)
[2019.04.05-06.11.58:801][ 97]LogModuleManager: Shutting down and abandoning module PropertyEditor (35)
[2019.04.05-06.11.58:801][ 97]LogModuleManager: Shutting down and abandoning module AudioEditor (32)
[2019.04.05-06.11.58:801][ 97]LogModuleManager: Shutting down and abandoning module TextureCompressor (30)
[2019.04.05-06.11.58:801][ 97]LogModuleManager: Shutting down and abandoning module ShaderCore (28)
[2019.04.05-06.11.58:801][ 97]LogModuleManager: Shutting down and abandoning module Landscape (26)
[2019.04.05-06.11.58:801][ 97]LogModuleManager: Shutting down and abandoning module SlateRHIRenderer (24)
[2019.04.05-06.11.58:801][ 97]LogModuleManager: Shutting down and abandoning module OpenGLDrv (22)
[2019.04.05-06.11.58:801][ 97]LogModuleManager: Shutting down and abandoning module D3D11RHI (20)
[2019.04.05-06.11.58:801][ 97]LogModuleManager: Shutting down and abandoning module AnimGraphRuntime (18)
[2019.04.05-06.11.58:801][ 97]LogModuleManager: Shutting down and abandoning module Renderer (16)
[2019.04.05-06.11.58:801][ 97]LogModuleManager: Shutting down and abandoning module Engine (14)
[2019.04.05-06.11.58:801][ 97]LogModuleManager: Shutting down and abandoning module CoreUObject (12)
[2019.04.05-06.11.58:801][ 97]LogModuleManager: Shutting down and abandoning module NetworkFile (10)
[2019.04.05-06.11.58:801][ 97]LogModuleManager: Shutting down and abandoning module CookedIterativeFile (8)
[2019.04.05-06.11.58:801][ 97]LogModuleManager: Shutting down and abandoning module StreamingFile (6)
[2019.04.05-06.11.58:801][ 97]LogModuleManager: Shutting down and abandoning module SandboxFile (4)
[2019.04.05-06.11.58:801][ 97]LogModuleManager: Shutting down and abandoning module PakFile (2)
[2019.04.05-06.11.58:808][ 97]LogExit: Exiting.
[2019.04.05-06.11.58:811][ 97]Log file closed, 04/05/19 02:11:58
