Log file open, 04/05/19 15:28:48
LogWindows: Failed to load 'aqProf.dll' (GetLastError=126)
LogWindows: File 'aqProf.dll' does not exist
LogWindows: Failed to load 'VSPerf140.dll' (GetLastError=126)
LogWindows: File 'VSPerf140.dll' does not exist
LogWindows: Failed to load 'VtuneApi.dll' (GetLastError=126)
LogWindows: File 'VtuneApi.dll' does not exist
LogWindows: Failed to load 'VtuneApi32e.dll' (GetLastError=126)
LogWindows: File 'VtuneApi32e.dll' does not exist
LogInit: Display: Running engine for game: In_The_Maze
LogPlatformFile: Not using cached read wrapper
LogTaskGraph: Started task graph with 5 named threads and 14 total threads with 3 sets of task threads.
LogStats: Stats thread started at 3.617839
LogD3D11RHI: Loaded GFSDK_Aftermath_Lib.x64.dll
LogICUInternationalization: Display: ICU TimeZone Detection - Raw Offset: -5:00, Platform Override: ''
LogPluginManager: Mounting plugin Paper2D
LogPluginManager: Mounting plugin AISupport
LogPluginManager: Mounting plugin LightPropagationVolume
LogPluginManager: Mounting plugin CLionSourceCodeAccess
LogPluginManager: Mounting plugin CodeLiteSourceCodeAccess
LogPluginManager: Mounting plugin GitSourceControl
LogPluginManager: Mounting plugin KDevelopSourceCodeAccess
LogPluginManager: Mounting plugin NullSourceCodeAccess
LogPluginManager: Mounting plugin PerforceSourceControl
LogPluginManager: Mounting plugin SubversionSourceControl
LogPluginManager: Mounting plugin UObjectPlugin
LogPluginManager: Mounting plugin VisualStudioCodeSourceCodeAccess
LogPluginManager: Mounting plugin VisualStudioSourceCodeAccess
LogPluginManager: Mounting plugin XCodeSourceCodeAccess
LogPluginManager: Mounting plugin AssetManagerEditor
LogPluginManager: Mounting plugin CryptoKeys
LogPluginManager: Mounting plugin DataValidation
LogPluginManager: Mounting plugin FacialAnimation
LogPluginManager: Mounting plugin GameplayTagsEditor
LogPluginManager: Mounting plugin MacGraphicsSwitching
LogPluginManager: Mounting plugin MeshEditor
LogPluginManager: Mounting plugin MobileLauncherProfileWizard
LogPluginManager: Mounting plugin PluginBrowser
LogPluginManager: Mounting plugin SpeedTreeImporter
LogPluginManager: Mounting plugin DatasmithContent
LogPluginManager: Mounting plugin AlembicImporter
LogPluginManager: Mounting plugin AppleImageUtils
LogPluginManager: Mounting plugin AppleVision
LogPluginManager: Mounting plugin BackChannel
LogPluginManager: Mounting plugin CharacterAI
LogPluginManager: Mounting plugin GeometryCache
LogPluginManager: Mounting plugin HTML5Networking
LogPluginManager: Mounting plugin ProxyLODPlugin
LogPluginManager: Mounting plugin MagicLeap
LogPluginManager: Mounting plugin MagicLeapEmulator
LogPluginManager: Mounting plugin MagicLeapMedia
LogPluginManager: Mounting plugin AndroidMedia
LogPluginManager: Mounting plugin AvfMedia
LogPluginManager: Mounting plugin ImgMedia
LogPluginManager: Mounting plugin LinearTimecode
LogPluginManager: Mounting plugin MediaCompositing
LogPluginManager: Mounting plugin MediaPlayerEditor
LogPluginManager: Mounting plugin WmfMedia
LogPluginManager: Mounting plugin TcpMessaging
LogPluginManager: Mounting plugin UdpMessaging
LogPluginManager: Mounting plugin ActorSequence
LogPluginManager: Mounting plugin LevelSequenceEditor
LogPluginManager: Mounting plugin MatineeToLevelSequence
LogPluginManager: Mounting plugin NetcodeUnitTest
LogPluginManager: Mounting plugin NUTUnrealEngine4
LogPluginManager: Mounting plugin OnlineSubsystemGooglePlay
LogPluginManager: Mounting plugin OnlineSubsystemIOS
LogPluginManager: Mounting plugin OnlineSubsystem
LogPluginManager: Mounting plugin OnlineSubsystemNull
LogPluginManager: Mounting plugin OnlineSubsystemUtils
LogPluginManager: Mounting plugin LauncherChunkInstaller
LogPluginManager: Mounting plugin AndroidDeviceProfileSelector
LogPluginManager: Mounting plugin AndroidMoviePlayer
LogPluginManager: Mounting plugin AndroidPermission
LogPluginManager: Mounting plugin AppleMoviePlayer
LogPluginManager: Mounting plugin ArchVisCharacter
LogPluginManager: Mounting plugin AudioCapture
LogPluginManager: Mounting plugin CableComponent
LogPluginManager: Mounting plugin CustomMeshComponent
LogPluginManager: Mounting plugin EditableMesh
LogPluginManager: Mounting plugin ExampleDeviceProfileSelector
LogPluginManager: Mounting plugin GoogleCloudMessaging
LogPluginManager: Mounting plugin ImmediatePhysics
LogPluginManager: Mounting plugin IOSDeviceProfileSelector
LogPluginManager: Mounting plugin LinuxDeviceProfileSelector
LogPluginManager: Mounting plugin LocationServicesBPLibrary
LogPluginManager: Mounting plugin MobilePatchingUtils
LogPluginManager: Mounting plugin OculusVR
LogPluginManager: Plugin shader directory ../../../Engine/Plugins/Runtime/Oculus/OculusVR/Shaders found
LogPluginManager: Mapping shader source directory ../../../Engine/Plugins/Runtime/Oculus/OculusVR/Shaders to virtual directory /Plugin/OculusVR
LogPluginManager: Mounting plugin PhysXVehicles
LogPluginManager: Mounting plugin ProceduralMeshComponent
LogPluginManager: Mounting plugin RuntimePhysXCooking
LogPluginManager: Mounting plugin SteamVR
LogPluginManager: Mounting plugin WindowsMoviePlayer
LogStreaming: Display: Took  0.609s to configure plugins.
LogInit: Using libcurl 7.55.1-DEV
LogInit:  - built for x86_64-pc-win32
LogInit:  - supports SSL with OpenSSL/1.0.2h
LogInit:  - supports HTTP deflate (compression) using libz 1.2.8
LogInit:  - other features:
LogInit:      CURL_VERSION_SSL
LogInit:      CURL_VERSION_LIBZ
LogInit:      CURL_VERSION_IPV6
LogInit:      CURL_VERSION_ASYNCHDNS
LogInit:      CURL_VERSION_LARGEFILE
LogInit:      CURL_VERSION_IDN
LogInit:  CurlRequestOptions (configurable via config and command line):
LogInit:  - bVerifyPeer = false  - Libcurl will NOT verify peer certificate
LogInit:  - bUseHttpProxy = false  - Libcurl will NOT use HTTP proxy
LogInit:  - bDontReuseConnections = false  - Libcurl will reuse connections
LogInit:  - CertBundlePath = nullptr  - Libcurl will use whatever was configured at build time.
LogInit:  - MaxHostConnections = 16  - Libcurl will limit the number of connections to a host
LogInit:  - LocalHostAddr = Default
LogInit:  - BufferSize = 65536
LogInit: WinSock: version 1.1 (2.2), MaxSocks=32767, MaxUdp=65467
LogInit: Build: ++UE4+Release-4.20-CL-4369336
LogInit: Engine Version: 4.20.3-4369336+++UE4+Release-4.20
LogInit: Compatible Engine Version: 4.20.0-4212847+++UE4+Release-4.20
LogInit: Net CL: 4212847
LogInit: OS: Windows 10 (), CPU:         Intel(R) Core(TM) i5-2400 CPU @ 3.10GHz, GPU: Intel(R) HD Graphics
LogInit: Compiled (64-bit): Sep 17 2018 12:26:19
LogInit: Compiled with Visual C++: 19.13.26129.00
LogInit: Build Configuration: Development
LogInit: Branch Name: ++UE4+Release-4.20
LogInit: Command Line:  
LogInit: Base Directory: D:/Program Files/Epic Games/UE_4.20/Engine/Binaries/Win64/
LogInit: Installed Engine Build: 1
LogDevObjectVersion: Number of dev versions registered: 20
LogDevObjectVersion:   Dev-Blueprints (B0D832E4-1F89-4F0D-ACCF-7EB736FD4AA2): 10
LogDevObjectVersion:   Dev-Build (E1C64328-A22C-4D53-A36C-8E866417BD8C): 0
LogDevObjectVersion:   Dev-Core (375EC13C-06E4-48FB-B500-84F0262A717E): 2
LogDevObjectVersion:   Dev-Editor (E4B068ED-F494-42E9-A231-DA0B2E46BB41): 24
LogDevObjectVersion:   Dev-Framework (CFFC743F-43B0-4480-9391-14DF171D2073): 34
LogDevObjectVersion:   Dev-Mobile (B02B49B5-BB20-44E9-A304-32B752E40360): 2
LogDevObjectVersion:   Dev-Networking (A4E4105C-59A1-49B5-A7C5-40C4547EDFEE): 0
LogDevObjectVersion:   Dev-Online (39C831C9-5AE6-47DC-9A44-9C173E1C8E7C): 0
LogDevObjectVersion:   Dev-Physics (78F01B33-EBEA-4F98-B9B4-84EACCB95AA2): 0
LogDevObjectVersion:   Dev-Platform (6631380F-2D4D-43E0-8009-CF276956A95A): 0
LogDevObjectVersion:   Dev-Rendering (12F88B9F-8875-4AFC-A67C-D90C383ABD29): 26
LogDevObjectVersion:   Dev-Sequencer (7B5AE74C-D270-4C10-A958-57980B212A5A): 9
LogDevObjectVersion:   Dev-VR (D7296918-1DD6-4BDD-9DE2-64A83CC13884): 2
LogDevObjectVersion:   Dev-LoadTimes (C2A15278-BFE7-4AFE-6C17-90FF531DF755): 1
LogDevObjectVersion:   Private-Geometry (6EACA3D4-40EC-4CC1-B786-8BED09428FC5): 3
LogDevObjectVersion:   Dev-AnimPhys (29E575DD-E0A3-4627-9D10-D276232CDCEA): 17
LogDevObjectVersion:   Dev-ReflectionCapture (6B266CEC-1EC7-4B8F-A30B-E4D90942FC07): 1
LogDevObjectVersion:   Dev-Automation (0DF73D61-A23F-47EA-B727-89E90C41499A): 1
LogDevObjectVersion:   FortniteMain (601D1886-AC64-4F84-AA16-D3DE0DEAC7D6): 12
LogDevObjectVersion:   Dev-Enterprise (9DFFBCD6-494F-0158-E221-12823C92A888): 1
LogStreaming: Display: Took  0.015s to delete old logs.
LogInit: Presizing for max 8388607 objects, including 0 objects not considered by GC, pre-allocating 0 bytes for permanent pool.
LogInit: Object subsystem initialized
[2019.04.05-19.28.51:587][  0]LogInit: Selected Device Profile: [Windows]
[2019.04.05-19.28.51:587][  0]LogInit: Applying CVar settings loaded from the selected device profile: [Windows]
[2019.04.05-19.28.51:676][  0]LogHAL: Display: Platform has ~ 8 GB [8491921408 / 8589934592 / 8], which maps to Default [LargestMinGB=32, LargerMinGB=12, DefaultMinGB=8, SmallerMinGB=6, SmallestMinGB=0)
[2019.04.05-19.28.51:676][  0]LogInit: Setting Device Profile CVar: [[r.Vulkan.UseRealUBs:1]]
[2019.04.05-19.28.51:686][  0]LogInit: Going up to parent DeviceProfile []
[2019.04.05-19.28.51:743][  0]LogInit: Computer: THE-AFTERMATH
[2019.04.05-19.28.51:743][  0]LogInit: User: User
[2019.04.05-19.28.51:743][  0]LogInit: CPU Page size=4096, Cores=4
[2019.04.05-19.28.51:743][  0]LogInit: High frequency timer resolution =10.000000 MHz
[2019.04.05-19.28.51:743][  0]LogMemory: Memory total: Physical=7.9GB (8GB approx)
[2019.04.05-19.28.51:743][  0]LogMemory: Platform Memory Stats for Windows
[2019.04.05-19.28.51:743][  0]LogMemory: Process Physical Memory: 100.33 MB used, 100.33 MB peak
[2019.04.05-19.28.51:743][  0]LogMemory: Process Virtual Memory: 84.05 MB used, 84.05 MB peak
[2019.04.05-19.28.51:743][  0]LogMemory: Physical Memory: 5559.21 MB used,  2539.31 MB free, 8098.53 MB total
[2019.04.05-19.28.51:743][  0]LogMemory: Virtual Memory: 4622.81 MB used,  2539.31 MB free, 134217728.00 MB total
[2019.04.05-19.28.52:585][  0]LogInit: Using OS detected language (en-US).
[2019.04.05-19.28.52:586][  0]LogInit: Using OS detected locale (en-US).
[2019.04.05-19.28.52:681][  0]LogTextLocalizationManager: No specific localization for 'en-US' exists, so the 'en' localization will be used.
[2019.04.05-19.28.53:668][  0]LogStreaming: Display: Took  1.054s to InitEngineTextLocalization.
[2019.04.05-19.28.53:679][  0]LogInit: Setting process to per monitor DPI aware
[2019.04.05-19.28.54:346][  0]LogSlate: New Slate User Created.  User Index 0, Is Virtual User: 0
[2019.04.05-19.28.54:346][  0]LogSlate: Slate User Registered.  User Index 0, Is Virtual User: 0
[2019.04.05-19.29.08:019][  0]LogHMD: Failed to initialize OpenVR with code 108
[2019.04.05-19.29.08:053][  0]LogD3D11RHI: D3D11 adapters:
[2019.04.05-19.29.09:938][  0]LogD3D11RHI:    0. 'NVIDIA GeForce GTX 1050' (Feature Level 11_0)
[2019.04.05-19.29.09:938][  0]LogD3D11RHI:       1977/0/4049 MB DedicatedVideo/DedicatedSystem/SharedSystem, Outputs:1, VendorId:0x10de
[2019.04.05-19.29.09:945][  0]LogD3D11RHI:    1. 'Intel(R) HD Graphics' (Feature Level 10_0)
[2019.04.05-19.29.09:945][  0]LogD3D11RHI:       32/0/1632 MB DedicatedVideo/DedicatedSystem/SharedSystem, Outputs:1, VendorId:0x8086
[2019.04.05-19.29.09:950][  0]LogD3D11RHI:    2. 'Microsoft Basic Render Driver' (Feature Level 11_0)
[2019.04.05-19.29.09:950][  0]LogD3D11RHI:       0/0/4049 MB DedicatedVideo/DedicatedSystem/SharedSystem, Outputs:0, VendorId:0x1414
[2019.04.05-19.29.09:950][  0]LogD3D11RHI: Chosen D3D11 Adapter: 0
[2019.04.05-19.29.09:980][  0]LogD3D11RHI: Creating new Direct3DDevice
[2019.04.05-19.29.09:981][  0]LogD3D11RHI:     GPU DeviceId: 0x1c81 (for the marketing name, search the web for "GPU Device Id")
[2019.04.05-19.29.10:014][  0]LogWindows: EnumDisplayDevices:
[2019.04.05-19.29.10:015][  0]LogWindows:    0. 'Intel(R) HD Graphics' (P:0 D:1)
[2019.04.05-19.29.10:015][  0]LogWindows:    1. 'Intel(R) HD Graphics' (P:0 D:0)
[2019.04.05-19.29.10:016][  0]LogWindows:    2. 'NVIDIA GeForce GTX 1050' (P:1 D:1)
[2019.04.05-19.29.10:019][  0]LogWindows:    3. 'NVIDIA GeForce GTX 1050' (P:0 D:0)
[2019.04.05-19.29.10:019][  0]LogWindows:    4. 'NVIDIA GeForce GTX 1050' (P:0 D:0)
[2019.04.05-19.29.10:020][  0]LogWindows:    5. 'NVIDIA GeForce GTX 1050' (P:0 D:0)
[2019.04.05-19.29.10:020][  0]LogWindows: DebugString: PrimaryIsNotTheChoosenAdapter PrimaryIsNotTheChoosenAdapter FoundDriverCount:4 
[2019.04.05-19.29.10:020][  0]LogD3D11RHI:     Adapter Name: NVIDIA GeForce GTX 1050
[2019.04.05-19.29.10:020][  0]LogD3D11RHI:   Driver Version: 419.67 (internal:25.21.14.1967, unified:419.67)
[2019.04.05-19.29.10:020][  0]LogD3D11RHI:      Driver Date: 3-17-2019
[2019.04.05-19.29.10:021][  0]LogRHI: Texture pool is 1384 MB (70% of 1977 MB)
[2019.04.05-19.29.10:113][  0]LogD3D11RHI: Async texture creation enabled
[2019.04.05-19.29.10:466][  0]LogD3D11RHI: GPU Timing Frequency: 1000.000000 (Debug: 2 1)
[2019.04.05-19.29.10:642][  0]LogShaderCompilers: Guid format shader working directory is -34 characters bigger than the processId version (../../../../../../Users/Anthony Brown/Documents/Github/In-The-Maze/In_The_Maze/Intermediate/Shaders/WorkingDirectory/15776/).
[2019.04.05-19.29.10:643][  0]LogShaderCompilers: Cleaned the shader compiler working directory 'C:/Users/User/AppData/Local/Temp/UnrealShaderWorkingDir/21F36A3E43524CDE093A7CB2DAAD0691/'.
[2019.04.05-19.29.12:045][  0]LogTemp: Display: Loaded TP AllDesktopTargetPlatform
[2019.04.05-19.29.12:088][  0]LogTemp: Display: Loaded TP MacClientTargetPlatform
[2019.04.05-19.29.12:134][  0]LogTemp: Display: Loaded TP MacNoEditorTargetPlatform
[2019.04.05-19.29.12:446][  0]LogTemp: Display: Loaded TP MacServerTargetPlatform
[2019.04.05-19.29.12:649][  0]LogTemp: Display: Loaded TP MacTargetPlatform
[2019.04.05-19.29.12:744][  0]LogTemp: Display: Loaded TP WindowsClientTargetPlatform
[2019.04.05-19.29.12:790][  0]LogTemp: Display: Loaded TP WindowsNoEditorTargetPlatform
[2019.04.05-19.29.12:837][  0]LogTemp: Display: Loaded TP WindowsServerTargetPlatform
[2019.04.05-19.29.12:876][  0]LogTemp: Display: Loaded TP WindowsTargetPlatform
[2019.04.05-19.29.13:409][  0]LogTemp: Display: Loaded TP AndroidTargetPlatform
[2019.04.05-19.29.13:409][  0]LogTemp: Display: Loaded TP AndroidTargetPlatform
[2019.04.05-19.29.13:409][  0]LogTemp: Display: Loaded TP AndroidTargetPlatform
[2019.04.05-19.29.13:409][  0]LogTemp: Display: Loaded TP AndroidTargetPlatform
[2019.04.05-19.29.13:410][  0]LogTemp: Display: Loaded TP AndroidTargetPlatform
[2019.04.05-19.29.13:410][  0]LogTemp: Display: Loaded TP AndroidTargetPlatform
[2019.04.05-19.29.13:410][  0]LogTemp: Display: Loaded TP AndroidTargetPlatform
[2019.04.05-19.29.13:410][  0]LogTemp: Display: Loaded TP AndroidTargetPlatform
[2019.04.05-19.29.13:410][  0]LogTemp: Display: Loaded TP AndroidTargetPlatform
[2019.04.05-19.29.13:410][  0]LogTemp: Display: Loaded TP AndroidTargetPlatform
[2019.04.05-19.29.13:410][  0]LogTemp: Display: Loaded TP AndroidTargetPlatform
[2019.04.05-19.29.13:410][  0]LogTemp: Display: Loaded TP AndroidTargetPlatform
[2019.04.05-19.29.13:410][  0]LogTemp: Display: Loaded TP AndroidTargetPlatform
[2019.04.05-19.29.13:410][  0]LogTemp: Display: Loaded TP AndroidTargetPlatform
[2019.04.05-19.29.13:410][  0]LogTemp: Display: Loaded TP AndroidTargetPlatform
[2019.04.05-19.29.13:410][  0]LogTemp: Display: Loaded TP AndroidTargetPlatform
[2019.04.05-19.29.13:410][  0]LogTemp: Display: Loaded TP AndroidTargetPlatform
[2019.04.05-19.29.13:410][  0]LogTemp: Display: Loaded TP AndroidTargetPlatform
[2019.04.05-19.29.13:439][  0]LogTemp: Display: Loaded TP HTML5TargetPlatform
[2019.04.05-19.29.13:646][  0]LogTemp: Display: Loaded TP IOSTargetPlatform
[2019.04.05-19.29.13:646][  0]LogTemp: Display: Loaded TP IOSTargetPlatform
[2019.04.05-19.29.13:710][  0]LogTemp: Display: Loaded TP TVOSTargetPlatform
[2019.04.05-19.29.13:710][  0]LogTemp: Display: Loaded TP TVOSTargetPlatform
[2019.04.05-19.29.13:759][  0]LogTemp: Display: Loaded TP LinuxClientTargetPlatform
[2019.04.05-19.29.13:795][  0]LogTemp: Display: Loaded TP LinuxNoEditorTargetPlatform
[2019.04.05-19.29.13:857][  0]LogTemp: Display: Loaded TP LinuxServerTargetPlatform
[2019.04.05-19.29.13:947][  0]LogTemp: Display: Loaded TP LinuxTargetPlatform
[2019.04.05-19.29.13:995][  0]LogTemp: Display: Loaded TP LuminTargetPlatform
[2019.04.05-19.29.13:995][  0]LogTargetPlatformManager: Display: Building Assets For Windows
[2019.04.05-19.29.15:773][  0]LogXGEController: Cleaning working directory: C:/Users/User/AppData/Local/Temp/UnrealXGEWorkingDir/
[2019.04.05-19.29.15:774][  0]LogXGEController: Cannot use XGE Controller as Incredibuild is not installed on this machine.
[2019.04.05-19.29.15:774][  0]LogShaderCompilers: Cannot use XGE Shader Compiler as Incredibuild is not installed on this machine.
[2019.04.05-19.29.15:792][  0]LogShaderCompilers: Display: Using Local Shader Compiler.
[2019.04.05-19.29.25:512][  0]LogDerivedDataCache: Display: Max Cache Size: 512 MB
[2019.04.05-19.29.26:049][  0]LogDerivedDataCache: Loaded boot cache 0.54s 71MB C:/Users/User/AppData/Local/UnrealEngine/4.20/DerivedDataCache/Boot.ddc.
[2019.04.05-19.29.26:050][  0]LogDerivedDataCache: Display: Loaded Boot cache: C:/Users/User/AppData/Local/UnrealEngine/4.20/DerivedDataCache/Boot.ddc
[2019.04.05-19.29.26:050][  0]LogDerivedDataCache: FDerivedDataBackendGraph:  Pak pak cache file ../../../../../../Users/Anthony Brown/Documents/Github/In-The-Maze/In_The_Maze/DerivedDataCache/DDC.ddp not found, will not use a pak cache.
[2019.04.05-19.29.26:050][  0]LogDerivedDataCache: Unable to find inner node Pak for hierarchical cache Hierarchy.
[2019.04.05-19.29.26:050][  0]LogDerivedDataCache: FDerivedDataBackendGraph:  CompressedPak pak cache file ../../../../../../Users/Anthony Brown/Documents/Github/In-The-Maze/In_The_Maze/DerivedDataCache/Compressed.ddp not found, will not use a pak cache.
[2019.04.05-19.29.26:050][  0]LogDerivedDataCache: Unable to find inner node CompressedPak for hierarchical cache Hierarchy.
[2019.04.05-19.29.26:143][  0]LogDerivedDataCache: Display: Pak cache opened for reading ../../../Engine/DerivedDataCache/Compressed.ddp.
[2019.04.05-19.29.26:157][  0]LogDerivedDataCache: Using Local data cache path C:/Users/User/AppData/Local/UnrealEngine/Common/DerivedDataCache: Writable
[2019.04.05-19.29.26:157][  0]LogDerivedDataCache: Shared data cache path not found in *engine.ini, will not use an Shared cache.
[2019.04.05-19.29.26:157][  0]LogDerivedDataCache: Unable to find inner node Shared for hierarchical cache Hierarchy.
[2019.04.05-19.29.26:283][  0]LogMaterial: Verifying Global Shaders for PCD3D_SM5
[2019.04.05-19.29.26:347][  0]LogSlate: Using FreeType 2.6.0
[2019.04.05-19.29.26:480][  0]LogSlate: SlateFontServices - WITH_FREETYPE: 1, WITH_HARFBUZZ: 1
[2019.04.05-19.29.27:621][  0]LogAssetRegistry: FAssetRegistry took 0.0464 seconds to start up
[2019.04.05-19.29.36:426][  0]LogInit: Selected Device Profile: [Windows]
[2019.04.05-19.29.40:394][  0]LogSimplygon: Simplygon DLL not present - disabling.
[2019.04.05-19.29.40:683][  0]LogMeshReduction: Using SimplygonSwarm for distributed automatic mesh merging
[2019.04.05-19.29.40:683][  0]LogMeshReduction: Using ProxyLODMeshReduction for automatic mesh merging
[2019.04.05-19.29.40:718][  0]LogMeshReduction: Using QuadricMeshReduction for automatic static mesh reduction
[2019.04.05-19.29.40:718][  0]LogMeshReduction: No automatic skeletal mesh reduction module available
[2019.04.05-19.29.41:548][  0]LogNetVersion: In_The_Maze 1.0.0, NetCL: 4212847, EngineNetVer: 5, GameNetVer: 0 (Checksum: 1726018356)
[2019.04.05-19.29.52:165][  0]LogPackageLocalizationCache: Processed 11 localized package path(s) for 2 prioritized culture(s) in 0.490366 seconds
[2019.04.05-19.29.52:387][  0]LogUObjectArray: 38425 objects as part of root set at end of initial load.
[2019.04.05-19.29.52:387][  0]LogUObjectAllocator: 6690864 out of 0 bytes used by permanent object pool.
[2019.04.05-19.29.52:387][  0]LogUObjectArray: CloseDisregardForGC: 0/0 objects in disregard for GC pool
[2019.04.05-19.30.43:723][  0]LogTcpMessaging: Initializing TcpMessaging bridge
[2019.04.05-19.30.43:813][  0]LogUdpMessaging: Initializing bridge on interface 0.0.0.0:0 to multicast group 230.0.0.1:6666.
[2019.04.05-19.30.46:453][  0]SourceControl: Source control is disabled
[2019.04.05-19.30.53:101][  0]LogAndroidPermission: UAndroidPermissionCallbackProxy::GetInstance
[2019.04.05-19.30.53:562][  0]LogOcInput: OculusInput pre-init called
[2019.04.05-19.30.55:266][  0]LogEngine: Initializing Engine...
[2019.04.05-19.31.01:713][  0]LogHMD: Failed to initialize OpenVR with code 108
[2019.04.05-19.31.01:882][  0]LogStats: UGameplayTagsManager::ConstructGameplayTagTree: ImportINI prefixes -  0.001 s
[2019.04.05-19.31.01:882][  0]LogStats: UGameplayTagsManager::ConstructGameplayTagTree: Construct from data asset -  0.000 s
[2019.04.05-19.31.01:888][  0]LogStats: UGameplayTagsManager::ConstructGameplayTagTree: ImportINI -  0.006 s
[2019.04.05-19.31.01:888][  0]LogStats: UGameplayTagsManager::ConstructGameplayTagTree: GameplayTagTreeChangedEvent.Broadcast -  0.000 s
[2019.04.05-19.31.02:428][  0]LogInit: Initializing FReadOnlyCVARCache
[2019.04.05-19.31.03:108][  0]LogAIModule: Creating AISystem for world Untitled
[2019.04.05-19.31.03:592][  0]LogInit: XAudio2 using 'Speakers / Headphones (IDT High Definition Audio CODEC)' : 2 channels at 44.1 kHz using 16 bits per sample (channel mask 0x3)
[2019.04.05-19.31.03:673][  0]LogInit: FAudioDevice initialized.
[2019.04.05-19.31.03:686][  0]LogNetVersion: Set ProjectVersion to 1.0.0.0. Version Checksum will be recalculated on next use.
[2019.04.05-19.31.03:846][  0]LogDerivedDataCache: Saved boot cache 0.16s 71MB C:/Users/User/AppData/Local/UnrealEngine/4.20/DerivedDataCache/Boot.ddc.
[2019.04.05-19.31.03:856][  0]LogInit: Texture streaming: Enabled
[2019.04.05-19.31.04:127][  0]LogEngineSessionManager: EngineSessionManager initialized
[2019.04.05-19.31.04:906][  0]LogInit: Transaction tracking system initialized
[2019.04.05-19.31.05:756][  0]BlueprintLog: New page: Editor Load
[2019.04.05-19.31.09:189][  0]LocalizationService: Localization service is disabled
[2019.04.05-19.31.14:421][  0]LogFileCache: Scanning file cache for directory 'D:/Users/Anthony Brown/Documents/Github/In-The-Maze/In_The_Maze/Content/' took 0.09s
[2019.04.05-19.31.14:422][  0]LogCook: Display: Max memory allowance for cook 16384mb min free memory 0mb
[2019.04.05-19.31.14:441][  0]LogCook: Display: Mobile HDR setting 1
[2019.04.05-19.31.14:504][  0]LogGameplayTags: Display: UGameplayTagsManager::DoneAddingNativeTags. DelegateIsBound: 0
[2019.04.05-19.31.14:504][  0]LogStats: UGameplayTagsManager::ConstructGameplayTagTree: ImportINI prefixes -  0.000 s
[2019.04.05-19.31.14:504][  0]LogStats: UGameplayTagsManager::ConstructGameplayTagTree: Construct from data asset -  0.000 s
[2019.04.05-19.31.14:505][  0]LogStats: UGameplayTagsManager::ConstructGameplayTagTree: ImportINI -  0.000 s
[2019.04.05-19.31.14:505][  0]LogStats: UGameplayTagsManager::ConstructGameplayTagTree: GameplayTagTreeChangedEvent.Broadcast -  0.000 s
[2019.04.05-19.31.23:093][  0]Cmd: MAP LOAD FILE="../../../../../../Users/Anthony Brown/Documents/Github/In-The-Maze/In_The_Maze/Content/FirstPersonBP/Maps/FirstPersonExampleMap.umap" TEMPLATE=0 SHOWPROGRESS=1 FEATURELEVEL=3
[2019.04.05-19.31.23:834][  0]LightingResults: New page: Lighting Build
[2019.04.05-19.31.24:323][  0]MapCheck: New page: Map Check
[2019.04.05-19.31.24:323][  0]LightingResults: New page: Lighting Build
[2019.04.05-19.31.29:487][  0]LogTexture: Display: Building textures: ghoul (AutoDXT, 500X500)
[2019.04.05-19.31.29:487][  0]LogTexture: Display: Building textures: HQ_Lightmap1_1 (AutoDXT, 2048X2048)
[2019.04.05-19.31.29:989][  0]LogTexture: Display: Building textures: HQ_Lightmap1_2 (AutoDXT, 2048X2048)
[2019.04.05-19.31.29:989][  0]LogMaterial: Display: Missing cached shader map for material phong1, compiling. 
[2019.04.05-19.31.30:694][  0]LogShaderCompilers: Display: Shaders left to compile 22
[2019.04.05-19.31.30:694][  0]LogShaderCompilers: Display: Shaders left to compile 12
[2019.04.05-19.31.30:694][  0]LogShaderCompilers: Display: Shaders left to compile 2
[2019.04.05-19.31.30:694][  0]LogStaticMesh: Building static mesh bigboy...
[2019.04.05-19.31.30:769][  0]LogStaticMesh: Built static mesh [0.08s] /Game/Props/Import/bigboy.bigboy
[2019.04.05-19.31.32:279][  0]LogTexture: Display: Building textures: HQ_Lightmap1_4 (AutoDXT, 64X64)
[2019.04.05-19.31.32:279][  0]LogTexture: Display: Building textures: HQ_Lightmap1_3 (AutoDXT, 2048X2048)
[2019.04.05-19.31.32:279][  0]LogTexture: Display: Building textures: LQ_Lightmap_1_1 (DXT1, 2048X2048)
[2019.04.05-19.31.32:279][  0]LogTexture: Display: Building textures: LQ_Lightmap_1_2 (DXT1, 2048X2048)
[2019.04.05-19.31.32:279][  0]LogTexture: Display: Building textures: LQ_Lightmap_1_3 (DXT1, 2048X2048)
[2019.04.05-19.31.32:297][  0]LogTexture: Display: Building textures: LQ_Lightmap_1_4 (DXT1, 64X64)
[2019.04.05-19.31.33:837][  0]LogTexture: Display: Building textures: SkyOcclusion1_1 (AutoDXT, 2048X1024)
[2019.04.05-19.31.33:837][  0]LogTexture: Display: Building textures: SkyOcclusion1_2 (AutoDXT, 2048X1024)
[2019.04.05-19.31.33:837][  0]LogTexture: Display: Building textures: SkyOcclusion1_4 (AutoDXT, 64X32)
[2019.04.05-19.31.33:837][  0]LogTexture: Display: Building textures: SkyOcclusion1_3 (AutoDXT, 2048X1024)
[2019.04.05-19.31.33:837][  0]LogTexture: Display: Building textures: ShadowMapTexture2D_10 (G8, 1024X1024)
[2019.04.05-19.31.33:837][  0]LogTexture: Display: Building textures: ShadowMapTexture2D_11 (G8, 1024X1024)
[2019.04.05-19.31.33:837][  0]LogTexture: Display: Building textures: ShadowMapTexture2D_12 (G8, 1024X1024)
[2019.04.05-19.31.33:837][  0]LogTexture: Display: Building textures: ShadowMapTexture2D_13 (G8, 32X32)
[2019.04.05-19.31.33:837][  0]LogTexture: Display: Building textures: ShadowMapTexture2D_8 (G8, 1024X1024)
[2019.04.05-19.31.33:837][  0]LogTexture: Display: Building textures: ShadowMapTexture2D_9 (G8, 1024X1024)
[2019.04.05-19.31.34:952][  0]LogAIModule: Creating AISystem for world FirstPersonExampleMap
[2019.04.05-19.31.37:613][  0]LogEditorServer: Finished looking for orphan Actors (0.000 secs)
[2019.04.05-19.31.40:720][  0]Cmd: MAP CHECKDEP NOCLEARLOG
[2019.04.05-19.31.41:135][  0]MapCheck: Map check complete: 0 Error(s), 0 Warning(s), took 415.12ms to complete.
[2019.04.05-19.31.41:188][  0]LogFileHelpers: Loading map 'FirstPersonExampleMap' took 18.376
[2019.04.05-19.31.51:690][  0]LogSlate: Updating window title bar state: overlay mode, drag disabled, window buttons hidden, title bar hidden
[2019.04.05-19.31.51:806][  0]LogSlate: Updating window title bar state: overlay mode, drag disabled, window buttons hidden, title bar hidden
[2019.04.05-19.31.51:818][  0]LogSlate: Updating window title bar state: overlay mode, drag disabled, window buttons hidden, title bar hidden
[2019.04.05-19.31.51:829][  0]LogSlate: Updating window title bar state: overlay mode, drag disabled, window buttons hidden, title bar hidden
[2019.04.05-19.31.52:173][  0]LogCollectionManager: Loaded 0 collections in 0.009323 seconds
[2019.04.05-19.31.53:195][  0]LogFileCache: Scanning file cache for directory 'D:/Users/Anthony Brown/Documents/Github/In-The-Maze/In_The_Maze/Saved/Collections/' took 0.01s
[2019.04.05-19.31.53:195][  0]LogFileCache: Scanning file cache for directory 'D:/Users/Anthony Brown/Documents/Github/In-The-Maze/In_The_Maze/Content/Developers/User/Collections/' took 0.01s
[2019.04.05-19.31.53:195][  0]LogFileCache: Scanning file cache for directory 'D:/Users/Anthony Brown/Documents/Github/In-The-Maze/In_The_Maze/Content/Collections/' took 0.01s
[2019.04.05-19.31.53:195][  0]LogCollectionManager: Rebuilt the GUID cache for 0 collections in 0.000001 seconds
[2019.04.05-19.31.53:320][  0]LogContentBrowser: Native class hierarchy populated in 0.0475 seconds. Added 2572 classes and 603 folders.
[2019.04.05-19.31.54:267][  0]LogContentBrowser: Native class hierarchy updated for 'WidgetCarousel' in 0.0004 seconds. Added 0 classes and 0 folders.
[2019.04.05-19.31.57:535][  0]LogContentBrowser: Native class hierarchy updated for 'AddContentDialog' in 0.0004 seconds. Added 0 classes and 0 folders.
[2019.04.05-19.31.57:601][  0]LogContentBrowser: Native class hierarchy updated for 'SceneOutliner' in 0.0005 seconds. Added 1 classes and 2 folders.
[2019.04.05-19.31.59:891][  0]LogSlate: Took 0.035832 seconds to synchronously load lazily loaded font '../../../Engine/Content/Slate/Fonts/Roboto-Regular.ttf' (155K)
[2019.04.05-19.32.00:070][  0]LogSlate: Took 0.042378 seconds to synchronously load lazily loaded font '../../../Engine/Content/Slate/Fonts/Roboto-Bold.ttf' (160K)
[2019.04.05-19.32.00:403][  0]LogSlate: Took 0.039889 seconds to synchronously load lazily loaded font '../../../Engine/Content/Editor/Slate/Fonts/FontAwesome.ttf' (139K)
[2019.04.05-19.32.01:762][  0]LogRenderer: Reallocating scene render targets to support 1188x592 Format 10 NumSamples 1 (Frame:1).
[2019.04.05-19.32.03:911][  0]LogContentBrowser: Native class hierarchy updated for 'HierarchicalLODOutliner' in 0.0005 seconds. Added 0 classes and 0 folders.
[2019.04.05-19.32.03:911][  0]LogLoad: (Engine Initialization) Total time: 221.30 seconds
[2019.04.05-19.32.03:911][  0]LogLoad: (Engine Initialization) Total Blueprint compile time: 0.00 seconds
[2019.04.05-19.32.05:596][  0]LogContentStreaming: Texture pool size now 1000 MB
[2019.04.05-19.32.06:465][  1]LogFileCache: Retrieving MD5 hashes for directory 'D:/Users/Anthony Brown/Documents/Github/In-The-Maze/In_The_Maze/Content/' took 1.89s
[2019.04.05-19.32.07:095][  4]LogAssetRegistry: Asset discovery search completed in 159.5104 seconds
[2019.04.05-19.32.07:147][  4]LogCollectionManager: Rebuilt the object cache for 0 collections in 0.000001 seconds (found 0 objects)
[2019.04.05-19.32.07:147][  4]LogCollectionManager: Fixed up redirectors for 0 collections in 0.017716 seconds (updated 0 objects)
[2019.04.05-19.32.07:430][  4]LogSlate: Took 0.021631 seconds to synchronously load lazily loaded font '../../../Engine/Content/Slate/Fonts/Roboto-Light.ttf' (167K)
[2019.04.05-19.33.25:635][782]LogEditorViewport: Clicking on Actor (LMB): StaticMeshActor (Cube3)
[2019.04.05-19.33.26:996][783]LogEditorViewport: Clicking on Actor (LMB): StaticMeshActor (Cube3)
[2019.04.05-19.33.28:545][921]Cmd: EDIT COPY
[2019.04.05-19.33.28:931][921]Cmd: EDIT PASTE
[2019.04.05-19.34.12:682][562]LogEditorViewport: Clicking on Actor (LMB): StaticMeshActor (Cube40)
[2019.04.05-19.34.13:553][649]Cmd: EDIT COPY
[2019.04.05-19.34.13:823][678]Cmd: EDIT PASTE
[2019.04.05-19.35.00:541][626]LogEditorViewport: Clicking on Actor (LMB): StaticMeshActor (Cube35)
[2019.04.05-19.35.01:623][737]Cmd: EDIT COPY
[2019.04.05-19.35.01:937][772]Cmd: EDIT PASTE
[2019.04.05-19.35.27:689][586]LogEditorViewport: Clicking on Actor (LMB): StaticMeshActor (Cube41)
[2019.04.05-19.35.31:415][986]Cmd: EDIT COPY
[2019.04.05-19.35.31:833][ 32]Cmd: EDIT PASTE
[2019.04.05-19.36.28:418][121]LogEditorViewport: Clicking on Actor (LMB): StaticMeshActor (Cube42)
[2019.04.05-19.36.29:882][276]Cmd: EDIT COPY
[2019.04.05-19.36.30:201][311]Cmd: EDIT PASTE
[2019.04.05-19.37.21:971][910]LogEditorViewport: Clicking on Actor (LMB): StaticMeshActor (Cube46)
[2019.04.05-19.37.38:127][634]LogEditorViewport: Clicking on Actor (LMB): StaticMeshActor (Cube32)
[2019.04.05-19.37.41:812][989]Cmd: TRANSACTION UNDO
[2019.04.05-19.37.41:812][989]LogEditorTransaction: Undo Move Actors
[2019.04.05-19.37.41:933][989]LogSlate: Took 0.000422 seconds to synchronously load lazily loaded font '../../../Engine/Content/Slate/Fonts/Roboto-Light.ttf' (167K)
[2019.04.05-19.37.43:569][166]Cmd: EDIT COPY
[2019.04.05-19.37.43:960][211]Cmd: EDIT PASTE
[2019.04.05-19.38.45:767][426]LogSlate: FSceneViewport::OnFocusLost() reason 0
[2019.04.05-19.38.51:330][968]LogSlate: FSceneViewport::OnFocusLost() reason 0
[2019.04.05-19.38.51:532][978]LogAudioDerivedData: Display: Building compressed audio format OGG hash OGG wave Floating_Whirlindas_1...
[2019.04.05-19.38.51:532][978]LogTemp: Couldn't find amount to resample to.
[2019.04.05-19.39.58:148][439]LogSlate: FSceneViewport::OnFocusLost() reason 0
[2019.04.05-19.39.58:283][453]LogActorFactory: Actor Factory created Cube
[2019.04.05-19.39.59:542][572]LogActorFactory: Actor Factory created Cube
[2019.04.05-19.40.52:041][432]LogEditorViewport: Clicking on Actor (LMB): StaticMeshActor (Cube9)
[2019.04.05-19.40.53:084][537]Cmd: EDIT COPY
[2019.04.05-19.40.53:324][565]Cmd: EDIT PASTE
[2019.04.05-19.41.25:542][229]LogEditorViewport: Clicking on Actor (LMB): StaticMeshActor (Statues_pCube4)
[2019.04.05-19.41.27:595][456]Cmd: EDIT COPY
[2019.04.05-19.41.27:888][490]Cmd: EDIT PASTE
[2019.04.05-19.42.17:079][939]LogSlate: FSceneViewport::OnFocusLost() reason 0
[2019.04.05-19.42.18:532][941]LogSavePackage: Moving '../../../../../../Users/Anthony Brown/Documents/Github/In-The-Maze/In_The_Maze/Saved/FirstPersonExampleMapAB20CBDA4569A523892D349A7D32736F.tmp' to '../../../../../../Users/Anthony Brown/Documents/Github/In-The-Maze/In_The_Maze/Content/FirstPersonBP/Maps/FirstPersonExampleMap.umap'
[2019.04.05-19.42.19:847][941]LogSavePackage: Moving '../../../../../../Users/Anthony Brown/Documents/Github/In-The-Maze/In_The_Maze/Saved/FirstPersonExampleMap_BuiltData7211CDC44F99115B4A5D39AFF98540B3.tmp' to '../../../../../../Users/Anthony Brown/Documents/Github/In-The-Maze/In_The_Maze/Content/FirstPersonBP/Maps/FirstPersonExampleMap_BuiltData.uasset'
[2019.04.05-19.42.27:715][769]LogAssetEditorManager: Opening Asset editor for Blueprint /Game/FirstPersonBP/Blueprints/FirstPersonCharacter.FirstPersonCharacter
[2019.04.05-19.42.29:122][769]LogContentBrowser: Native class hierarchy updated for 'BlueprintGraph' in 0.0009 seconds. Added 116 classes and 0 folders.
[2019.04.05-19.42.31:924][769]LogSlate: Took 0.044245 seconds to synchronously load lazily loaded font '../../../Engine/Content/Slate/Fonts/Roboto-BoldCondensed.ttf' (158K)
[2019.04.05-19.42.34:772][871]LogRenderer: Reallocating scene render targets to support 1188x712 Format 10 NumSamples 1 (Frame:1).
[2019.04.05-19.42.42:725][234]LogSlate: Took 0.020129 seconds to synchronously load lazily loaded font '../../../Engine/Content/Slate/Fonts/Roboto-Italic.ttf' (157K)
[2019.04.05-19.42.44:107][323]LogSlate: FSceneViewport::OnFocusLost() reason 0
[2019.04.05-19.42.56:818][293]LogSlate: FSceneViewport::OnFocusLost() reason 2
[2019.04.05-19.43.13:520][338]LogSlate: FSceneViewport::OnFocusLost() reason 0
[2019.04.05-19.43.24:749][ 60]BlueprintLog: New page: Compile FirstPersonCharacter
[2019.04.05-19.43.25:800][ 86]LogSavePackage: Moving '../../../../../../Users/Anthony Brown/Documents/Github/In-The-Maze/In_The_Maze/Saved/FirstPersonCharacter75DD9430465A3A029EDE318F5F5580F7.tmp' to '../../../../../../Users/Anthony Brown/Documents/Github/In-The-Maze/In_The_Maze/Content/FirstPersonBP/Blueprints/FirstPersonCharacter.uasset'
[2019.04.05-19.43.30:970][468]LogSavePackage: Moving '../../../../../../Users/Anthony Brown/Documents/Github/In-The-Maze/In_The_Maze/Saved/FirstPersonExampleMap0AC37A8C42623D63C811B79CE3B126D9.tmp' to '../../../../../../Users/Anthony Brown/Documents/Github/In-The-Maze/In_The_Maze/Content/FirstPersonBP/Maps/FirstPersonExampleMap.umap'
[2019.04.05-19.43.31:901][468]LogSavePackage: Moving '../../../../../../Users/Anthony Brown/Documents/Github/In-The-Maze/In_The_Maze/Saved/FirstPersonExampleMap_BuiltDataD2B095994B51A62A2FDE22AED75EDC48.tmp' to '../../../../../../Users/Anthony Brown/Documents/Github/In-The-Maze/In_The_Maze/Content/FirstPersonBP/Maps/FirstPersonExampleMap_BuiltData.uasset'
[2019.04.05-19.43.32:341][513]LogTemp: Repeating last play command: Selected Viewport
[2019.04.05-19.43.32:427][513]LogBlueprintUserMessages: Early PlayInEditor Detection: Level '/Game/FirstPersonBP/Maps/FirstPersonExampleMap.FirstPersonExampleMap:PersistentLevel' has LevelScriptBlueprint '/Game/FirstPersonBP/Maps/FirstPersonExampleMap.FirstPersonExampleMap:PersistentLevel.FirstPersonExampleMap' with GeneratedClass '/Game/FirstPersonBP/Maps/FirstPersonExampleMap.FirstPersonExampleMap_C' with ClassGeneratedBy '/Game/FirstPersonBP/Maps/FirstPersonExampleMap.FirstPersonExampleMap:PersistentLevel.FirstPersonExampleMap'
[2019.04.05-19.43.32:475][513]LogPlayLevel: PlayLevel: No blueprints needed recompiling
[2019.04.05-19.43.32:619][513]PIE: New page: PIE session: FirstPersonExampleMap (Apr 5, 2019, 11:43:32 AM)
[2019.04.05-19.43.32:619][513]LogPlayLevel: Creating play world package: /Game/FirstPersonBP/Maps/UEDPIE_0_FirstPersonExampleMap
[2019.04.05-19.43.32:690][513]LogPlayLevel: PIE: StaticDuplicateObject took: (0.070618s)
[2019.04.05-19.43.32:691][513]LogAIModule: Creating AISystem for world FirstPersonExampleMap
[2019.04.05-19.43.32:706][513]LogPlayLevel: PIE: World Init took: (0.015938s)
[2019.04.05-19.43.32:719][513]LogPlayLevel: PIE: Created PIE world by copying editor world from /Game/FirstPersonBP/Maps/FirstPersonExampleMap.FirstPersonExampleMap to /Game/FirstPersonBP/Maps/UEDPIE_0_FirstPersonExampleMap.FirstPersonExampleMap (0.100314s)
[2019.04.05-19.43.32:858][513]LogInit: XAudio2 using 'Speakers / Headphones (IDT High Definition Audio CODEC)' : 2 channels at 44.1 kHz using 16 bits per sample (channel mask 0x3)
[2019.04.05-19.43.32:900][513]LogInit: FAudioDevice initialized.
[2019.04.05-19.43.32:995][513]LogLoad: Game class is 'FirstPersonGameMode_C'
[2019.04.05-19.43.33:138][513]LogWorld: Bringing World /Game/FirstPersonBP/Maps/UEDPIE_0_FirstPersonExampleMap.FirstPersonExampleMap up for play (max tick rate 0) at 2019.04.05-15.43.33
[2019.04.05-19.43.33:228][513]LogWorld: Bringing up level for play took: 0.119037
[2019.04.05-19.43.33:438][513]LogContentBrowser: Native class hierarchy updated for 'MovieSceneCapture' in 0.0005 seconds. Added 10 classes and 0 folders.
[2019.04.05-19.43.33:493][513]PIE: Play in editor start time for /Game/FirstPersonBP/Maps/UEDPIE_0_FirstPersonExampleMap 1.129
[2019.04.05-19.43.33:493][513]LogBlueprintUserMessages: Late PlayInEditor Detection: Level '/Game/FirstPersonBP/Maps/FirstPersonExampleMap.FirstPersonExampleMap:PersistentLevel' has LevelScriptBlueprint '/Game/FirstPersonBP/Maps/FirstPersonExampleMap.FirstPersonExampleMap:PersistentLevel.FirstPersonExampleMap' with GeneratedClass '/Game/FirstPersonBP/Maps/FirstPersonExampleMap.FirstPersonExampleMap_C' with ClassGeneratedBy '/Game/FirstPersonBP/Maps/FirstPersonExampleMap.FirstPersonExampleMap:PersistentLevel.FirstPersonExampleMap'
[2019.04.05-19.43.38:685][100]LogBlueprintUserMessages: Early EndPlayMap Detection: Level '/Game/FirstPersonBP/Maps/FirstPersonExampleMap.FirstPersonExampleMap:PersistentLevel' has LevelScriptBlueprint '/Game/FirstPersonBP/Maps/FirstPersonExampleMap.FirstPersonExampleMap:PersistentLevel.FirstPersonExampleMap' with GeneratedClass '/Game/FirstPersonBP/Maps/FirstPersonExampleMap.FirstPersonExampleMap_C' with ClassGeneratedBy '/Game/FirstPersonBP/Maps/FirstPersonExampleMap.FirstPersonExampleMap:PersistentLevel.FirstPersonExampleMap'
[2019.04.05-19.43.38:711][100]LogSlate: Updating window title bar state: overlay mode, drag disabled, window buttons hidden, title bar hidden
[2019.04.05-19.43.38:834][100]LogPlayLevel: Display: Shutting down PIE online subsystems
[2019.04.05-19.43.38:834][100]LogBlueprintUserMessages: Late EndPlayMap Detection: Level '/Game/FirstPersonBP/Maps/FirstPersonExampleMap.FirstPersonExampleMap:PersistentLevel' has LevelScriptBlueprint '/Game/FirstPersonBP/Maps/FirstPersonExampleMap.FirstPersonExampleMap:PersistentLevel.FirstPersonExampleMap' with GeneratedClass '/Game/FirstPersonBP/Maps/FirstPersonExampleMap.FirstPersonExampleMap_C' with ClassGeneratedBy '/Game/FirstPersonBP/Maps/FirstPersonExampleMap.FirstPersonExampleMap:PersistentLevel.FirstPersonExampleMap'
[2019.04.05-19.43.39:014][100]LogSlate: Updating window title bar state: overlay mode, drag disabled, window buttons hidden, title bar hidden
[2019.04.05-19.43.39:094][101]LogPlayLevel: Display: Destroying online subsystem :Context_4
[2019.04.05-19.43.55:628][ 16]LogSlate: FSceneViewport::OnFocusLost() reason 0
[2019.04.05-19.43.55:837][ 38]LogActorFactory: Actor Factory created Plane
[2019.04.05-19.43.56:541][108]LogActorFactory: Actor Factory created Plane
[2019.04.05-19.44.43:962][133]LogSlate: FSceneViewport::OnFocusLost() reason 0
[2019.04.05-19.44.44:055][142]MapCheck: New page: Map Check
[2019.04.05-19.44.44:136][142]Cmd: MAP REBUILD ALLVISIBLE
[2019.04.05-19.44.44:137][142]LogEditorServer: Rebuildmap Clear paths rebuilt
[2019.04.05-19.44.44:491][142]LogMaterial: Display: Missing cached shader map for material FDebugViewModeMaterialProxy MaterialInstanceDynamic_0, compiling. 
[2019.04.05-19.44.44:516][142]LogShaderCompilers: Display: Shaders left to compile 1
[2019.04.05-19.44.44:516][142]LogMaterial: Display: Missing cached shader map for material FDebugViewModeMaterialProxy CubeMaterial, compiling. 
[2019.04.05-19.44.44:523][142]LogMaterial: Display: Missing cached shader map for material FDebugViewModeMaterialProxy BasicShapeMaterial, compiling. 
[2019.04.05-19.44.44:531][142]LogShaderCompilers: Display: Shaders left to compile 1
[2019.04.05-19.44.44:531][142]LogMaterial: Display: Missing cached shader map for material FDebugViewModeMaterialProxy phong1, compiling. 
[2019.04.05-19.44.44:539][142]LogShaderCompilers: Display: Shaders left to compile 2
[2019.04.05-19.44.44:539][142]LogMaterial: Display: Missing cached shader map for material FDebugViewModeMaterialProxy MatineeCam_mat, compiling. 
[2019.04.05-19.44.45:712][142]LogShaderCompilers: Display: Shaders left to compile 2
[2019.04.05-19.44.45:712][142]LogShaderCompilers: Display: Shaders left to compile 1
[2019.04.05-19.44.45:712][142]TextureStreamingBuild: Display: Compiling optional shaders took 1.235 seconds.
[2019.04.05-19.44.45:964][142]LogLevel: Display: Export Material TexCoord Scales took 0.253 seconds.
[2019.04.05-19.44.46:103][142]TextureStreamingBuild: Display: Build Texture Streaming took 0.112 seconds.
[2019.04.05-19.44.46:159][142]LightingResults: New page: Lighting Build - Apr 5, 2019, 11:44:46 AM
[2019.04.05-19.44.46:520][142]LogSwarmInterface: [OpenConnection] Registering TCP channel ...
[2019.04.05-19.44.46:822][142]LogSwarmInterface: [OpenConnection] Connecting to agent ...
[2019.04.05-19.44.46:856][142]LogSwarmInterface: [TryOpenConnection] Testing the Agent
[2019.04.05-19.44.47:915][142]LogSwarmInterface: [TryOpenConnection] Opening Connection to Agent
[2019.04.05-19.44.47:915][142]LogSwarmInterface: [TryOpenConnection] Local Process ID is 15776
[2019.04.05-19.44.55:817][142]LogStaticLightingSystem: Running Lightmass w/ ImmediateImport mode ENABLED
[2019.04.05-19.44.55:817][142]LogStaticLightingSystem: Running Lightmass w/ ImmediateProcess mode ENABLED
[2019.04.05-19.44.55:817][142]LogStaticLightingSystem: Running Lightmass w/ Sorting mode ENABLED
[2019.04.05-19.44.55:817][142]LogStaticLightingSystem: Running Lightmass w/ Mapping paddings ENABLED
[2019.04.05-19.44.55:817][142]LogStaticLightingSystem: Running Lightmass w/ Mapping debug paddings DISABLED
[2019.04.05-19.44.56:151][142]Cmd: MAP CHECK DONTDISPLAYDIALOG
[2019.04.05-19.44.56:151][142]MapCheck: New page: FirstPersonExampleMap - Apr 5, 2019, 11:44:56 AM
[2019.04.05-19.44.56:163][142]MapCheck: Error: WorldInfo_0 Maps need lighting rebuilt 
[2019.04.05-19.44.56:585][142]MapCheck: Map check complete: 1 Error(s), 0 Warning(s), took 434.415ms to complete.
[2019.04.05-19.44.56:622][142]LogEditorBuildUtils: Build time 0:12
[2019.04.05-19.44.56:834][143]LogMaterial: Display: Missing cached shader map for material FLightmassMaterialRenderer phong1, compiling. 
[2019.04.05-19.44.56:843][143]LogMaterial: Display: Missing cached shader map for material FLightmassMaterialRenderer phong1, compiling. 
[2019.04.05-19.44.56:866][143]LogShaderCompilers: Display: Shaders left to compile 2
[2019.04.05-19.44.56:866][143]LogShaderCompilers: Display: Shaders left to compile 2
[2019.04.05-19.45.56:045][319]Job is a success!
[2019.04.05-19.45.56:667][320]LogVolumetricLightmapImport: Imported Volumetric Lightmap in 0.020s
[2019.04.05-19.45.56:668][320]LogVolumetricLightmapImport:      Indirection Texture 16x16x16 = 0.0Mb
[2019.04.05-19.45.56:668][320]LogVolumetricLightmapImport:      BrickData 205x5x5 = 0.2Mb (trimmed 0.2Mb due to 0.010000 MinBrickError)
[2019.04.05-19.45.56:668][320]LogVolumetricLightmapImport:      Bricks at Level
[2019.04.05-19.45.56:668][320]LogVolumetricLightmapImport:          0: 2.4% covering 100.0% of volume
[2019.04.05-19.45.56:668][320]LogVolumetricLightmapImport:          1: 9.8% covering 6.3% of volume
[2019.04.05-19.45.56:668][320]LogVolumetricLightmapImport:          2: 87.8% covering 0.9% of volume
[2019.04.05-19.45.56:992][320]LogMaterial: Warning: Material /Game/Props/Import/phong1.phong1 needed to have new flag set bUsedWithStaticLighting !
[2019.04.05-19.45.56:995][320]LogMaterial: Display: Missing cached shader map for material phong1, compiling. 
[2019.04.05-19.45.57:043][320]LogShaderCompilers: Display: Shaders left to compile 31
[2019.04.05-19.45.57:043][320]LogShaderCompilers: Display: Shaders left to compile 21
[2019.04.05-19.45.57:043][320]LogShaderCompilers: Display: Shaders left to compile 11
[2019.04.05-19.46.01:699][320]LogTexture: Display: Building textures: SkyOcclusion0_1 (AutoDXT, 2048X1024)
[2019.04.05-19.46.01:699][320]LogTexture: Display: Building textures: HQ_Lightmap0_1 (AutoDXT, 2048X2048)
[2019.04.05-19.46.01:699][320]LogTexture: Display: Building textures: LQ_Lightmap_0_1 (DXT1, 2048X2048)
[2019.04.05-19.46.01:699][320]LogTexture: Display: Building textures: SkyOcclusion0_2 (AutoDXT, 2048X1024)
[2019.04.05-19.46.01:699][320]LogTexture: Display: Building textures: HQ_Lightmap0_2 (AutoDXT, 2048X2048)
[2019.04.05-19.46.01:699][320]LogTexture: Display: Building textures: LQ_Lightmap_0_2 (DXT1, 2048X2048)
[2019.04.05-19.46.01:699][320]LogTexture: Display: Building textures: SkyOcclusion0_3 (AutoDXT, 2048X1024)
[2019.04.05-19.46.01:699][320]LogTexture: Display: Building textures: HQ_Lightmap0_3 (AutoDXT, 2048X2048)
[2019.04.05-19.46.01:699][320]LogTexture: Display: Building textures: LQ_Lightmap_0_3 (DXT1, 2048X2048)
[2019.04.05-19.46.01:699][320]LogTexture: Display: Building textures: SkyOcclusion0_4 (AutoDXT, 64X32)
[2019.04.05-19.46.01:699][320]LogTexture: Display: Building textures: HQ_Lightmap0_4 (AutoDXT, 64X64)
[2019.04.05-19.46.01:699][320]LogTexture: Display: Building textures: LQ_Lightmap_0_4 (DXT1, 64X64)
[2019.04.05-19.46.02:441][320]LogTexture: Display: Building textures: ShadowMapTexture2D_2 (G8, 1024X1024)
[2019.04.05-19.46.02:441][320]LogTexture: Display: Building textures: ShadowMapTexture2D_1 (G8, 1024X1024)
[2019.04.05-19.46.02:441][320]LogTexture: Display: Building textures: ShadowMapTexture2D_0 (G8, 1024X1024)
[2019.04.05-19.46.02:442][320]LogTexture: Display: Building textures: ShadowMapTexture2D_5 (G8, 64X64)
[2019.04.05-19.46.02:442][320]LogTexture: Display: Building textures: ShadowMapTexture2D_6 (G8, 32X32)
[2019.04.05-19.46.02:442][320]LogTexture: Display: Building textures: ShadowMapTexture2D_4 (G8, 1024X1024)
[2019.04.05-19.46.02:489][320]LogTexture: Display: Building textures: ShadowMapTexture2D_3 (G8, 1024X1024)
[2019.04.05-19.46.02:583][320]Lightmass on THE-AFTERMATH: 1:03 min total, 4.85 sec importing, 62 ms setup, 8.54 sec photons, 49.5 sec processing, 0 ms extra exporting [59/59 mappings]. Threads: 3:18 min total, 1:51 min processing.
[2019.04.05-19.46.02:714][320]LogStaticLightingSystem: Illumination: 1:16 min (4.57 sec encoding lightmaps, 785 ms encoding shadowmaps)
[2019.04.05-19.46.02:714][320]LogStaticLightingSystem: Lightmap texture memory:  32.0 MB (32.0 MB streaming, 0.0 MB non-streaming), 8 textures
[2019.04.05-19.46.02:714][320]LogStaticLightingSystem: Shadowmap texture memory: 6.7 MB (6.7 MB streaming, 0.0 MB non-streaming), 7 textures
[2019.04.05-19.46.02:950][320]DumpUnbuiltLightIteractions
[2019.04.05-19.46.02:950][320]Lights with unbuilt interactions: 0
[2019.04.05-19.46.02:950][320]
[2019.04.05-19.46.02:950][320]Primitives with unbuilt interactions: 0
[2019.04.05-19.46.05:573][320]LogShaderCompilers: Display: Shaders left to compile 1
[2019.04.05-19.46.05:673][321]Cmd: MAP CHECK NOTIFYRESULTS
[2019.04.05-19.46.05:674][321]MapCheck: New page: FirstPersonExampleMap - Apr 5, 2019, 11:46:05 AM
[2019.04.05-19.46.06:273][321]MapCheck: Map check complete: 0 Error(s), 0 Warning(s), took 599.337ms to complete.
[2019.04.05-19.47.02:648][492]LogSlate: Window 'Message Log' being destroyed
[2019.04.05-19.47.02:660][492]LogSlate: Window 'Message Log' being destroyed
[2019.04.05-19.47.05:612][701]LogSavePackage: Moving '../../../../../../Users/Anthony Brown/Documents/Github/In-The-Maze/In_The_Maze/Saved/FirstPersonExampleMap064CA4D84032FBB71498829E8BC4AE48.tmp' to '../../../../../../Users/Anthony Brown/Documents/Github/In-The-Maze/In_The_Maze/Content/FirstPersonBP/Maps/FirstPersonExampleMap.umap'
[2019.04.05-19.47.06:563][701]LogSavePackage: Moving '../../../../../../Users/Anthony Brown/Documents/Github/In-The-Maze/In_The_Maze/Saved/FirstPersonExampleMap_BuiltData963823FC4B5A2FF307CAFCBF60E46BED.tmp' to '../../../../../../Users/Anthony Brown/Documents/Github/In-The-Maze/In_The_Maze/Content/FirstPersonBP/Maps/FirstPersonExampleMap_BuiltData.uasset'
[2019.04.05-19.47.37:129][169]LogTemp: Repeating last play command: Selected Viewport
[2019.04.05-19.47.37:150][169]LogBlueprintUserMessages: Early PlayInEditor Detection: Level '/Game/FirstPersonBP/Maps/FirstPersonExampleMap.FirstPersonExampleMap:PersistentLevel' has LevelScriptBlueprint '/Game/FirstPersonBP/Maps/FirstPersonExampleMap.FirstPersonExampleMap:PersistentLevel.FirstPersonExampleMap' with GeneratedClass '/Game/FirstPersonBP/Maps/FirstPersonExampleMap.FirstPersonExampleMap_C' with ClassGeneratedBy '/Game/FirstPersonBP/Maps/FirstPersonExampleMap.FirstPersonExampleMap:PersistentLevel.FirstPersonExampleMap'
[2019.04.05-19.47.37:150][169]LogPlayLevel: PlayLevel: No blueprints needed recompiling
[2019.04.05-19.47.37:150][169]PIE: New page: PIE session: FirstPersonExampleMap (Apr 5, 2019, 11:47:37 AM)
[2019.04.05-19.47.37:150][169]LogPlayLevel: Creating play world package: /Game/FirstPersonBP/Maps/UEDPIE_0_FirstPersonExampleMap
[2019.04.05-19.47.37:210][169]LogPlayLevel: PIE: StaticDuplicateObject took: (0.059725s)
[2019.04.05-19.47.37:245][169]LogAIModule: Creating AISystem for world FirstPersonExampleMap
[2019.04.05-19.47.37:259][169]LogPlayLevel: PIE: World Init took: (0.049357s)
[2019.04.05-19.47.37:260][169]LogPlayLevel: PIE: Created PIE world by copying editor world from /Game/FirstPersonBP/Maps/FirstPersonExampleMap.FirstPersonExampleMap to /Game/FirstPersonBP/Maps/UEDPIE_0_FirstPersonExampleMap.FirstPersonExampleMap (0.109534s)
[2019.04.05-19.47.37:369][169]LogInit: XAudio2 using 'Speakers / Headphones (IDT High Definition Audio CODEC)' : 2 channels at 44.1 kHz using 16 bits per sample (channel mask 0x3)
[2019.04.05-19.47.37:416][169]LogInit: FAudioDevice initialized.
[2019.04.05-19.47.37:472][169]LogLoad: Game class is 'FirstPersonGameMode_C'
[2019.04.05-19.47.37:491][169]LogWorld: Bringing World /Game/FirstPersonBP/Maps/UEDPIE_0_FirstPersonExampleMap.FirstPersonExampleMap up for play (max tick rate 0) at 2019.04.05-15.47.37
[2019.04.05-19.47.37:509][169]LogWorld: Bringing up level for play took: 0.035600
[2019.04.05-19.47.37:572][169]PIE: Play in editor start time for /Game/FirstPersonBP/Maps/UEDPIE_0_FirstPersonExampleMap 1.209
[2019.04.05-19.47.37:572][169]LogBlueprintUserMessages: Late PlayInEditor Detection: Level '/Game/FirstPersonBP/Maps/FirstPersonExampleMap.FirstPersonExampleMap:PersistentLevel' has LevelScriptBlueprint '/Game/FirstPersonBP/Maps/FirstPersonExampleMap.FirstPersonExampleMap:PersistentLevel.FirstPersonExampleMap' with GeneratedClass '/Game/FirstPersonBP/Maps/FirstPersonExampleMap.FirstPersonExampleMap_C' with ClassGeneratedBy '/Game/FirstPersonBP/Maps/FirstPersonExampleMap.FirstPersonExampleMap:PersistentLevel.FirstPersonExampleMap'
[2019.04.05-19.48.08:943][911]LogBlueprintUserMessages: Early EndPlayMap Detection: Level '/Game/FirstPersonBP/Maps/FirstPersonExampleMap.FirstPersonExampleMap:PersistentLevel' has LevelScriptBlueprint '/Game/FirstPersonBP/Maps/FirstPersonExampleMap.FirstPersonExampleMap:PersistentLevel.FirstPersonExampleMap' with GeneratedClass '/Game/FirstPersonBP/Maps/FirstPersonExampleMap.FirstPersonExampleMap_C' with ClassGeneratedBy '/Game/FirstPersonBP/Maps/FirstPersonExampleMap.FirstPersonExampleMap:PersistentLevel.FirstPersonExampleMap'
[2019.04.05-19.48.08:944][911]LogSlate: Updating window title bar state: overlay mode, drag disabled, window buttons hidden, title bar hidden
[2019.04.05-19.48.09:011][911]LogPlayLevel: Display: Shutting down PIE online subsystems
[2019.04.05-19.48.09:011][911]LogBlueprintUserMessages: Late EndPlayMap Detection: Level '/Game/FirstPersonBP/Maps/FirstPersonExampleMap.FirstPersonExampleMap:PersistentLevel' has LevelScriptBlueprint '/Game/FirstPersonBP/Maps/FirstPersonExampleMap.FirstPersonExampleMap:PersistentLevel.FirstPersonExampleMap' with GeneratedClass '/Game/FirstPersonBP/Maps/FirstPersonExampleMap.FirstPersonExampleMap_C' with ClassGeneratedBy '/Game/FirstPersonBP/Maps/FirstPersonExampleMap.FirstPersonExampleMap:PersistentLevel.FirstPersonExampleMap'
[2019.04.05-19.48.09:044][911]LogSlate: Updating window title bar state: overlay mode, drag disabled, window buttons hidden, title bar hidden
[2019.04.05-19.48.09:089][912]LogPlayLevel: Display: Destroying online subsystem :Context_5
[2019.04.05-19.48.20:041][217]LogEditorViewport: Clicking on Actor (LMB): StaticMeshActor (Cube32)
[2019.04.05-19.48.20:784][288]LogEditorViewport: Clicking on Actor (LMB): StaticMeshActor (Cube20)
[2019.04.05-19.48.24:699][713]LogEditorViewport: Clicking on Actor (LMB): StaticMeshActor (Plane)
[2019.04.05-19.48.51:693][771]Cmd: DELETE
[2019.04.05-19.48.51:693][771]Cmd: ACTOR DELETE
[2019.04.05-19.48.51:791][771]LogEditorActor: Deleted Actor: StaticMeshActor
[2019.04.05-19.48.51:822][771]LogEditorActor: Deleted 1 Actors (0.092 secs)
[2019.04.05-19.48.54:529][ 69]LogSlate: FSceneViewport::OnFocusLost() reason 0
[2019.04.05-19.48.54:654][ 81]LogActorFactory: Actor Factory created Cube
[2019.04.05-19.48.55:094][130]LogActorFactory: Actor Factory created Cube
[2019.04.05-19.49.02:249][942]Cmd: TRANSACTION UNDO
[2019.04.05-19.49.02:249][942]LogEditorTransaction: Undo Scale Actors
[2019.04.05-19.49.29:249][795]LogEditorViewport: Clicking on Actor (LMB): StaticMeshActor (Cube33)
[2019.04.05-19.49.33:576][242]Cmd: TRANSACTION UNDO
[2019.04.05-19.49.33:577][242]LogEditorTransaction: Undo Move Actors
[2019.04.05-19.49.43:417][287]LogEditorViewport: Clicking on Actor (LMB): StaticMeshActor (Cube33)
[2019.04.05-19.49.48:893][913]LogEditorViewport: Clicking on Actor (LMB): StaticMeshActor (Cube32)
[2019.04.05-19.49.53:118][391]LogEditorViewport: Clicking on Actor (LMB): StaticMeshActor (Cube33)
[2019.04.05-19.49.57:223][842]LogEditorViewport: Clicking on Actor (LMB): StaticMeshActor (Cube33)
[2019.04.05-19.50.11:128][398]LogEditorViewport: Clicking on Actor (LMB): StaticMeshActor (Cube33)
[2019.04.05-19.50.21:329][550]LogEditorViewport: Clicking on Actor (LMB): StaticMeshActor (Cube51)
[2019.04.05-19.50.58:582][659]LogSlate: FSceneViewport::OnFocusLost() reason 2
[2019.04.05-19.51.00:108][816]MapCheck: New page: Map Check
[2019.04.05-19.51.00:119][816]LogSlate: FSceneViewport::OnFocusLost() reason 2
[2019.04.05-19.51.00:122][816]LightingResults: New page: Lighting Build - Apr 5, 2019, 11:51:00 AM
[2019.04.05-19.51.00:183][816]LogSwarmInterface: [OpenConnection] Registering TCP channel ...
[2019.04.05-19.51.00:186][816]LogSwarmInterface: [OpenConnection] Connecting to agent ...
[2019.04.05-19.51.00:186][816]LogSwarmInterface: [TryOpenConnection] Testing the Agent
[2019.04.05-19.51.00:187][816]LogSwarmInterface: [TryOpenConnection] Opening Connection to Agent
[2019.04.05-19.51.00:187][816]LogSwarmInterface: [TryOpenConnection] Local Process ID is 15776
[2019.04.05-19.51.04:697][816]LogStaticLightingSystem: Running Lightmass w/ ImmediateImport mode ENABLED
[2019.04.05-19.51.04:697][816]LogStaticLightingSystem: Running Lightmass w/ ImmediateProcess mode ENABLED
[2019.04.05-19.51.04:697][816]LogStaticLightingSystem: Running Lightmass w/ Sorting mode ENABLED
[2019.04.05-19.51.04:697][816]LogStaticLightingSystem: Running Lightmass w/ Mapping paddings ENABLED
[2019.04.05-19.51.04:697][816]LogStaticLightingSystem: Running Lightmass w/ Mapping debug paddings DISABLED
[2019.04.05-19.51.04:916][816]LogEditorBuildUtils: Build time 0:04
[2019.04.05-19.51.04:924][816]LogMaterial: Display: Missing cached shader map for material FLightmassMaterialRenderer phong1, compiling. 
[2019.04.05-19.51.04:932][816]LogMaterial: Display: Missing cached shader map for material FLightmassMaterialRenderer phong1, compiling. 
[2019.04.05-19.51.04:948][816]LogShaderCompilers: Display: Shaders left to compile 4
[2019.04.05-19.51.55:294][961]Job is a success!
[2019.04.05-19.51.55:715][962]LogVolumetricLightmapImport: Imported Volumetric Lightmap in 0.015s
[2019.04.05-19.51.55:715][962]LogVolumetricLightmapImport:      Indirection Texture 16x16x16 = 0.0Mb
[2019.04.05-19.51.55:715][962]LogVolumetricLightmapImport:      BrickData 205x5x5 = 0.2Mb (trimmed 0.2Mb due to 0.010000 MinBrickError)
[2019.04.05-19.51.55:715][962]LogVolumetricLightmapImport:      Bricks at Level
[2019.04.05-19.51.55:715][962]LogVolumetricLightmapImport:          0: 2.4% covering 100.0% of volume
[2019.04.05-19.51.55:715][962]LogVolumetricLightmapImport:          1: 9.8% covering 6.3% of volume
[2019.04.05-19.51.55:715][962]LogVolumetricLightmapImport:          2: 87.8% covering 0.9% of volume
[2019.04.05-19.51.59:557][962]LogTexture: Display: Building textures: SkyOcclusion1_1 (AutoDXT, 2048X1024)
[2019.04.05-19.51.59:557][962]LogTexture: Display: Building textures: HQ_Lightmap1_1 (AutoDXT, 2048X2048)
[2019.04.05-19.51.59:557][962]LogTexture: Display: Building textures: LQ_Lightmap_1_1 (DXT1, 2048X2048)
[2019.04.05-19.51.59:557][962]LogTexture: Display: Building textures: SkyOcclusion1_2 (AutoDXT, 2048X1024)
[2019.04.05-19.51.59:557][962]LogTexture: Display: Building textures: HQ_Lightmap1_2 (AutoDXT, 2048X2048)
[2019.04.05-19.51.59:557][962]LogTexture: Display: Building textures: LQ_Lightmap_1_2 (DXT1, 2048X2048)
[2019.04.05-19.51.59:557][962]LogTexture: Display: Building textures: SkyOcclusion1_3 (AutoDXT, 2048X1024)
[2019.04.05-19.51.59:557][962]LogTexture: Display: Building textures: HQ_Lightmap1_3 (AutoDXT, 2048X2048)
[2019.04.05-19.51.59:557][962]LogTexture: Display: Building textures: LQ_Lightmap_1_3 (DXT1, 2048X2048)
[2019.04.05-19.51.59:557][962]LogTexture: Display: Building textures: SkyOcclusion1_4 (AutoDXT, 64X32)
[2019.04.05-19.51.59:557][962]LogTexture: Display: Building textures: HQ_Lightmap1_4 (AutoDXT, 64X64)
[2019.04.05-19.51.59:557][962]LogTexture: Display: Building textures: LQ_Lightmap_1_4 (DXT1, 64X64)
[2019.04.05-19.51.59:958][962]LogTexture: Display: Building textures: ShadowMapTexture2D_7 (G8, 1024X1024)
[2019.04.05-19.51.59:958][962]LogTexture: Display: Building textures: ShadowMapTexture2D_8 (G8, 1024X1024)
[2019.04.05-19.51.59:958][962]LogTexture: Display: Building textures: ShadowMapTexture2D_9 (G8, 1024X1024)
[2019.04.05-19.51.59:958][962]LogTexture: Display: Building textures: ShadowMapTexture2D_12 (G8, 32X32)
[2019.04.05-19.51.59:958][962]LogTexture: Display: Building textures: ShadowMapTexture2D_11 (G8, 64X64)
[2019.04.05-19.52.00:180][962]LogTexture: Display: Building textures: ShadowMapTexture2D_10 (G8, 1024X1024)
[2019.04.05-19.52.00:232][962]Lightmass on THE-AFTERMATH: 51.4 sec total, 209 ms importing, 24 ms setup, 8.58 sec photons, 42.5 sec processing, 0 ms extra exporting [59/59 mappings]. Threads: 2:50 min total, 1:31 min processing.
[2019.04.05-19.52.00:239][962]LogStaticLightingSystem: Illumination: 59.7 sec (3.58 sec encoding lightmaps, 622 ms encoding shadowmaps)
[2019.04.05-19.52.00:239][962]LogStaticLightingSystem: Lightmap texture memory:  32.0 MB (32.0 MB streaming, 0.0 MB non-streaming), 8 textures
[2019.04.05-19.52.00:239][962]LogStaticLightingSystem: Shadowmap texture memory: 5.3 MB (5.3 MB streaming, 0.0 MB non-streaming), 6 textures
[2019.04.05-19.52.00:749][962]DumpUnbuiltLightIteractions
[2019.04.05-19.52.00:749][962]Lights with unbuilt interactions: 0
[2019.04.05-19.52.00:749][962]
[2019.04.05-19.52.00:749][962]Primitives with unbuilt interactions: 0
[2019.04.05-19.52.00:869][963]Cmd: MAP CHECK NOTIFYRESULTS
[2019.04.05-19.52.00:869][963]MapCheck: New page: FirstPersonExampleMap - Apr 5, 2019, 11:52:00 AM
[2019.04.05-19.52.01:443][963]MapCheck: Map check complete: 0 Error(s), 0 Warning(s), took 574.55ms to complete.
[2019.04.05-19.53.04:477][152]LogSlate: FSceneViewport::OnFocusLost() reason 0
[2019.04.05-19.53.04:771][152]LogSlate: FSceneViewport::OnFocusLost() reason 2
[2019.04.05-19.53.05:231][152]LogSavePackage: Moving '../../../../../../Users/Anthony Brown/Documents/Github/In-The-Maze/In_The_Maze/Saved/FirstPersonExampleMap96B27F714B15C4B2F60A7CA7F0D221E3.tmp' to '../../../../../../Users/Anthony Brown/Documents/Github/In-The-Maze/In_The_Maze/Content/FirstPersonBP/Maps/FirstPersonExampleMap.umap'
[2019.04.05-19.53.06:291][152]LogSavePackage: Moving '../../../../../../Users/Anthony Brown/Documents/Github/In-The-Maze/In_The_Maze/Saved/FirstPersonExampleMap_BuiltData66F2D2604D3F5E5D8411F0B3D6196D57.tmp' to '../../../../../../Users/Anthony Brown/Documents/Github/In-The-Maze/In_The_Maze/Content/FirstPersonBP/Maps/FirstPersonExampleMap_BuiltData.uasset'
[2019.04.05-19.53.37:806][698]LogTemp: Repeating last play command: Selected Viewport
[2019.04.05-19.53.37:826][698]LogBlueprintUserMessages: Early PlayInEditor Detection: Level '/Game/FirstPersonBP/Maps/FirstPersonExampleMap.FirstPersonExampleMap:PersistentLevel' has LevelScriptBlueprint '/Game/FirstPersonBP/Maps/FirstPersonExampleMap.FirstPersonExampleMap:PersistentLevel.FirstPersonExampleMap' with GeneratedClass '/Game/FirstPersonBP/Maps/FirstPersonExampleMap.FirstPersonExampleMap_C' with ClassGeneratedBy '/Game/FirstPersonBP/Maps/FirstPersonExampleMap.FirstPersonExampleMap:PersistentLevel.FirstPersonExampleMap'
[2019.04.05-19.53.37:826][698]LogPlayLevel: PlayLevel: No blueprints needed recompiling
[2019.04.05-19.53.37:827][698]PIE: New page: PIE session: FirstPersonExampleMap (Apr 5, 2019, 11:53:37 AM)
[2019.04.05-19.53.37:827][698]LogPlayLevel: Creating play world package: /Game/FirstPersonBP/Maps/UEDPIE_0_FirstPersonExampleMap
[2019.04.05-19.53.37:849][698]LogPlayLevel: PIE: StaticDuplicateObject took: (0.021813s)
[2019.04.05-19.53.37:850][698]LogAIModule: Creating AISystem for world FirstPersonExampleMap
[2019.04.05-19.53.37:850][698]LogPlayLevel: PIE: World Init took: (0.001379s)
[2019.04.05-19.53.37:850][698]LogPlayLevel: PIE: Created PIE world by copying editor world from /Game/FirstPersonBP/Maps/FirstPersonExampleMap.FirstPersonExampleMap to /Game/FirstPersonBP/Maps/UEDPIE_0_FirstPersonExampleMap.FirstPersonExampleMap (0.023464s)
[2019.04.05-19.53.37:940][698]LogInit: XAudio2 using 'Speakers / Headphones (IDT High Definition Audio CODEC)' : 2 channels at 44.1 kHz using 16 bits per sample (channel mask 0x3)
[2019.04.05-19.53.37:980][698]LogInit: FAudioDevice initialized.
[2019.04.05-19.53.38:012][698]LogLoad: Game class is 'FirstPersonGameMode_C'
[2019.04.05-19.53.38:017][698]LogWorld: Bringing World /Game/FirstPersonBP/Maps/UEDPIE_0_FirstPersonExampleMap.FirstPersonExampleMap up for play (max tick rate 0) at 2019.04.05-15.53.38
[2019.04.05-19.53.38:018][698]LogWorld: Bringing up level for play took: 0.004111
[2019.04.05-19.53.38:032][698]PIE: Play in editor start time for /Game/FirstPersonBP/Maps/UEDPIE_0_FirstPersonExampleMap -0.332
[2019.04.05-19.53.38:032][698]LogBlueprintUserMessages: Late PlayInEditor Detection: Level '/Game/FirstPersonBP/Maps/FirstPersonExampleMap.FirstPersonExampleMap:PersistentLevel' has LevelScriptBlueprint '/Game/FirstPersonBP/Maps/FirstPersonExampleMap.FirstPersonExampleMap:PersistentLevel.FirstPersonExampleMap' with GeneratedClass '/Game/FirstPersonBP/Maps/FirstPersonExampleMap.FirstPersonExampleMap_C' with ClassGeneratedBy '/Game/FirstPersonBP/Maps/FirstPersonExampleMap.FirstPersonExampleMap:PersistentLevel.FirstPersonExampleMap'
[2019.04.05-19.54.20:395][738]LogSlate: FSceneViewport::OnFocusLost() reason 2
[2019.04.05-19.55.13:255][109]LogSlate: FSceneViewport::OnFocusLost() reason 2
[2019.04.05-19.55.16:613][501]SourceControl: fatal: D:/Program Files/Epic Games/UE_4.20/Engine/Content: 'D:/Program Files/Epic Games/UE_4.20/Engine/Content' is outside repository
[2019.04.05-19.55.19:116][501]LogSlate: FSceneViewport::OnFocusLost() reason 2
[2019.04.05-19.56.16:047][501]LogSlate: Window 'Submit Files' being destroyed
[2019.04.05-19.56.16:058][501]LogSlate: FSceneViewport::OnFocusLost() reason 2
[2019.04.05-19.56.16:243][501]LogSlate: FSceneViewport::OnFocusLost() reason 2
[2019.04.05-19.56.21:601][501]LogSourceControl: commit successful: [master 1153aac] gave player a point light until flashlight is ready, made the maze dark by putting a cap on the whole level; template 90% done
[2019.04.05-19.56.21:755][501]SourceControl: [master 1153aac] gave player a point light until flashlight is ready, made the maze dark by putting a cap on the whole level; template 90% done
[2019.04.05-19.56.21:755][501]SourceControl:  3 files changed, 0 insertions(+), 0 deletions(-)
[2019.04.05-19.56.21:755][501]SourceControl:  rewrite In_The_Maze/Content/FirstPersonBP/Blueprints/FirstPersonCharacter.uasset (64%)
[2019.04.05-19.56.21:764][501]SourceControl: Commited [master 1153aac] gave player a point light until flashlight is ready, made the maze dark by putting a cap on the whole level; template 90% done.
