Log file open, 04/09/19 23:30:57
LogWindows: Failed to load 'aqProf.dll' (GetLastError=126)
LogWindows: File 'aqProf.dll' does not exist
LogWindows: Failed to load 'VSPerf140.dll' (GetLastError=126)
LogWindows: File 'VSPerf140.dll' does not exist
LogWindows: Failed to load 'VtuneApi.dll' (GetLastError=126)
LogWindows: File 'VtuneApi.dll' does not exist
LogWindows: Failed to load 'VtuneApi32e.dll' (GetLastError=126)
LogWindows: File 'VtuneApi32e.dll' does not exist
LogInit: Display: Running engine for game: In_The_Maze
LogPlatformFile: Not using cached read wrapper
LogTaskGraph: Started task graph with 5 named threads and 23 total threads with 3 sets of task threads.
LogStats: Stats thread started at 0.284417
LogD3D11RHI: Loaded GFSDK_Aftermath_Lib.x64.dll
LogICUInternationalization: Display: ICU TimeZone Detection - Raw Offset: -5:00, Platform Override: ''
LogPluginManager: Mounting plugin Paper2D
LogPluginManager: Mounting plugin AISupport
LogPluginManager: Mounting plugin LightPropagationVolume
LogPluginManager: Mounting plugin CLionSourceCodeAccess
LogPluginManager: Mounting plugin CodeLiteSourceCodeAccess
LogPluginManager: Mounting plugin GitSourceControl
LogPluginManager: Mounting plugin KDevelopSourceCodeAccess
LogPluginManager: Mounting plugin NullSourceCodeAccess
LogPluginManager: Mounting plugin PerforceSourceControl
LogPluginManager: Mounting plugin SubversionSourceControl
LogPluginManager: Mounting plugin UObjectPlugin
LogPluginManager: Mounting plugin VisualStudioCodeSourceCodeAccess
LogPluginManager: Mounting plugin VisualStudioSourceCodeAccess
LogPluginManager: Mounting plugin XCodeSourceCodeAccess
LogPluginManager: Mounting plugin AssetManagerEditor
LogPluginManager: Mounting plugin CryptoKeys
LogPluginManager: Mounting plugin DataValidation
LogPluginManager: Mounting plugin FacialAnimation
LogPluginManager: Mounting plugin GameplayTagsEditor
LogPluginManager: Mounting plugin MacGraphicsSwitching
LogPluginManager: Mounting plugin MeshEditor
LogPluginManager: Mounting plugin MobileLauncherProfileWizard
LogPluginManager: Mounting plugin PluginBrowser
LogPluginManager: Mounting plugin SpeedTreeImporter
LogPluginManager: Mounting plugin DatasmithContent
LogPluginManager: Mounting plugin AlembicImporter
LogPluginManager: Mounting plugin AppleImageUtils
LogPluginManager: Mounting plugin AppleVision
LogPluginManager: Mounting plugin BackChannel
LogPluginManager: Mounting plugin CharacterAI
LogPluginManager: Mounting plugin GeometryCache
LogPluginManager: Mounting plugin HTML5Networking
LogPluginManager: Mounting plugin ProxyLODPlugin
LogPluginManager: Mounting plugin MagicLeap
LogPluginManager: Mounting plugin MagicLeapEmulator
LogPluginManager: Mounting plugin MagicLeapMedia
LogPluginManager: Mounting plugin AndroidMedia
LogPluginManager: Mounting plugin AvfMedia
LogPluginManager: Mounting plugin ImgMedia
LogPluginManager: Mounting plugin LinearTimecode
LogPluginManager: Mounting plugin MediaCompositing
LogPluginManager: Mounting plugin MediaPlayerEditor
LogPluginManager: Mounting plugin WmfMedia
LogPluginManager: Mounting plugin TcpMessaging
LogPluginManager: Mounting plugin UdpMessaging
LogPluginManager: Mounting plugin ActorSequence
LogPluginManager: Mounting plugin LevelSequenceEditor
LogPluginManager: Mounting plugin MatineeToLevelSequence
LogPluginManager: Mounting plugin NetcodeUnitTest
LogPluginManager: Mounting plugin NUTUnrealEngine4
LogPluginManager: Mounting plugin OnlineSubsystemGooglePlay
LogPluginManager: Mounting plugin OnlineSubsystemIOS
LogPluginManager: Mounting plugin OnlineSubsystem
LogPluginManager: Mounting plugin OnlineSubsystemNull
LogPluginManager: Mounting plugin OnlineSubsystemUtils
LogPluginManager: Mounting plugin LauncherChunkInstaller
LogPluginManager: Mounting plugin AndroidDeviceProfileSelector
LogPluginManager: Mounting plugin AndroidMoviePlayer
LogPluginManager: Mounting plugin AndroidPermission
LogPluginManager: Mounting plugin AppleMoviePlayer
LogPluginManager: Mounting plugin ArchVisCharacter
LogPluginManager: Mounting plugin AudioCapture
LogPluginManager: Mounting plugin CableComponent
LogPluginManager: Mounting plugin CustomMeshComponent
LogPluginManager: Mounting plugin EditableMesh
LogPluginManager: Mounting plugin ExampleDeviceProfileSelector
LogPluginManager: Mounting plugin GoogleCloudMessaging
LogPluginManager: Mounting plugin ImmediatePhysics
LogPluginManager: Mounting plugin IOSDeviceProfileSelector
LogPluginManager: Mounting plugin LinuxDeviceProfileSelector
LogPluginManager: Mounting plugin LocationServicesBPLibrary
LogPluginManager: Mounting plugin MobilePatchingUtils
LogPluginManager: Mounting plugin OculusVR
LogPluginManager: Plugin shader directory ../../../Engine/Plugins/Runtime/Oculus/OculusVR/Shaders found
LogPluginManager: Mapping shader source directory ../../../Engine/Plugins/Runtime/Oculus/OculusVR/Shaders to virtual directory /Plugin/OculusVR
LogPluginManager: Mounting plugin PhysXVehicles
LogPluginManager: Mounting plugin ProceduralMeshComponent
LogPluginManager: Mounting plugin RuntimePhysXCooking
LogPluginManager: Mounting plugin SteamVR
LogPluginManager: Mounting plugin WindowsMoviePlayer
LogStreaming: Display: Took  0.169s to configure plugins.
LogInit: Using libcurl 7.55.1-DEV
LogInit:  - built for x86_64-pc-win32
LogInit:  - supports SSL with OpenSSL/1.0.2h
LogInit:  - supports HTTP deflate (compression) using libz 1.2.8
LogInit:  - other features:
LogInit:      CURL_VERSION_SSL
LogInit:      CURL_VERSION_LIBZ
LogInit:      CURL_VERSION_IPV6
LogInit:      CURL_VERSION_ASYNCHDNS
LogInit:      CURL_VERSION_LARGEFILE
LogInit:      CURL_VERSION_IDN
LogInit:  CurlRequestOptions (configurable via config and command line):
LogInit:  - bVerifyPeer = false  - Libcurl will NOT verify peer certificate
LogInit:  - bUseHttpProxy = false  - Libcurl will NOT use HTTP proxy
LogInit:  - bDontReuseConnections = false  - Libcurl will reuse connections
LogInit:  - CertBundlePath = nullptr  - Libcurl will use whatever was configured at build time.
LogInit:  - MaxHostConnections = 16  - Libcurl will limit the number of connections to a host
LogInit:  - LocalHostAddr = Default
LogInit:  - BufferSize = 65536
LogInit: WinSock: version 1.1 (2.2), MaxSocks=32767, MaxUdp=65467
LogInit: Build: ++UE4+Release-4.20-CL-4233996
LogInit: Engine Version: 4.20.1-4233996+++UE4+Release-4.20
LogInit: Compatible Engine Version: 4.20.0-4212847+++UE4+Release-4.20
LogInit: Net CL: 4212847
LogInit: OS: Windows 10 (), CPU: Intel(R) Core(TM) i7-4790 CPU @ 3.60GHz, GPU: NVIDIA GeForce GTX 745
LogInit: Compiled (64-bit): Jul 26 2018 10:07:30
LogInit: Compiled with Visual C++: 19.13.26129.00
LogInit: Build Configuration: Development
LogInit: Branch Name: ++UE4+Release-4.20
LogInit: Command Line:  
LogInit: Base Directory: C:/Program Files/Epic Games/UE_4.20/Engine/Binaries/Win64/
LogInit: Installed Engine Build: 1
LogDevObjectVersion: Number of dev versions registered: 20
LogDevObjectVersion:   Dev-Blueprints (B0D832E4-1F89-4F0D-ACCF-7EB736FD4AA2): 10
LogDevObjectVersion:   Dev-Build (E1C64328-A22C-4D53-A36C-8E866417BD8C): 0
LogDevObjectVersion:   Dev-Core (375EC13C-06E4-48FB-B500-84F0262A717E): 2
LogDevObjectVersion:   Dev-Editor (E4B068ED-F494-42E9-A231-DA0B2E46BB41): 24
LogDevObjectVersion:   Dev-Framework (CFFC743F-43B0-4480-9391-14DF171D2073): 34
LogDevObjectVersion:   Dev-Mobile (B02B49B5-BB20-44E9-A304-32B752E40360): 2
LogDevObjectVersion:   Dev-Networking (A4E4105C-59A1-49B5-A7C5-40C4547EDFEE): 0
LogDevObjectVersion:   Dev-Online (39C831C9-5AE6-47DC-9A44-9C173E1C8E7C): 0
LogDevObjectVersion:   Dev-Physics (78F01B33-EBEA-4F98-B9B4-84EACCB95AA2): 0
LogDevObjectVersion:   Dev-Platform (6631380F-2D4D-43E0-8009-CF276956A95A): 0
LogDevObjectVersion:   Dev-Rendering (12F88B9F-8875-4AFC-A67C-D90C383ABD29): 26
LogDevObjectVersion:   Dev-Sequencer (7B5AE74C-D270-4C10-A958-57980B212A5A): 9
LogDevObjectVersion:   Dev-VR (D7296918-1DD6-4BDD-9DE2-64A83CC13884): 2
LogDevObjectVersion:   Dev-LoadTimes (C2A15278-BFE7-4AFE-6C17-90FF531DF755): 1
LogDevObjectVersion:   Private-Geometry (6EACA3D4-40EC-4CC1-B786-8BED09428FC5): 3
LogDevObjectVersion:   Dev-AnimPhys (29E575DD-E0A3-4627-9D10-D276232CDCEA): 17
LogDevObjectVersion:   Dev-ReflectionCapture (6B266CEC-1EC7-4B8F-A30B-E4D90942FC07): 1
LogDevObjectVersion:   Dev-Automation (0DF73D61-A23F-47EA-B727-89E90C41499A): 1
LogDevObjectVersion:   FortniteMain (601D1886-AC64-4F84-AA16-D3DE0DEAC7D6): 12
LogDevObjectVersion:   Dev-Enterprise (9DFFBCD6-494F-0158-E221-12823C92A888): 1
LogStreaming: Display: Took  0.003s to delete old logs.
LogInit: Presizing for max 8388607 objects, including 0 objects not considered by GC, pre-allocating 0 bytes for permanent pool.
LogInit: Object subsystem initialized
[2019.04.10-03.30.57:367][  0]LogInit: Selected Device Profile: [Windows]
[2019.04.10-03.30.57:367][  0]LogInit: Applying CVar settings loaded from the selected device profile: [Windows]
[2019.04.10-03.30.57:384][  0]LogHAL: Display: Platform has ~ 32 GB [34299015168 / 34359738368 / 32], which maps to Largest [LargestMinGB=32, LargerMinGB=12, DefaultMinGB=8, SmallerMinGB=6, SmallestMinGB=0)
[2019.04.10-03.30.57:384][  0]LogInit: Setting Device Profile CVar: [[r.Vulkan.UseRealUBs:1]]
[2019.04.10-03.30.57:384][  0]LogInit: Going up to parent DeviceProfile []
[2019.04.10-03.30.57:385][  0]LogInit: Computer: COSWAEC1104-13
[2019.04.10-03.30.57:385][  0]LogInit: User: petin
[2019.04.10-03.30.57:386][  0]LogInit: CPU Page size=4096, Cores=4
[2019.04.10-03.30.57:386][  0]LogInit: High frequency timer resolution =3.507517 MHz
[2019.04.10-03.30.57:387][  0]LogMemory: Memory total: Physical=31.9GB (32GB approx)
[2019.04.10-03.30.57:387][  0]LogMemory: Platform Memory Stats for Windows
[2019.04.10-03.30.57:387][  0]LogMemory: Process Physical Memory: 100.96 MB used, 100.96 MB peak
[2019.04.10-03.30.57:387][  0]LogMemory: Process Virtual Memory: 89.84 MB used, 89.84 MB peak
[2019.04.10-03.30.57:387][  0]LogMemory: Physical Memory: 7019.48 MB used,  25690.61 MB free, 32710.09 MB total
[2019.04.10-03.30.57:387][  0]LogMemory: Virtual Memory: 4639.41 MB used,  25690.61 MB free, 134217728.00 MB total
[2019.04.10-03.30.57:427][  0]LogInit: Using OS detected language (en-US).
[2019.04.10-03.30.57:427][  0]LogInit: Using OS detected locale (en-US).
[2019.04.10-03.30.57:428][  0]LogTextLocalizationManager: No specific localization for 'en-US' exists, so the 'en' localization will be used.
[2019.04.10-03.30.57:763][  0]LogStreaming: Display: Took  0.336s to InitEngineTextLocalization.
[2019.04.10-03.30.57:763][  0]LogInit: Setting process to per monitor DPI aware
[2019.04.10-03.30.57:797][  0]LogSlate: New Slate User Created.  User Index 0, Is Virtual User: 0
[2019.04.10-03.30.57:797][  0]LogSlate: Slate User Registered.  User Index 0, Is Virtual User: 0
[2019.04.10-03.30.57:969][  0]LogHMD: Failed to initialize OpenVR with code 110
[2019.04.10-03.30.57:969][  0]LogD3D11RHI: D3D11 adapters:
[2019.04.10-03.30.58:008][  0]LogD3D11RHI:    0. 'NVIDIA GeForce GTX 745' (Feature Level 11_0)
[2019.04.10-03.30.58:008][  0]LogD3D11RHI:       4063/0/16355 MB DedicatedVideo/DedicatedSystem/SharedSystem, Outputs:1, VendorId:0x10de
[2019.04.10-03.30.58:010][  0]LogD3D11RHI:    1. 'Microsoft Basic Render Driver' (Feature Level 11_0)
[2019.04.10-03.30.58:010][  0]LogD3D11RHI:       0/0/16355 MB DedicatedVideo/DedicatedSystem/SharedSystem, Outputs:0, VendorId:0x1414
[2019.04.10-03.30.58:010][  0]LogD3D11RHI: Chosen D3D11 Adapter: 0
[2019.04.10-03.30.58:014][  0]LogD3D11RHI: Creating new Direct3DDevice
[2019.04.10-03.30.58:014][  0]LogD3D11RHI:     GPU DeviceId: 0x1382 (for the marketing name, search the web for "GPU Device Id")
[2019.04.10-03.30.58:014][  0]LogWindows: EnumDisplayDevices:
[2019.04.10-03.30.58:014][  0]LogWindows:    0. 'NVIDIA GeForce GTX 745' (P:1 D:1)
[2019.04.10-03.30.58:014][  0]LogWindows:    1. 'NVIDIA GeForce GTX 745' (P:0 D:0)
[2019.04.10-03.30.58:014][  0]LogWindows:    2. 'NVIDIA GeForce GTX 745' (P:0 D:0)
[2019.04.10-03.30.58:015][  0]LogWindows: DebugString: FoundDriverCount:3 
[2019.04.10-03.30.58:015][  0]LogD3D11RHI:     Adapter Name: NVIDIA GeForce GTX 745
[2019.04.10-03.30.58:015][  0]LogD3D11RHI:   Driver Version: 388.13 (internal:23.21.13.8813, unified:388.13)
[2019.04.10-03.30.58:015][  0]LogD3D11RHI:      Driver Date: 10-27-2017
[2019.04.10-03.30.58:015][  0]LogRHI: Texture pool is 2844 MB (70% of 4063 MB)
[2019.04.10-03.30.58:041][  0]LogD3D11RHI: Async texture creation enabled
[2019.04.10-03.30.58:052][  0]LogD3D11RHI: GPU Timing Frequency: 1000.000000 (Debug: 2 1)
[2019.04.10-03.30.58:053][  0]LogShaderCompilers: Guid format shader working directory is -24 characters bigger than the processId version (../../../../../../Users/petin/Documents/GitHub/In-The-Maze/In_The_Maze/Intermediate/Shaders/WorkingDirectory/7172/).
[2019.04.10-03.30.58:055][  0]LogShaderCompilers: Cleaned the shader compiler working directory 'C:/Users/petin/AppData/Local/Temp/UnrealShaderWorkingDir/A4846A514D307EF3861A24812C56636B/'.
[2019.04.10-03.30.58:297][  0]LogTemp: Display: Loaded TP AllDesktopTargetPlatform
[2019.04.10-03.30.58:314][  0]LogTemp: Display: Loaded TP MacClientTargetPlatform
[2019.04.10-03.30.58:327][  0]LogTemp: Display: Loaded TP MacNoEditorTargetPlatform
[2019.04.10-03.30.58:341][  0]LogTemp: Display: Loaded TP MacServerTargetPlatform
[2019.04.10-03.30.58:354][  0]LogTemp: Display: Loaded TP MacTargetPlatform
[2019.04.10-03.30.58:368][  0]LogTemp: Display: Loaded TP WindowsClientTargetPlatform
[2019.04.10-03.30.58:381][  0]LogTemp: Display: Loaded TP WindowsNoEditorTargetPlatform
[2019.04.10-03.30.58:395][  0]LogTemp: Display: Loaded TP WindowsServerTargetPlatform
[2019.04.10-03.30.58:402][  0]LogTemp: Display: Loaded TP WindowsTargetPlatform
[2019.04.10-03.30.58:472][  0]LogTemp: Display: Loaded TP AndroidTargetPlatform
[2019.04.10-03.30.58:473][  0]LogTemp: Display: Loaded TP AndroidTargetPlatform
[2019.04.10-03.30.58:473][  0]LogTemp: Display: Loaded TP AndroidTargetPlatform
[2019.04.10-03.30.58:473][  0]LogTemp: Display: Loaded TP AndroidTargetPlatform
[2019.04.10-03.30.58:473][  0]LogTemp: Display: Loaded TP AndroidTargetPlatform
[2019.04.10-03.30.58:473][  0]LogTemp: Display: Loaded TP AndroidTargetPlatform
[2019.04.10-03.30.58:473][  0]LogTemp: Display: Loaded TP AndroidTargetPlatform
[2019.04.10-03.30.58:473][  0]LogTemp: Display: Loaded TP AndroidTargetPlatform
[2019.04.10-03.30.58:473][  0]LogTemp: Display: Loaded TP AndroidTargetPlatform
[2019.04.10-03.30.58:473][  0]LogTemp: Display: Loaded TP AndroidTargetPlatform
[2019.04.10-03.30.58:473][  0]LogTemp: Display: Loaded TP AndroidTargetPlatform
[2019.04.10-03.30.58:473][  0]LogTemp: Display: Loaded TP AndroidTargetPlatform
[2019.04.10-03.30.58:473][  0]LogTemp: Display: Loaded TP AndroidTargetPlatform
[2019.04.10-03.30.58:473][  0]LogTemp: Display: Loaded TP AndroidTargetPlatform
[2019.04.10-03.30.58:473][  0]LogTemp: Display: Loaded TP AndroidTargetPlatform
[2019.04.10-03.30.58:473][  0]LogTemp: Display: Loaded TP AndroidTargetPlatform
[2019.04.10-03.30.58:473][  0]LogTemp: Display: Loaded TP AndroidTargetPlatform
[2019.04.10-03.30.58:473][  0]LogTemp: Display: Loaded TP AndroidTargetPlatform
[2019.04.10-03.30.58:474][  0]LogTemp: Display: Loaded TP HTML5TargetPlatform
[2019.04.10-03.30.58:545][  0]LogTemp: Display: Loaded TP IOSTargetPlatform
[2019.04.10-03.30.58:545][  0]LogTemp: Display: Loaded TP IOSTargetPlatform
[2019.04.10-03.30.58:582][  0]LogTemp: Display: Loaded TP TVOSTargetPlatform
[2019.04.10-03.30.58:582][  0]LogTemp: Display: Loaded TP TVOSTargetPlatform
[2019.04.10-03.30.58:593][  0]LogTemp: Display: Loaded TP LinuxClientTargetPlatform
[2019.04.10-03.30.58:605][  0]LogTemp: Display: Loaded TP LinuxNoEditorTargetPlatform
[2019.04.10-03.30.58:617][  0]LogTemp: Display: Loaded TP LinuxServerTargetPlatform
[2019.04.10-03.30.58:629][  0]LogTemp: Display: Loaded TP LinuxTargetPlatform
[2019.04.10-03.30.58:637][  0]LogTemp: Display: Loaded TP LuminTargetPlatform
[2019.04.10-03.30.58:637][  0]LogTargetPlatformManager: Display: Building Assets For Windows
[2019.04.10-03.30.58:700][  0]LogXGEController: Cleaning working directory: C:/Users/petin/AppData/Local/Temp/UnrealXGEWorkingDir/
[2019.04.10-03.30.58:700][  0]LogXGEController: Cannot use XGE Controller as Incredibuild is not installed on this machine.
[2019.04.10-03.30.58:700][  0]LogShaderCompilers: Cannot use XGE Shader Compiler as Incredibuild is not installed on this machine.
[2019.04.10-03.30.58:700][  0]LogShaderCompilers: Display: Using Local Shader Compiler.
[2019.04.10-03.30.59:401][  0]LogDerivedDataCache: Display: Max Cache Size: 512 MB
[2019.04.10-03.30.59:453][  0]LogDerivedDataCache: Loaded boot cache 0.05s 71MB C:/Users/petin/AppData/Local/UnrealEngine/4.20/DerivedDataCache/Boot.ddc.
[2019.04.10-03.30.59:453][  0]LogDerivedDataCache: Display: Loaded Boot cache: C:/Users/petin/AppData/Local/UnrealEngine/4.20/DerivedDataCache/Boot.ddc
[2019.04.10-03.30.59:453][  0]LogDerivedDataCache: FDerivedDataBackendGraph:  Pak pak cache file ../../../../../../Users/petin/Documents/GitHub/In-The-Maze/In_The_Maze/DerivedDataCache/DDC.ddp not found, will not use a pak cache.
[2019.04.10-03.30.59:453][  0]LogDerivedDataCache: Unable to find inner node Pak for hierarchical cache Hierarchy.
[2019.04.10-03.30.59:453][  0]LogDerivedDataCache: FDerivedDataBackendGraph:  CompressedPak pak cache file ../../../../../../Users/petin/Documents/GitHub/In-The-Maze/In_The_Maze/DerivedDataCache/Compressed.ddp not found, will not use a pak cache.
[2019.04.10-03.30.59:453][  0]LogDerivedDataCache: Unable to find inner node CompressedPak for hierarchical cache Hierarchy.
[2019.04.10-03.30.59:467][  0]LogDerivedDataCache: Display: Pak cache opened for reading ../../../Engine/DerivedDataCache/Compressed.ddp.
[2019.04.10-03.30.59:482][  0]LogDerivedDataCache: Using Local data cache path C:/Users/petin/AppData/Local/UnrealEngine/Common/DerivedDataCache: Writable
[2019.04.10-03.30.59:482][  0]LogDerivedDataCache: Shared data cache path not found in *engine.ini, will not use an Shared cache.
[2019.04.10-03.30.59:482][  0]LogDerivedDataCache: Unable to find inner node Shared for hierarchical cache Hierarchy.
[2019.04.10-03.30.59:500][  0]LogMaterial: Verifying Global Shaders for PCD3D_SM5
[2019.04.10-03.30.59:501][  0]LogSlate: Using FreeType 2.6.0
[2019.04.10-03.30.59:502][  0]LogSlate: SlateFontServices - WITH_FREETYPE: 1, WITH_HARFBUZZ: 1
[2019.04.10-03.30.59:573][  0]LogAssetRegistry: FAssetRegistry took 0.0259 seconds to start up
[2019.04.10-03.30.59:874][  0]LogInit: Selected Device Profile: [Windows]
[2019.04.10-03.31.00:000][  0]LogSimplygon: Simplygon DLL not present - disabling.
[2019.04.10-03.31.00:005][  0]LogMeshReduction: Using SimplygonSwarm for distributed automatic mesh merging
[2019.04.10-03.31.00:005][  0]LogMeshReduction: Using ProxyLODMeshReduction for automatic mesh merging
[2019.04.10-03.31.00:005][  0]LogMeshReduction: Using QuadricMeshReduction for automatic static mesh reduction
[2019.04.10-03.31.00:005][  0]LogMeshReduction: No automatic skeletal mesh reduction module available
[2019.04.10-03.31.00:018][  0]LogNetVersion: In_The_Maze 1.0.0, NetCL: 4212847, EngineNetVer: 5, GameNetVer: 0 (Checksum: 1726018356)
[2019.04.10-03.31.00:490][  0]LogPackageLocalizationCache: Processed 11 localized package path(s) for 2 prioritized culture(s) in 0.113142 seconds
[2019.04.10-03.31.00:496][  0]LogUObjectArray: 38425 objects as part of root set at end of initial load.
[2019.04.10-03.31.00:496][  0]LogUObjectAllocator: 6690864 out of 0 bytes used by permanent object pool.
[2019.04.10-03.31.00:496][  0]LogUObjectArray: CloseDisregardForGC: 0/0 objects in disregard for GC pool
[2019.04.10-03.31.01:302][  0]LogTcpMessaging: Initializing TcpMessaging bridge
[2019.04.10-03.31.01:316][  0]LogUdpMessaging: Initializing bridge on interface 0.0.0.0:0 to multicast group 230.0.0.1:6666.
[2019.04.10-03.31.01:495][  0]SourceControl: Source control is disabled
[2019.04.10-03.31.02:070][  0]LogAndroidPermission: UAndroidPermissionCallbackProxy::GetInstance
[2019.04.10-03.31.02:110][  0]LogOcInput: OculusInput pre-init called
[2019.04.10-03.31.02:237][  0]LogEngine: Initializing Engine...
[2019.04.10-03.31.02:238][  0]LogHMD: Failed to initialize OpenVR with code 110
[2019.04.10-03.31.02:239][  0]LogStats: UGameplayTagsManager::ConstructGameplayTagTree: ImportINI prefixes -  0.000 s
[2019.04.10-03.31.02:239][  0]LogStats: UGameplayTagsManager::ConstructGameplayTagTree: Construct from data asset -  0.000 s
[2019.04.10-03.31.02:239][  0]LogStats: UGameplayTagsManager::ConstructGameplayTagTree: ImportINI -  0.000 s
[2019.04.10-03.31.02:240][  0]LogStats: UGameplayTagsManager::ConstructGameplayTagTree: GameplayTagTreeChangedEvent.Broadcast -  0.000 s
[2019.04.10-03.31.02:422][  0]LogInit: Initializing FReadOnlyCVARCache
[2019.04.10-03.31.02:439][  0]LogAIModule: Creating AISystem for world Untitled
[2019.04.10-03.31.02:446][  0]LogInit: XAudio2 using 'Speakers / Headphones (Realtek High Definition Audio)' : 2 channels at 48 kHz using 32 bits per sample (channel mask 0x3)
[2019.04.10-03.31.02:623][  0]LogInit: FAudioDevice initialized.
[2019.04.10-03.31.02:624][  0]LogNetVersion: Set ProjectVersion to 1.0.0.0. Version Checksum will be recalculated on next use.
[2019.04.10-03.31.02:786][  0]LogDerivedDataCache: Saved boot cache 0.16s 71MB C:/Users/petin/AppData/Local/UnrealEngine/4.20/DerivedDataCache/Boot.ddc.
[2019.04.10-03.31.02:794][  0]LogInit: Texture streaming: Enabled
[2019.04.10-03.31.02:817][  0]LogEngineSessionManager: EngineSessionManager initialized
[2019.04.10-03.31.02:830][  0]LogInit: Transaction tracking system initialized
[2019.04.10-03.31.02:854][  0]BlueprintLog: New page: Editor Load
[2019.04.10-03.31.02:965][  0]LocalizationService: Localization service is disabled
[2019.04.10-03.31.03:204][  0]LogCook: Display: Max memory allowance for cook 16384mb min free memory 0mb
[2019.04.10-03.31.03:204][  0]LogCook: Display: Mobile HDR setting 1
[2019.04.10-03.31.03:204][  0]LogGameplayTags: Display: UGameplayTagsManager::DoneAddingNativeTags. DelegateIsBound: 0
[2019.04.10-03.31.03:204][  0]LogStats: UGameplayTagsManager::ConstructGameplayTagTree: ImportINI prefixes -  0.000 s
[2019.04.10-03.31.03:204][  0]LogStats: UGameplayTagsManager::ConstructGameplayTagTree: Construct from data asset -  0.000 s
[2019.04.10-03.31.03:204][  0]LogStats: UGameplayTagsManager::ConstructGameplayTagTree: ImportINI -  0.000 s
[2019.04.10-03.31.03:204][  0]LogStats: UGameplayTagsManager::ConstructGameplayTagTree: GameplayTagTreeChangedEvent.Broadcast -  0.000 s
[2019.04.10-03.31.03:333][  0]LogFileCache: Scanning file cache for directory 'C:/Users/petin/Documents/GitHub/In-The-Maze/In_The_Maze/Content/' took 0.02s
[2019.04.10-03.31.03:333][  0]Cmd: MAP LOAD FILE="../../../../../../Users/petin/Documents/GitHub/In-The-Maze/In_The_Maze/Content/FirstPersonBP/Maps/FirstPersonExampleMap.umap" TEMPLATE=0 SHOWPROGRESS=1 FEATURELEVEL=3
[2019.04.10-03.31.03:333][  0]LightingResults: New page: Lighting Build
[2019.04.10-03.31.03:337][  0]MapCheck: New page: Map Check
[2019.04.10-03.31.03:337][  0]LightingResults: New page: Lighting Build
[2019.04.10-03.31.03:634][  0]LogAIModule: Creating AISystem for world FirstPersonExampleMap
[2019.04.10-03.31.03:641][  0]LogMaterial: Warning: Material /Game/Props/Import/phong1.phong1 needed to have new flag set bUsedWithStaticLighting !
[2019.04.10-03.31.03:644][  0]LogMaterial: Display: Missing cached shader map for material phong1, compiling. 
[2019.04.10-03.31.03:704][  0]MapCheck: Warning: phong1 Material /Game/Props/Import/phong1.phong1 was missing the usage flag bUsedWithStaticLighting. If the material asset is not re-saved, it may not render correctly when run outside the editor. Fix
[2019.04.10-03.31.03:708][  0]LogShaderCompilers: Display: Shaders left to compile 31
[2019.04.10-03.31.03:708][  0]LogShaderCompilers: Display: Shaders left to compile 21
[2019.04.10-03.31.03:708][  0]LogShaderCompilers: Display: Shaders left to compile 11
[2019.04.10-03.31.03:708][  0]LogShaderCompilers: Display: Shaders left to compile 1
[2019.04.10-03.31.03:708][  0]LogEditorServer: Finished looking for orphan Actors (0.000 secs)
[2019.04.10-03.31.03:728][  0]Cmd: MAP CHECKDEP NOCLEARLOG
[2019.04.10-03.31.03:812][  0]MapCheck: Map check complete: 0 Error(s), 1 Warning(s), took 84.419ms to complete.
[2019.04.10-03.31.03:817][  0]LogFileHelpers: Loading map 'FirstPersonExampleMap' took 0.484
[2019.04.10-03.31.03:920][  0]LogSlate: Updating window title bar state: overlay mode, drag disabled, window buttons hidden, title bar hidden
[2019.04.10-03.31.03:927][  0]LogSlate: Updating window title bar state: overlay mode, drag disabled, window buttons hidden, title bar hidden
[2019.04.10-03.31.03:935][  0]LogSlate: Updating window title bar state: overlay mode, drag disabled, window buttons hidden, title bar hidden
[2019.04.10-03.31.03:945][  0]LogSlate: Updating window title bar state: overlay mode, drag disabled, window buttons hidden, title bar hidden
[2019.04.10-03.31.03:955][  0]LogCollectionManager: Loaded 0 collections in 0.002817 seconds
[2019.04.10-03.31.04:007][  0]LogFileCache: Scanning file cache for directory 'C:/Users/petin/Documents/GitHub/In-The-Maze/In_The_Maze/Saved/Collections/' took 0.01s
[2019.04.10-03.31.04:007][  0]LogFileCache: Scanning file cache for directory 'C:/Users/petin/Documents/GitHub/In-The-Maze/In_The_Maze/Content/Developers/petin/Collections/' took 0.01s
[2019.04.10-03.31.04:007][  0]LogFileCache: Scanning file cache for directory 'C:/Users/petin/Documents/GitHub/In-The-Maze/In_The_Maze/Content/Collections/' took 0.01s
[2019.04.10-03.31.04:007][  0]LogCollectionManager: Rebuilt the GUID cache for 0 collections in 0.000000 seconds
[2019.04.10-03.31.04:020][  0]LogContentBrowser: Native class hierarchy populated in 0.0127 seconds. Added 2572 classes and 603 folders.
[2019.04.10-03.31.04:029][  0]LogContentBrowser: Native class hierarchy updated for 'WidgetCarousel' in 0.0004 seconds. Added 0 classes and 0 folders.
[2019.04.10-03.31.04:100][  0]LogContentBrowser: Native class hierarchy updated for 'AddContentDialog' in 0.0004 seconds. Added 0 classes and 0 folders.
[2019.04.10-03.31.04:109][  0]LogContentBrowser: Native class hierarchy updated for 'SceneOutliner' in 0.0004 seconds. Added 1 classes and 2 folders.
[2019.04.10-03.31.04:208][  0]LogSlate: Took 0.000203 seconds to synchronously load lazily loaded font '../../../Engine/Content/Slate/Fonts/Roboto-Regular.ttf' (155K)
[2019.04.10-03.31.04:210][  0]LogSlate: Took 0.000210 seconds to synchronously load lazily loaded font '../../../Engine/Content/Slate/Fonts/Roboto-Bold.ttf' (160K)
[2019.04.10-03.31.04:217][  0]LogSlate: Took 0.000237 seconds to synchronously load lazily loaded font '../../../Engine/Content/Editor/Slate/Fonts/FontAwesome.ttf' (139K)
[2019.04.10-03.31.04:333][  0]LogRenderer: Reallocating scene render targets to support 1208x652 Format 10 NumSamples 1 (Frame:1).
[2019.04.10-03.31.04:535][  0]LogContentBrowser: Native class hierarchy updated for 'HierarchicalLODOutliner' in 0.0004 seconds. Added 0 classes and 0 folders.
[2019.04.10-03.31.04:535][  0]LogLoad: (Engine Initialization) Total time: 9.01 seconds
[2019.04.10-03.31.04:536][  0]LogLoad: (Engine Initialization) Total Blueprint compile time: 0.00 seconds
[2019.04.10-03.31.04:546][  0]LogWindowsTextInputMethodSystem: Display: IME system now deactivated.
[2019.04.10-03.31.04:582][  0]LogContentStreaming: Texture pool size now 3000 MB
[2019.04.10-03.31.04:614][  0]LogSlate: Took 0.000192 seconds to synchronously load lazily loaded font '../../../Engine/Content/Slate/Fonts/Roboto-Light.ttf' (167K)
[2019.04.10-03.31.04:625][  1]LogFileCache: Retrieving MD5 hashes for directory 'C:/Users/petin/Documents/GitHub/In-The-Maze/In_The_Maze/Content/' took 0.07s
[2019.04.10-03.31.04:655][  1]LogAssetRegistry: Asset discovery search completed in 5.1041 seconds
[2019.04.10-03.31.04:658][  1]LogCollectionManager: Rebuilt the object cache for 0 collections in 0.000001 seconds (found 0 objects)
[2019.04.10-03.31.04:658][  1]LogCollectionManager: Fixed up redirectors for 0 collections in 0.000095 seconds (updated 0 objects)
[2019.04.10-03.31.05:580][ 55]LogSlate: Took 0.000241 seconds to synchronously load lazily loaded font '../../../Engine/Content/Slate/Fonts/Roboto-Light.ttf' (167K)
[2019.04.10-03.31.09:338][315]LogSlate: FSceneViewport::OnFocusLost() reason 0
[2019.04.10-03.31.31:593][743]LogTemp: Repeating last play command: Selected Viewport
[2019.04.10-03.31.31:615][743]LogBlueprintUserMessages: Early PlayInEditor Detection: Level '/Game/FirstPersonBP/Maps/FirstPersonExampleMap.FirstPersonExampleMap:PersistentLevel' has LevelScriptBlueprint '/Game/FirstPersonBP/Maps/FirstPersonExampleMap.FirstPersonExampleMap:PersistentLevel.FirstPersonExampleMap' with GeneratedClass '/Game/FirstPersonBP/Maps/FirstPersonExampleMap.FirstPersonExampleMap_C' with ClassGeneratedBy '/Game/FirstPersonBP/Maps/FirstPersonExampleMap.FirstPersonExampleMap:PersistentLevel.FirstPersonExampleMap'
[2019.04.10-03.31.31:615][743]LogPlayLevel: PlayLevel: No blueprints needed recompiling
[2019.04.10-03.31.31:627][743]PIE: New page: PIE session: FirstPersonExampleMap (Apr 9, 2019, 7:31:31 PM)
[2019.04.10-03.31.31:627][743]LogPlayLevel: Creating play world package: /Game/FirstPersonBP/Maps/UEDPIE_0_FirstPersonExampleMap
[2019.04.10-03.31.31:646][743]LogPlayLevel: PIE: StaticDuplicateObject took: (0.019023s)
[2019.04.10-03.31.31:647][743]LogAIModule: Creating AISystem for world FirstPersonExampleMap
[2019.04.10-03.31.31:647][743]LogPlayLevel: PIE: World Init took: (0.000821s)
[2019.04.10-03.31.31:647][743]LogPlayLevel: PIE: Created PIE world by copying editor world from /Game/FirstPersonBP/Maps/FirstPersonExampleMap.FirstPersonExampleMap to /Game/FirstPersonBP/Maps/UEDPIE_0_FirstPersonExampleMap.FirstPersonExampleMap (0.020048s)
[2019.04.10-03.31.31:672][743]LogInit: XAudio2 using 'Speakers / Headphones (Realtek High Definition Audio)' : 2 channels at 48 kHz using 32 bits per sample (channel mask 0x3)
[2019.04.10-03.31.31:693][743]LogInit: FAudioDevice initialized.
[2019.04.10-03.31.31:736][743]LogLoad: Game class is 'FirstPersonGameMode_C'
[2019.04.10-03.31.31:739][743]LogWorld: Bringing World /Game/FirstPersonBP/Maps/UEDPIE_0_FirstPersonExampleMap.FirstPersonExampleMap up for play (max tick rate 0) at 2019.04.09-23.31.31
[2019.04.10-03.31.31:739][743]LogWorld: Bringing up level for play took: 0.002107
[2019.04.10-03.31.31:761][743]LogContentBrowser: Native class hierarchy updated for 'MovieSceneCapture' in 0.0005 seconds. Added 10 classes and 0 folders.
[2019.04.10-03.31.31:762][743]PIE: Play in editor start time for /Game/FirstPersonBP/Maps/UEDPIE_0_FirstPersonExampleMap 0.533
[2019.04.10-03.31.31:763][743]LogBlueprintUserMessages: Late PlayInEditor Detection: Level '/Game/FirstPersonBP/Maps/FirstPersonExampleMap.FirstPersonExampleMap:PersistentLevel' has LevelScriptBlueprint '/Game/FirstPersonBP/Maps/FirstPersonExampleMap.FirstPersonExampleMap:PersistentLevel.FirstPersonExampleMap' with GeneratedClass '/Game/FirstPersonBP/Maps/FirstPersonExampleMap.FirstPersonExampleMap_C' with ClassGeneratedBy '/Game/FirstPersonBP/Maps/FirstPersonExampleMap.FirstPersonExampleMap:PersistentLevel.FirstPersonExampleMap'
[2019.04.10-03.31.35:726][ 29]LogBlueprintUserMessages: Early EndPlayMap Detection: Level '/Game/FirstPersonBP/Maps/FirstPersonExampleMap.FirstPersonExampleMap:PersistentLevel' has LevelScriptBlueprint '/Game/FirstPersonBP/Maps/FirstPersonExampleMap.FirstPersonExampleMap:PersistentLevel.FirstPersonExampleMap' with GeneratedClass '/Game/FirstPersonBP/Maps/FirstPersonExampleMap.FirstPersonExampleMap_C' with ClassGeneratedBy '/Game/FirstPersonBP/Maps/FirstPersonExampleMap.FirstPersonExampleMap:PersistentLevel.FirstPersonExampleMap'
[2019.04.10-03.31.35:727][ 29]LogSlate: Updating window title bar state: overlay mode, drag disabled, window buttons hidden, title bar hidden
[2019.04.10-03.31.35:773][ 29]LogPlayLevel: Display: Shutting down PIE online subsystems
[2019.04.10-03.31.35:773][ 29]LogBlueprintUserMessages: Late EndPlayMap Detection: Level '/Game/FirstPersonBP/Maps/FirstPersonExampleMap.FirstPersonExampleMap:PersistentLevel' has LevelScriptBlueprint '/Game/FirstPersonBP/Maps/FirstPersonExampleMap.FirstPersonExampleMap:PersistentLevel.FirstPersonExampleMap' with GeneratedClass '/Game/FirstPersonBP/Maps/FirstPersonExampleMap.FirstPersonExampleMap_C' with ClassGeneratedBy '/Game/FirstPersonBP/Maps/FirstPersonExampleMap.FirstPersonExampleMap:PersistentLevel.FirstPersonExampleMap'
[2019.04.10-03.31.35:827][ 29]LogSlate: Updating window title bar state: overlay mode, drag disabled, window buttons hidden, title bar hidden
[2019.04.10-03.31.35:859][ 30]LogPlayLevel: Display: Destroying online subsystem :Context_3
[2019.04.10-03.31.40:237][337]LogSlate: FSceneViewport::OnFocusLost() reason 2
[2019.04.10-03.31.46:332][698]LogSlate: FSceneViewport::OnFocusLost() reason 2
[2019.04.10-03.31.46:879][737]LogSlate: FSceneViewport::OnFocusLost() reason 2
[2019.04.10-03.31.47:664][790]LogSlate: FSceneViewport::OnFocusLost() reason 2
[2019.04.10-03.31.47:921][807]LogSlate: FSceneViewport::OnFocusLost() reason 2
[2019.04.10-03.31.49:045][877]LogSlate: FSceneViewport::OnFocusLost() reason 2
[2019.04.10-03.31.49:819][877]LogSlate: Only BGRA pngs, bmps or icos are supported in by External Image Picker
[2019.04.10-03.31.49:893][878]LogTemp: Executing iPhonePackager certificates Engine -bundlename com.YourCompany.InTheMaze
[2019.04.10-03.31.49:893][878]LogTemp: CWD: C:\Program Files\Epic Games\UE_4.20\Engine\Binaries\DotNET\IOS
[2019.04.10-03.31.49:893][878]LogTemp: Initial Dir: C:\Program Files\Epic Games\UE_4.20
[2019.04.10-03.31.49:893][878]LogTemp: Env CWD: C:\Program Files\Epic Games\UE_4.20\Engine\Binaries\DotNET\IOS
[2019.04.10-03.31.49:893][878]LogTemp: BranchPath = COSWAEC1104-13/C/Program Files/Epic Games/UE_4.20/Engine/Binaries --- GameBranchPath = COSWAEC1104-13/C/Program Files/Epic Games/UE_4.20/Engine/Binaries
[2019.04.10-03.31.49:893][878]LogTemp: IPP ERROR: Could not find provision directory 'C:\Users\petin\AppData\Local/Apple Computer/MobileDevice/Provisioning Profiles/'.
[2019.04.10-03.31.59:915][552]LogSlate: Window 'Project Settings' being destroyed
[2019.04.10-03.31.59:932][552]LogSlate: Window 'Project Settings' being destroyed
[2019.04.10-03.32.01:764][654]LogSlate: FSceneViewport::OnFocusLost() reason 0
[2019.04.10-03.32.03:414][765]LogAIModule: Creating AISystem for world Archie
[2019.04.10-03.32.03:419][765]LogAssetEditorManager: Opening Asset editor for World /Game/Maps/Archie.Archie
[2019.04.10-03.32.03:440][765]Cmd: MAP LOAD FILE="../../../../../../Users/petin/Documents/GitHub/In-The-Maze/In_The_Maze/Content/Maps/Archie.umap" TEMPLATE=0 SHOWPROGRESS=1 FEATURELEVEL=3
[2019.04.10-03.32.03:440][765]LightingResults: New page: Lighting Build
[2019.04.10-03.32.03:440][765]LoadErrors: New page: Loading map: Archie.umap
[2019.04.10-03.32.03:441][765]MapCheck: New page: Map Check
[2019.04.10-03.32.03:441][765]LightingResults: New page: Lighting Build
[2019.04.10-03.32.03:518][765]LogEditorServer: Finished looking for orphan Actors (0.000 secs)
[2019.04.10-03.32.03:566][765]Cmd: MAP CHECKDEP NOCLEARLOG
[2019.04.10-03.32.03:636][765]MapCheck: Map check complete: 0 Error(s), 0 Warning(s), took 69.446ms to complete.
[2019.04.10-03.32.03:637][765]LogFileHelpers: Loading map 'Archie' took 0.198
[2019.04.10-03.32.04:415][792]LogSlate: FSceneViewport::OnFocusLost() reason 0
[2019.04.10-03.32.04:487][797]LogTemp: Repeating last play command: Selected Viewport
[2019.04.10-03.32.04:501][797]LogPlayLevel: PlayLevel: No blueprints needed recompiling
[2019.04.10-03.32.04:502][797]PIE: New page: PIE session: Archie (Apr 9, 2019, 7:32:04 PM)
[2019.04.10-03.32.04:502][797]LogPlayLevel: Creating play world package: /Game/Maps/UEDPIE_0_Archie
[2019.04.10-03.32.04:505][797]LogPlayLevel: PIE: StaticDuplicateObject took: (0.003464s)
[2019.04.10-03.32.04:506][797]LogAIModule: Creating AISystem for world Archie
[2019.04.10-03.32.04:506][797]LogPlayLevel: PIE: World Init took: (0.000646s)
[2019.04.10-03.32.04:506][797]LogPlayLevel: PIE: Created PIE world by copying editor world from /Game/Maps/Archie.Archie to /Game/Maps/UEDPIE_0_Archie.Archie (0.004233s)
[2019.04.10-03.32.04:527][797]LogInit: XAudio2 using 'Speakers / Headphones (Realtek High Definition Audio)' : 2 channels at 48 kHz using 32 bits per sample (channel mask 0x3)
[2019.04.10-03.32.04:546][797]LogInit: FAudioDevice initialized.
[2019.04.10-03.32.04:576][797]LogLoad: Game class is 'FirstPersonGameMode_C'
[2019.04.10-03.32.04:578][797]LogWorld: Bringing World /Game/Maps/UEDPIE_0_Archie.Archie up for play (max tick rate 0) at 2019.04.09-23.32.04
[2019.04.10-03.32.04:578][797]LogWorld: Bringing up level for play took: 0.001728
[2019.04.10-03.32.04:592][797]PIE: Play in editor start time for /Game/Maps/UEDPIE_0_Archie -0.638
[2019.04.10-03.32.15:895][586]LogSlate: Updating window title bar state: overlay mode, drag disabled, window buttons hidden, title bar hidden
[2019.04.10-03.32.15:938][586]LogPlayLevel: Display: Shutting down PIE online subsystems
[2019.04.10-03.32.15:978][586]LogSlate: Updating window title bar state: overlay mode, drag disabled, window buttons hidden, title bar hidden
[2019.04.10-03.32.16:005][587]LogPlayLevel: Display: Destroying online subsystem :Context_5
[2019.04.10-03.32.21:502][937]LogSlate: FSceneViewport::OnFocusLost() reason 0
[2019.04.10-03.32.21:611][944]LogTemp: Repeating last play command: Selected Viewport
[2019.04.10-03.32.21:625][944]LogPlayLevel: PlayLevel: No blueprints needed recompiling
[2019.04.10-03.32.21:625][944]PIE: New page: PIE session: Archie (Apr 9, 2019, 7:32:21 PM)
[2019.04.10-03.32.21:625][944]LogPlayLevel: Creating play world package: /Game/Maps/UEDPIE_0_Archie
[2019.04.10-03.32.21:629][944]LogPlayLevel: PIE: StaticDuplicateObject took: (0.003418s)
[2019.04.10-03.32.21:629][944]LogAIModule: Creating AISystem for world Archie
[2019.04.10-03.32.21:629][944]LogPlayLevel: PIE: World Init took: (0.000670s)
[2019.04.10-03.32.21:630][944]LogPlayLevel: PIE: Created PIE world by copying editor world from /Game/Maps/Archie.Archie to /Game/Maps/UEDPIE_0_Archie.Archie (0.004194s)
[2019.04.10-03.32.21:651][944]LogInit: XAudio2 using 'Speakers / Headphones (Realtek High Definition Audio)' : 2 channels at 48 kHz using 32 bits per sample (channel mask 0x3)
[2019.04.10-03.32.21:669][944]LogInit: FAudioDevice initialized.
[2019.04.10-03.32.21:700][944]LogLoad: Game class is 'FirstPersonGameMode_C'
[2019.04.10-03.32.21:703][944]LogWorld: Bringing World /Game/Maps/UEDPIE_0_Archie.Archie up for play (max tick rate 0) at 2019.04.09-23.32.21
[2019.04.10-03.32.21:703][944]LogWorld: Bringing up level for play took: 0.001754
[2019.04.10-03.32.21:718][944]PIE: Play in editor start time for /Game/Maps/UEDPIE_0_Archie 0.488
[2019.04.10-03.32.43:766][470]LogSlate: Updating window title bar state: overlay mode, drag disabled, window buttons hidden, title bar hidden
[2019.04.10-03.32.43:813][470]LogPlayLevel: Display: Shutting down PIE online subsystems
[2019.04.10-03.32.43:856][470]LogSlate: Updating window title bar state: overlay mode, drag disabled, window buttons hidden, title bar hidden
[2019.04.10-03.32.43:886][471]LogPlayLevel: Display: Destroying online subsystem :Context_6
[2019.04.10-03.32.49:157][815]LogSlate: FSceneViewport::OnFocusLost() reason 0
[2019.04.10-03.32.49:284][818]LogSlate: Window 'In_The_Maze - Unreal Editor' being destroyed
[2019.04.10-03.32.49:285][818]LogWindowsTextInputMethodSystem: Display: IME system now deactivated.
[2019.04.10-03.32.49:475][819]Cmd: QUIT_EDITOR
[2019.04.10-03.32.50:186][819]LogExit: Preparing to exit.
[2019.04.10-03.32.50:468][819]LogExit: Editor shut down
[2019.04.10-03.32.50:469][819]LogExit: Transaction tracking system shut down
[2019.04.10-03.32.51:102][819]LogExit: Object subsystem successfully closed.
[2019.04.10-03.32.51:112][819]LogShaderCompilers: Display: Shaders left to compile 0
[2019.04.10-03.32.51:115][819]LogD3D11RHI: Shutdown
[2019.04.10-03.32.51:115][819]LogD3D11RHI: CleanupD3DDevice
[2019.04.10-03.32.51:116][819]LogD3D11RHI: ~FD3D11DynamicRHI
[2019.04.10-03.32.51:136][819]LogModuleManager: Shutting down and abandoning module ExternalImagePicker (616)
[2019.04.10-03.32.51:137][819]LogModuleManager: Shutting down and abandoning module MovieSceneCapture (614)
[2019.04.10-03.32.51:137][819]LogModuleManager: Shutting down and abandoning module Voice (612)
[2019.04.10-03.32.51:137][819]LogModuleManager: Shutting down and abandoning module HierarchicalLODOutliner (610)
[2019.04.10-03.32.51:137][819]LogModuleManager: Shutting down and abandoning module SceneOutliner (608)
[2019.04.10-03.32.51:137][819]LogModuleManager: Shutting down and abandoning module AddContentDialog (606)
[2019.04.10-03.32.51:137][819]LogModuleManager: Shutting down and abandoning module WidgetCarousel (605)
[2019.04.10-03.32.51:137][819]LogModuleManager: Shutting down and abandoning module EditorWidgets (602)
[2019.04.10-03.32.51:137][819]LogModuleManager: Shutting down and abandoning module CollectionManager (600)
[2019.04.10-03.32.51:137][819]LogModuleManager: Shutting down and abandoning module StatsViewer (598)
[2019.04.10-03.32.51:137][819]LogModuleManager: Shutting down and abandoning module FoliageEdit (596)
[2019.04.10-03.32.51:137][819]LogModuleManager: Shutting down and abandoning module LandscapeEditor (594)
[2019.04.10-03.32.51:137][819]LogModuleManager: Shutting down and abandoning module MeshPaintMode (592)
[2019.04.10-03.32.51:137][819]LogModuleManager: Shutting down and abandoning module SceneDepthPickerMode (590)
[2019.04.10-03.32.51:137][819]LogModuleManager: Shutting down and abandoning module ActorPickerMode (588)
[2019.04.10-03.32.51:137][819]LogModuleManager: Shutting down and abandoning module GeometryMode (586)
[2019.04.10-03.32.51:137][819]LogModuleManager: Shutting down and abandoning module TextureAlignMode (584)
[2019.04.10-03.32.51:137][819]LogModuleManager: Shutting down and abandoning module BspMode (582)
[2019.04.10-03.32.51:137][819]LogModuleManager: Shutting down and abandoning module PIEPreviewDeviceProfileSelector (580)
[2019.04.10-03.32.51:137][819]LogModuleManager: Shutting down and abandoning module SequenceRecorderSections (578)
[2019.04.10-03.32.51:137][819]LogModuleManager: Shutting down and abandoning module AutomationWorker (576)
[2019.04.10-03.32.51:137][819]LogModuleManager: Shutting down and abandoning module AudioCaptureEditor (574)
[2019.04.10-03.32.51:137][819]LogModuleManager: Shutting down and abandoning module SequenceRecorder (573)
[2019.04.10-03.32.51:138][819]LogModuleManager: Shutting down and abandoning module MatineeToLevelSequence (570)
[2019.04.10-03.32.51:138][819]LogModuleManager: Shutting down and abandoning module LevelSequenceEditor (568)
[2019.04.10-03.32.51:138][819]LogModuleManager: Shutting down and abandoning module PlacementMode (567)
[2019.04.10-03.32.51:138][819]LogModuleManager: Shutting down and abandoning module MaterialEditor (566)
[2019.04.10-03.32.51:138][819]LogModuleManager: Shutting down and abandoning module WmfMediaFactory (562)
[2019.04.10-03.32.51:138][819]LogModuleManager: Shutting down and abandoning module WmfMediaEditor (560)
[2019.04.10-03.32.51:138][819]LogModuleManager: Shutting down and abandoning module MediaPlayerEditor (558)
[2019.04.10-03.32.51:138][819]LogModuleManager: Shutting down and abandoning module OpenExrWrapper (556)
[2019.04.10-03.32.51:138][819]LogModuleManager: Shutting down and abandoning module ImgMediaFactory (554)
[2019.04.10-03.32.51:138][819]LogModuleManager: Shutting down and abandoning module ImgMediaEditor (552)
[2019.04.10-03.32.51:138][819]LogModuleManager: Shutting down and abandoning module AvfMediaFactory (550)
[2019.04.10-03.32.51:138][819]LogModuleManager: Shutting down and abandoning module AvfMediaEditor (548)
[2019.04.10-03.32.51:138][819]LogModuleManager: Shutting down and abandoning module AndroidMediaFactory (546)
[2019.04.10-03.32.51:138][819]LogModuleManager: Shutting down and abandoning module AndroidMediaEditor (544)
[2019.04.10-03.32.51:138][819]LogModuleManager: Shutting down and abandoning module MagicLeapCameraPreviewFactory (542)
[2019.04.10-03.32.51:138][819]LogModuleManager: Shutting down and abandoning module MagicLeapMediaFactory (540)
[2019.04.10-03.32.51:138][819]LogModuleManager: Shutting down and abandoning module MagicLeapMediaEditor (538)
[2019.04.10-03.32.51:138][819]LogModuleManager: Shutting down and abandoning module CharacterAI (536)
[2019.04.10-03.32.51:138][819]LogModuleManager: Shutting down and abandoning module SmartSnapping (534)
[2019.04.10-03.32.51:138][819]LogModuleManager: Shutting down and abandoning module SessionServices (532)
[2019.04.10-03.32.51:138][819]LogModuleManager: Shutting down and abandoning module ViewportSnapping (530)
[2019.04.10-03.32.51:138][819]LogModuleManager: Shutting down and abandoning module ViewportInteraction (528)
[2019.04.10-03.32.51:138][819]LogModuleManager: Shutting down and abandoning module ClothPainter (526)
[2019.04.10-03.32.51:138][819]LogModuleManager: Shutting down and abandoning module SkeletalMeshEditor (525)
[2019.04.10-03.32.51:138][819]LogModuleManager: Shutting down and abandoning module LogVisualizer (522)
[2019.04.10-03.32.51:138][819]LogModuleManager: Shutting down and abandoning module IntroTutorials (520)
[2019.04.10-03.32.51:138][819]LogModuleManager: Shutting down and abandoning module GameProjectGeneration (519)
[2019.04.10-03.32.51:138][819]LogModuleManager: Shutting down and abandoning module LuminPlatformEditor (516)
[2019.04.10-03.32.51:138][819]LogModuleManager: Shutting down and abandoning module IOSPlatformEditor (514)
[2019.04.10-03.32.51:138][819]LogModuleManager: Shutting down and abandoning module HTML5PlatformEditor (512)
[2019.04.10-03.32.51:138][819]LogModuleManager: Shutting down and abandoning module AndroidPlatformEditor (510)
[2019.04.10-03.32.51:138][819]LogModuleManager: Shutting down and abandoning module AndroidDeviceDetection (509)
[2019.04.10-03.32.52:063][819]LogModuleManager: Shutting down and abandoning module WindowsPlatformEditor (506)
[2019.04.10-03.32.52:063][819]LogModuleManager: Shutting down and abandoning module LuminRuntimeSettings (504)
[2019.04.10-03.32.52:063][819]LogModuleManager: Shutting down and abandoning module IOSRuntimeSettings (502)
[2019.04.10-03.32.52:063][819]LogModuleManager: Shutting down and abandoning module AndroidRuntimeSettings (500)
[2019.04.10-03.32.52:063][819]LogModuleManager: Shutting down and abandoning module InputBindingEditor (498)
[2019.04.10-03.32.52:063][819]LogModuleManager: Shutting down and abandoning module MergeActors (496)
[2019.04.10-03.32.52:063][819]LogModuleManager: Shutting down and abandoning module LocalizationDashboard (494)
[2019.04.10-03.32.52:063][819]LogModuleManager: Shutting down and abandoning module LocalizationService (493)
[2019.04.10-03.32.52:063][819]LogModuleManager: Shutting down and abandoning module HardwareTargeting (490)
[2019.04.10-03.32.52:063][819]LogModuleManager: Shutting down and abandoning module DeviceProfileEditor (488)
[2019.04.10-03.32.52:063][819]LogModuleManager: Shutting down and abandoning module UndoHistory (486)
[2019.04.10-03.32.52:063][819]LogModuleManager: Shutting down and abandoning module XmlParser (484)
[2019.04.10-03.32.52:063][819]LogModuleManager: Shutting down and abandoning module Blutility (482)
[2019.04.10-03.32.52:063][819]LogModuleManager: Shutting down and abandoning module ProjectSettingsViewer (480)
[2019.04.10-03.32.52:063][819]LogModuleManager: Shutting down and abandoning module ProjectTargetPlatformEditor (479)
[2019.04.10-03.32.52:063][819]LogModuleManager: Shutting down and abandoning module EditorSettingsViewer (476)
[2019.04.10-03.32.52:064][819]LogModuleManager: Shutting down and abandoning module SettingsEditor (474)
[2019.04.10-03.32.52:064][819]LogModuleManager: Shutting down and abandoning module ProjectLauncher (472)
[2019.04.10-03.32.52:064][819]LogModuleManager: Shutting down and abandoning module SessionFrontend (470)
[2019.04.10-03.32.52:064][819]LogModuleManager: Shutting down and abandoning module ProfilerClient (468)
[2019.04.10-03.32.52:064][819]LogModuleManager: Shutting down and abandoning module DeviceManager (466)
[2019.04.10-03.32.52:064][819]LogModuleManager: Shutting down and abandoning module TargetDeviceServices (465)
[2019.04.10-03.32.52:130][819]LogModuleManager: Shutting down and abandoning module AutomationController (462)
[2019.04.10-03.32.52:130][819]LogModuleManager: Shutting down and abandoning module AutomationWindow (460)
[2019.04.10-03.32.52:130][819]LogModuleManager: Shutting down and abandoning module Layers (458)
[2019.04.10-03.32.52:130][819]LogModuleManager: Shutting down and abandoning module ComponentVisualizers (456)
[2019.04.10-03.32.52:130][819]LogModuleManager: Shutting down and abandoning module DetailCustomizations (454)
[2019.04.10-03.32.52:130][819]LogModuleManager: Shutting down and abandoning module PackagesDialog (452)
[2019.04.10-03.32.52:130][819]LogModuleManager: Shutting down and abandoning module Persona (450)
[2019.04.10-03.32.52:130][819]LogModuleManager: Shutting down and abandoning module AdvancedPreviewScene (449)
[2019.04.10-03.32.52:130][819]LogModuleManager: Shutting down and abandoning module AnimGraph (447)
[2019.04.10-03.32.52:130][819]LogModuleManager: Shutting down and abandoning module Kismet (444)
[2019.04.10-03.32.52:130][819]LogModuleManager: Shutting down and abandoning module GraphEditor (442)
[2019.04.10-03.32.52:130][819]LogModuleManager: Shutting down and abandoning module ClassViewer (440)
[2019.04.10-03.32.52:130][819]LogModuleManager: Shutting down and abandoning module Toolbox (438)
[2019.04.10-03.32.52:130][819]LogModuleManager: Shutting down and abandoning module ModuleUI (436)
[2019.04.10-03.32.52:130][819]LogModuleManager: Shutting down and abandoning module MovieSceneTools (434)
[2019.04.10-03.32.52:130][819]LogModuleManager: Shutting down and abandoning module OutputLog (432)
[2019.04.10-03.32.52:130][819]LogModuleManager: Shutting down and abandoning module GammaUI (430)
[2019.04.10-03.32.52:130][819]LogModuleManager: Shutting down and abandoning module Documentation (428)
[2019.04.10-03.32.52:130][819]LogModuleManager: Shutting down and abandoning module MovieSceneTracks (426)
[2019.04.10-03.32.52:130][819]LogModuleManager: Shutting down and abandoning module MovieScene (424)
[2019.04.10-03.32.52:131][819]LogModuleManager: Shutting down and abandoning module StreamingPauseRendering (422)
[2019.04.10-03.32.52:131][819]LogModuleManager: Shutting down and abandoning module LauncherPlatform (420)
[2019.04.10-03.32.52:131][819]LogModuleManager: Shutting down and abandoning module AnalyticsET (418)
[2019.04.10-03.32.52:131][819]LogModuleManager: Shutting down and abandoning module PortalServices (416)
[2019.04.10-03.32.52:131][819]LogModuleManager: Shutting down and abandoning module PortalRpc (414)
[2019.04.10-03.32.52:131][819]LogModuleManager: Shutting down and abandoning module MessagingRpc (412)
[2019.04.10-03.32.52:131][819]LogModuleManager: Shutting down and abandoning module AIModule (410)
[2019.04.10-03.32.52:131][819]LogModuleManager: Shutting down and abandoning module GameplayDebugger (409)
[2019.04.10-03.32.52:131][819]LogModuleManager: Shutting down and abandoning module AITestSuite (407)
[2019.04.10-03.32.52:131][819]LogModuleManager: Shutting down and abandoning module NavigationSystem (405)
[2019.04.10-03.32.52:131][819]LogModuleManager: Shutting down and abandoning module DesktopPlatform (402)
[2019.04.10-03.32.52:131][819]LogModuleManager: Shutting down and abandoning module ProfilerService (400)
[2019.04.10-03.32.52:219][819]LogModuleManager: Shutting down and abandoning module TaskGraph (398)
[2019.04.10-03.32.52:219][819]LogModuleManager: Shutting down and abandoning module SteamVRController (396)
[2019.04.10-03.32.52:219][819]LogModuleManager: Shutting down and abandoning module ProceduralMeshComponentEditor (394)
[2019.04.10-03.32.52:219][819]LogModuleManager: Shutting down and abandoning module ProceduralMeshComponent (392)
[2019.04.10-03.32.52:219][819]LogModuleManager: Shutting down and abandoning module OculusInput (390)
[2019.04.10-03.32.52:219][819]LogModuleManager: Shutting down and abandoning module MobilePatchingUtils (388)
[2019.04.10-03.32.52:219][819]LogModuleManager: Shutting down and abandoning module EditableMesh (386)
[2019.04.10-03.32.52:219][819]LogModuleManager: Shutting down and abandoning module CustomMeshComponent (384)
[2019.04.10-03.32.52:219][819]LogModuleManager: Shutting down and abandoning module CableComponent (382)
[2019.04.10-03.32.52:219][819]LogModuleManager: Shutting down and abandoning module AudioCapture (380)
[2019.04.10-03.32.52:219][819]LogModuleManager: Shutting down and abandoning module ArchVisCharacter (378)
[2019.04.10-03.32.52:219][819]LogModuleManager: Shutting down and abandoning module AndroidPermission (376)
[2019.04.10-03.32.52:219][819]LogModuleManager: Shutting down and abandoning module NUTUnrealEngine4 (374)
[2019.04.10-03.32.52:219][819]LogModuleManager: Shutting down and abandoning module NetcodeUnitTest (372)
[2019.04.10-03.32.52:220][819]LogModuleManager: Shutting down and abandoning module MediaCompositingEditor (370)
[2019.04.10-03.32.52:220][819]LogModuleManager: Shutting down and abandoning module MediaCompositing (368)
[2019.04.10-03.32.52:220][819]LogModuleManager: Shutting down and abandoning module LinearTimecode (366)
[2019.04.10-03.32.52:220][819]LogModuleManager: Shutting down and abandoning module ImgMedia (364)
[2019.04.10-03.32.52:222][819]LogModuleManager: Shutting down and abandoning module HTML5Networking (362)
[2019.04.10-03.32.52:222][819]LogModuleManager: Shutting down and abandoning module GeometryCacheTracks (360)
[2019.04.10-03.32.52:222][819]LogModuleManager: Shutting down and abandoning module GeometryCacheSequencer (358)
[2019.04.10-03.32.52:222][819]LogModuleManager: Shutting down and abandoning module BackChannel (356)
[2019.04.10-03.32.52:222][819]LogModuleManager: Shutting down and abandoning module AppleVision (354)
[2019.04.10-03.32.52:222][819]LogModuleManager: Shutting down and abandoning module AppleImageUtils (352)
[2019.04.10-03.32.52:222][819]LogModuleManager: Shutting down and abandoning module AlembicImporter (350)
[2019.04.10-03.32.52:222][819]LogModuleManager: Shutting down and abandoning module AlembicLibrary (349)
[2019.04.10-03.32.52:222][819]LogModuleManager: Shutting down and abandoning module GeometryCache (348)
[2019.04.10-03.32.52:222][819]LogModuleManager: Shutting down and abandoning module GeometryCacheEd (347)
[2019.04.10-03.32.52:222][819]LogModuleManager: Shutting down and abandoning module DatasmithContentEditor (342)
[2019.04.10-03.32.52:223][819]LogModuleManager: Shutting down and abandoning module DatasmithContent (340)
[2019.04.10-03.32.52:223][819]LogModuleManager: Shutting down and abandoning module SpeedTreeImporter (338)
[2019.04.10-03.32.52:223][819]LogModuleManager: Shutting down and abandoning module PluginBrowser (336)
[2019.04.10-03.32.52:223][819]LogModuleManager: Shutting down and abandoning module MobileLauncherProfileWizard (334)
[2019.04.10-03.32.52:223][819]LogModuleManager: Shutting down and abandoning module PolygonModeling (332)
[2019.04.10-03.32.52:223][819]LogModuleManager: Shutting down and abandoning module MeshEditor (330)
[2019.04.10-03.32.52:223][819]LogModuleManager: Shutting down and abandoning module CryptoKeysOpenSSL (328)
[2019.04.10-03.32.52:223][819]LogModuleManager: Shutting down and abandoning module CryptoKeys (326)
[2019.04.10-03.32.52:223][819]LogModuleManager: Shutting down and abandoning module VisualStudioSourceCodeAccess (324)
[2019.04.10-03.32.52:223][819]LogModuleManager: Shutting down and abandoning module VisualStudioCodeSourceCodeAccess (322)
[2019.04.10-03.32.52:223][819]LogModuleManager: Shutting down and abandoning module UObjectPlugin (320)
[2019.04.10-03.32.52:223][819]LogModuleManager: Shutting down and abandoning module SubversionSourceControl (318)
[2019.04.10-03.32.52:224][819]LogModuleManager: Shutting down and abandoning module PerforceSourceControl (316)
[2019.04.10-03.32.52:224][819]LogModuleManager: Shutting down and abandoning module GitSourceControl (314)
[2019.04.10-03.32.52:224][819]LogModuleManager: Shutting down and abandoning module SourceControl (313)
[2019.04.10-03.32.52:224][819]LogModuleManager: Shutting down and abandoning module CLionSourceCodeAccess (310)
[2019.04.10-03.32.52:224][819]LogModuleManager: Shutting down and abandoning module LightPropagationVolumeEditor (308)
[2019.04.10-03.32.52:224][819]LogModuleManager: Shutting down and abandoning module PaperTiledImporter (306)
[2019.04.10-03.32.52:224][819]LogModuleManager: Shutting down and abandoning module PaperSpriteSheetImporter (304)
[2019.04.10-03.32.52:224][819]LogModuleManager: Shutting down and abandoning module Paper2DEditor (302)
[2019.04.10-03.32.52:224][819]LogModuleManager: Shutting down and abandoning module MeshPaint (301)
[2019.04.10-03.32.52:224][819]LogModuleManager: Shutting down and abandoning module RuntimePhysXCooking (298)
[2019.04.10-03.32.52:224][819]LogModuleManager: Shutting down and abandoning module PhysXVehiclesEditor (296)
[2019.04.10-03.32.52:224][819]LogModuleManager: Shutting down and abandoning module PhysXVehicles (294)
[2019.04.10-03.32.52:224][819]LogModuleManager: Shutting down and abandoning module OculusEditor (292)
[2019.04.10-03.32.52:224][819]LogModuleManager: Shutting down and abandoning module LocationServicesBPLibrary (290)
[2019.04.10-03.32.52:224][819]LogModuleManager: Shutting down and abandoning module ImmediatePhysicsEditor (288)
[2019.04.10-03.32.52:224][819]LogModuleManager: Shutting down and abandoning module ImmediatePhysics (286)
[2019.04.10-03.32.52:224][819]LogModuleManager: Shutting down and abandoning module ActorSequence (284)
[2019.04.10-03.32.52:224][819]LogModuleManager: Shutting down and abandoning module UdpMessaging (282)
[2019.04.10-03.32.52:325][819]LogModuleManager: Shutting down and abandoning module TcpMessaging (280)
[2019.04.10-03.32.52:425][819]LogModuleManager: Shutting down and abandoning module MagicLeapAudio (278)
[2019.04.10-03.32.52:425][819]LogModuleManager: Shutting down and abandoning module GameplayTagsEditor (276)
[2019.04.10-03.32.52:425][819]LogModuleManager: Shutting down and abandoning module FacialAnimationEditor (274)
[2019.04.10-03.32.52:425][819]LogModuleManager: Shutting down and abandoning module FacialAnimation (272)
[2019.04.10-03.32.52:425][819]LogModuleManager: Shutting down and abandoning module DataValidation (270)
[2019.04.10-03.32.52:425][819]LogModuleManager: Shutting down and abandoning module AssetManagerEditor (268)
[2019.04.10-03.32.52:425][819]LogModuleManager: Shutting down and abandoning module LevelEditor (267)
[2019.04.10-03.32.52:425][819]LogModuleManager: Shutting down and abandoning module PixelInspectorModule (266)
[2019.04.10-03.32.52:425][819]LogModuleManager: Shutting down and abandoning module CommonMenuExtensions (264)
[2019.04.10-03.32.52:426][819]LogModuleManager: Shutting down and abandoning module MainFrame (262)
[2019.04.10-03.32.52:426][819]LogModuleManager: Shutting down and abandoning module HotReload (261)
[2019.04.10-03.32.52:427][819]LogModuleManager: Shutting down and abandoning module ContentBrowser (257)
[2019.04.10-03.32.52:428][819]LogModuleManager: Shutting down and abandoning module TreeMap (255)
[2019.04.10-03.32.52:428][819]LogModuleManager: Shutting down and abandoning module LightPropagationVolumeRuntime (252)
[2019.04.10-03.32.52:428][819]LogModuleManager: Shutting down and abandoning module AISupportModule (250)
[2019.04.10-03.32.52:428][819]LogModuleManager: Shutting down and abandoning module Paper2D (248)
[2019.04.10-03.32.52:428][819]LogModuleManager: Shutting down and abandoning module WindowsMoviePlayer (246)
[2019.04.10-03.32.52:428][819]LogModuleManager: Shutting down and abandoning module WmfMedia (244)
[2019.04.10-03.32.52:429][819]LogModuleManager: Shutting down and abandoning module Media (243)
[2019.04.10-03.32.52:436][819]LogModuleManager: Shutting down and abandoning module PacketHandler (240)
[2019.04.10-03.32.52:436][819]LogModuleManager: Shutting down and abandoning module ClothingSystemEditor (238)
[2019.04.10-03.32.52:436][819]LogModuleManager: Shutting down and abandoning module ClothingSystemRuntime (236)
[2019.04.10-03.32.52:436][819]LogModuleManager: Shutting down and abandoning module MediaAssets (234)
[2019.04.10-03.32.52:436][819]LogModuleManager: Shutting down and abandoning module Overlay (232)
[2019.04.10-03.32.52:436][819]LogModuleManager: Shutting down and abandoning module OverlayEditor (231)
[2019.04.10-03.32.52:436][819]LogModuleManager: Shutting down and abandoning module VREditor (228)
[2019.04.10-03.32.52:436][819]LogModuleManager: Shutting down and abandoning module StringTableEditor (226)
[2019.04.10-03.32.52:436][819]LogModuleManager: Shutting down and abandoning module GameplayTasksEditor (224)
[2019.04.10-03.32.52:436][819]LogModuleManager: Shutting down and abandoning module BehaviorTreeEditor (222)
[2019.04.10-03.32.52:436][819]LogModuleManager: Shutting down and abandoning module FunctionalTesting (220)
[2019.04.10-03.32.52:436][819]LogModuleManager: Shutting down and abandoning module CollisionAnalyzer (218)
[2019.04.10-03.32.52:436][819]LogModuleManager: Shutting down and abandoning module WorkspaceMenuStructure (217)
[2019.04.10-03.32.52:436][819]LogModuleManager: Shutting down and abandoning module UMG (214)
[2019.04.10-03.32.52:436][819]LogModuleManager: Shutting down and abandoning module UMGEditor (213)
[2019.04.10-03.32.52:436][819]LogModuleManager: Shutting down and abandoning module Sequencer (212)
[2019.04.10-03.32.52:436][819]LogModuleManager: Shutting down and abandoning module MessageLog (209)
[2019.04.10-03.32.52:436][819]LogModuleManager: Shutting down and abandoning module SlateReflector (204)
[2019.04.10-03.32.52:437][819]LogModuleManager: Shutting down and abandoning module Slate (202)
[2019.04.10-03.32.52:437][819]LogModuleManager: Shutting down and abandoning module EditorStyle (200)
[2019.04.10-03.32.52:438][819]LogModuleManager: Shutting down and abandoning module MRMesh (198)
[2019.04.10-03.32.52:438][819]LogModuleManager: Shutting down and abandoning module SourceCodeAccess (196)
[2019.04.10-03.32.52:438][819]LogModuleManager: Shutting down and abandoning module HeadMountedDisplay (194)
[2019.04.10-03.32.52:438][819]LogModuleManager: Shutting down and abandoning module XAudio2 (192)
[2019.04.10-03.32.52:438][819]LogModuleManager: Shutting down and abandoning module Networking (190)
[2019.04.10-03.32.52:438][819]LogModuleManager: Shutting down and abandoning module Core (188)
[2019.04.10-03.32.52:438][819]LogModuleManager: Shutting down and abandoning module LevelSequence (186)
[2019.04.10-03.32.52:438][819]LogModuleManager: Shutting down and abandoning module KismetCompiler (184)
[2019.04.10-03.32.52:438][819]LogModuleManager: Shutting down and abandoning module MeshUtilities (182)
[2019.04.10-03.32.52:438][819]LogModuleManager: Shutting down and abandoning module MeshMergeUtilities (181)
[2019.04.10-03.32.52:438][819]LogModuleManager: Shutting down and abandoning module MeshReductionInterface (180)
[2019.04.10-03.32.52:438][819]LogModuleManager: Shutting down and abandoning module SimplygonSwarm (179)
[2019.04.10-03.32.52:438][819]LogModuleManager: Shutting down and abandoning module ProxyLODMeshReduction (177)
[2019.04.10-03.32.52:438][819]LogModuleManager: Shutting down and abandoning module SimplygonMeshReduction (175)
[2019.04.10-03.32.52:438][819]LogModuleManager: Shutting down and abandoning module QuadricMeshReduction (173)
[2019.04.10-03.32.52:438][819]LogModuleManager: Shutting down and abandoning module MaterialBaking (169)
[2019.04.10-03.32.52:438][819]LogModuleManager: Shutting down and abandoning module DirectoryWatcher (165)
[2019.04.10-03.32.52:438][819]LogModuleManager: Shutting down and abandoning module DerivedDataCache (162)
[2019.04.10-03.32.52:624][819]LogDerivedDataCache: Shutdown
[2019.04.10-03.32.52:624][819]LogModuleManager: Shutting down and abandoning module XGEController (160)
[2019.04.10-03.32.52:624][819]LogXGEController: Cleaning working directory: C:/Users/petin/AppData/Local/Temp/UnrealXGEWorkingDir/
[2019.04.10-03.32.52:628][819]LogModuleManager: Shutting down and abandoning module TargetPlatform (158)
[2019.04.10-03.32.52:628][819]LogModuleManager: Shutting down and abandoning module VulkanShaderFormat (157)
[2019.04.10-03.32.52:628][819]LogModuleManager: Shutting down and abandoning module ShaderFormatVectorVM (155)
[2019.04.10-03.32.52:629][819]LogModuleManager: Shutting down and abandoning module ShaderFormatOpenGL (153)
[2019.04.10-03.32.52:629][819]LogModuleManager: Shutting down and abandoning module ShaderFormatD3D (151)
[2019.04.10-03.32.52:629][819]LogModuleManager: Shutting down and abandoning module MetalShaderFormat (149)
[2019.04.10-03.32.52:629][819]LogModuleManager: Shutting down and abandoning module TextureFormatUncompressed (147)
[2019.04.10-03.32.52:629][819]LogModuleManager: Shutting down and abandoning module TextureFormatPVR (145)
[2019.04.10-03.32.52:629][819]LogModuleManager: Shutting down and abandoning module TextureFormatDXT (143)
[2019.04.10-03.32.52:629][819]LogModuleManager: Shutting down and abandoning module TextureFormatIntelISPCTexComp (141)
[2019.04.10-03.32.52:629][819]LogModuleManager: Shutting down and abandoning module TextureFormatASTC (139)
[2019.04.10-03.32.52:630][819]LogModuleManager: Shutting down and abandoning module ImageWrapper (138)
[2019.04.10-03.32.52:630][819]LogModuleManager: Shutting down and abandoning module TextureFormatAndroid (135)
[2019.04.10-03.32.52:630][819]LogModuleManager: Shutting down and abandoning module AudioFormatOpus (133)
[2019.04.10-03.32.52:630][819]LogModuleManager: Shutting down and abandoning module AudioFormatOgg (131)
[2019.04.10-03.32.52:630][819]LogModuleManager: Shutting down and abandoning module AudioFormatADPCM (129)
[2019.04.10-03.32.52:630][819]LogModuleManager: Shutting down and abandoning module LuminTargetPlatform (127)
[2019.04.10-03.32.52:630][819]LogModuleManager: Shutting down and abandoning module LinuxTargetPlatform (125)
[2019.04.10-03.32.52:630][819]LogModuleManager: Shutting down and abandoning module LinuxServerTargetPlatform (123)
[2019.04.10-03.32.52:630][819]LogModuleManager: Shutting down and abandoning module LinuxNoEditorTargetPlatform (121)
[2019.04.10-03.32.52:631][819]LogModuleManager: Shutting down and abandoning module LinuxClientTargetPlatform (119)
[2019.04.10-03.32.52:631][819]LogModuleManager: Shutting down and abandoning module TVOSTargetPlatform (117)
[2019.04.10-03.32.52:633][819]LogModuleManager: Shutting down and abandoning module Messaging (115)
[2019.04.10-03.32.52:633][819]LogModuleManager: Shutting down and abandoning module IOSTargetPlatform (113)
[2019.04.10-03.32.52:635][819]LogModuleManager: Shutting down and abandoning module HTML5TargetPlatform (111)
[2019.04.10-03.32.52:635][819]LogModuleManager: Shutting down and abandoning module AndroidTargetPlatform (109)
[2019.04.10-03.32.52:656][819]LogModuleManager: Shutting down and abandoning module WindowsTargetPlatform (107)
[2019.04.10-03.32.52:656][819]LogModuleManager: Shutting down and abandoning module WindowsServerTargetPlatform (105)
[2019.04.10-03.32.52:656][819]LogModuleManager: Shutting down and abandoning module WindowsNoEditorTargetPlatform (103)
[2019.04.10-03.32.52:656][819]LogModuleManager: Shutting down and abandoning module WindowsClientTargetPlatform (101)
[2019.04.10-03.32.52:656][819]LogModuleManager: Shutting down and abandoning module MacTargetPlatform (99)
[2019.04.10-03.32.52:656][819]LogModuleManager: Shutting down and abandoning module MacServerTargetPlatform (97)
[2019.04.10-03.32.52:656][819]LogModuleManager: Shutting down and abandoning module MacNoEditorTargetPlatform (95)
[2019.04.10-03.32.52:656][819]LogModuleManager: Shutting down and abandoning module MacClientTargetPlatform (93)
[2019.04.10-03.32.52:656][819]LogModuleManager: Shutting down and abandoning module AllDesktopTargetPlatform (91)
[2019.04.10-03.32.52:656][819]LogModuleManager: Shutting down and abandoning module InputCore (88)
[2019.04.10-03.32.52:656][819]LogModuleManager: Shutting down and abandoning module Settings (86)
[2019.04.10-03.32.52:657][819]LogModuleManager: Shutting down and abandoning module PhysXCooking (84)
[2019.04.10-03.32.52:657][819]LogModuleManager: Shutting down and abandoning module SteamVR (82)
[2019.04.10-03.32.52:657][819]LogModuleManager: Shutting down and abandoning module OculusHMD (80)
[2019.04.10-03.32.52:657][819]LogModuleManager: Shutting down and abandoning module ExampleDeviceProfileSelector (78)
[2019.04.10-03.32.52:657][819]LogModuleManager: Shutting down and abandoning module LauncherChunkInstaller (76)
[2019.04.10-03.32.52:657][819]LogModuleManager: Shutting down and abandoning module OnlineBlueprintSupport (74)
[2019.04.10-03.32.52:657][819]LogModuleManager: Shutting down and abandoning module OnlineSubsystem (70)
[2019.04.10-03.32.52:659][819]LogModuleManager: Shutting down and abandoning module XMPP (65)
[2019.04.10-03.32.52:659][819]LogModuleManager: Shutting down and abandoning module WebSockets (64)
[2019.04.10-03.32.52:694][819]LogModuleManager: Shutting down and abandoning module HTTP (61)
[2019.04.10-03.32.52:694][819]LogHttp: Display: Http module shutting down, but needs to wait on 1 outstanding Http requests:
[2019.04.10-03.32.52:694][819]LogHttp: Display: 	verb=[POST] url=[https://datarouter.ol.epicgames.com/datarouter/api/v1/public/data?SessionID=%7B70D4D6EE-4447-25F7-78C1-4EA830C4FBC0%7D&AppID=UEEditor.Rocket.Release&AppVersion=4.20.1-4233996%2B%2B%2BUE4%2BRelease-4.20&UserID=1a5182fc4ec3d6095e12aba4e85eab08%7C%7Ccc1dff13-541f-4052-b5a5-93f95ea44460&AppEnvironment=datacollector-binary&UploadType=eteventstream] status=Processing
[2019.04.10-03.32.52:725][819]LogModuleManager: Shutting down and abandoning module SSL (60)
[2019.04.10-03.32.52:726][819]LogModuleManager: Shutting down and abandoning module MagicLeapEmulator (56)
[2019.04.10-03.32.52:726][819]LogModuleManager: Shutting down and abandoning module MagicLeapPrivileges (54)
[2019.04.10-03.32.52:726][819]LogModuleManager: Shutting down and abandoning module MagicLeapIdentity (52)
[2019.04.10-03.32.52:726][819]LogModuleManager: Shutting down and abandoning module MagicLeapHelperVulkan (50)
[2019.04.10-03.32.52:726][819]LogModuleManager: Shutting down and abandoning module MagicLeapHelperOpenGL (48)
[2019.04.10-03.32.52:726][819]LogModuleManager: Shutting down and abandoning module MagicLeapSecureStorage (46)
[2019.04.10-03.32.52:726][819]LogModuleManager: Shutting down and abandoning module MagicLeapGestures (44)
[2019.04.10-03.32.52:726][819]LogModuleManager: Shutting down and abandoning module MagicLeapEyeTracker (42)
[2019.04.10-03.32.52:726][819]LogModuleManager: Shutting down and abandoning module MagicLeapController (40)
[2019.04.10-03.32.52:727][819]LogSlate: Slate User Destroyed.  User Index 0, Is Virtual User: 0
[2019.04.10-03.32.52:727][819]LogModuleManager: Shutting down and abandoning module MagicLeap (38)
[2019.04.10-03.32.52:727][819]LogModuleManager: Shutting down and abandoning module AnimationModifiers (36)
[2019.04.10-03.32.52:727][819]LogModuleManager: Shutting down and abandoning module PropertyEditor (35)
[2019.04.10-03.32.52:727][819]LogModuleManager: Shutting down and abandoning module AudioEditor (32)
[2019.04.10-03.32.52:727][819]LogModuleManager: Shutting down and abandoning module TextureCompressor (30)
[2019.04.10-03.32.52:727][819]LogModuleManager: Shutting down and abandoning module ShaderCore (28)
[2019.04.10-03.32.52:727][819]LogModuleManager: Shutting down and abandoning module Landscape (26)
[2019.04.10-03.32.52:727][819]LogModuleManager: Shutting down and abandoning module SlateRHIRenderer (24)
[2019.04.10-03.32.52:728][819]LogModuleManager: Shutting down and abandoning module OpenGLDrv (22)
[2019.04.10-03.32.52:728][819]LogModuleManager: Shutting down and abandoning module D3D11RHI (20)
[2019.04.10-03.32.52:728][819]LogModuleManager: Shutting down and abandoning module AnimGraphRuntime (18)
[2019.04.10-03.32.52:728][819]LogModuleManager: Shutting down and abandoning module Renderer (16)
[2019.04.10-03.32.52:728][819]LogModuleManager: Shutting down and abandoning module Engine (14)
[2019.04.10-03.32.52:728][819]LogModuleManager: Shutting down and abandoning module CoreUObject (12)
[2019.04.10-03.32.52:728][819]LogModuleManager: Shutting down and abandoning module NetworkFile (10)
[2019.04.10-03.32.52:728][819]LogModuleManager: Shutting down and abandoning module CookedIterativeFile (8)
[2019.04.10-03.32.52:728][819]LogModuleManager: Shutting down and abandoning module StreamingFile (6)
[2019.04.10-03.32.52:728][819]LogModuleManager: Shutting down and abandoning module SandboxFile (4)
[2019.04.10-03.32.52:728][819]LogModuleManager: Shutting down and abandoning module PakFile (2)
[2019.04.10-03.32.52:738][819]LogExit: Exiting.
[2019.04.10-03.32.52:745][819]Log file closed, 04/09/19 23:32:52
